[ 2016-07-05T14:41:09+08:00 ] 127.0.0.1 /onethink/index.php?s=/Home/Index/index.html
SQL: SHOW COLUMNS FROM `wx_category` [ RunTime:0.046875s ]
SQL: SELECT `id`,`name`,`title`,`pid`,`sort`,`list_row`,`meta_title`,`keywords`,`description`,`template_index`,`template_lists`,`template_detail`,`template_edit`,`model`,`type`,`link_id`,`allow_publish`,`display`,`reply`,`check`,`reply_model`,`extend`,`create_time`,`update_time`,`status`,`icon` FROM `wx_category` WHERE ( `status` = 1 ) ORDER BY sort  [ RunTime:0.000000s ]
SQL: SHOW COLUMNS FROM `wx_document` [ RunTime:0.015625s ]
SQL: SELECT `id`,`uid`,`name`,`title`,`category_id`,`description`,`root`,`pid`,`model_id`,`type`,`position`,`link_id`,`cover_id`,`display`,`deadline`,`attach`,`view`,`comment`,`extend`,`level`,`create_time`,`update_time`,`status` FROM `wx_document` WHERE ( `status` = 1 ) AND ( `pid` = 0 ) AND ( `create_time` < 1467700869 ) AND ( deadline = 0 OR deadline > 1467700869 ) ORDER BY `id` DESC  [ RunTime:0.015625s ]
INFO: [ view_parse ] --START--
INFO: [ template_filter ] --START--
INFO: Run Behavior\ContentReplace [ RunTime:0.000000s ]
INFO: [ template_filter ] --END-- [ RunTime:0.000000s ]
SQL: SHOW COLUMNS FROM `wx_channel` [ RunTime:0.015625s ]
SQL: SELECT `id`,`pid`,`title`,`url`,`sort`,`create_time`,`update_time`,`status`,`target` FROM `wx_channel` WHERE ( status=1 ) ORDER BY sort  [ RunTime:0.015625s ]
SQL: SELECT `id`,`name`,`title`,`pid`,`sort`,`list_row`,`meta_title`,`keywords`,`description`,`template_index`,`template_lists`,`template_detail`,`template_edit`,`model`,`type`,`link_id`,`allow_publish`,`display`,`reply`,`check`,`reply_model`,`extend`,`create_time`,`update_time`,`status`,`icon` FROM `wx_category` WHERE ( `id` = 1 ) LIMIT 1   [ RunTime:0.000000s ]
SQL: SELECT `id`,`name`,`pid`,`title`,`link_id` FROM `wx_category` WHERE ( `status` = 1 ) ORDER BY sort  [ RunTime:0.000000s ]
INFO: [ view_parse ] --START--
INFO: [ template_filter ] --START--
INFO: Run Behavior\ContentReplace [ RunTime:0.000000s ]
INFO: [ template_filter ] --END-- [ RunTime:-0.078125s ]
INFO: Run Behavior\ParseTemplate [ RunTime:0.015625s ]
INFO: [ view_parse ] --END-- [ RunTime:0.015625s ]
INFO: [ view_filter ] --START--
INFO: Run Behavior\WriteHtmlCache [ RunTime:0.015625s ]
INFO: [ view_filter ] --END-- [ RunTime:0.015625s ]
SQL: SELECT `id`,`name`,`title`,`pid`,`sort`,`list_row`,`meta_title`,`keywords`,`description`,`template_index`,`template_lists`,`template_detail`,`template_edit`,`model`,`type`,`link_id`,`allow_publish`,`display`,`reply`,`check`,`reply_model`,`extend`,`create_time`,`update_time`,`status`,`icon` FROM `wx_category` WHERE ( `id` = 1 ) LIMIT 1   [ RunTime:0.000000s ]
SQL: SELECT `id`,`name`,`pid`,`title`,`link_id` FROM `wx_category` WHERE ( `status` = 1 ) ORDER BY sort  [ RunTime:0.015625s ]
SQL: SELECT `id`,`uid`,`name`,`title`,`category_id`,`description`,`root`,`pid`,`model_id`,`type`,`position`,`link_id`,`cover_id`,`display`,`deadline`,`attach`,`view`,`comment`,`extend`,`level`,`create_time`,`update_time`,`status` FROM `wx_document` WHERE ( `status` = 1 ) AND ( `pid` = 0 ) AND ( `category_id` = 2 ) AND ( `create_time` < 1467700869 ) AND ( deadline = 0 OR deadline > 1467700869 ) ORDER BY `level` DESC,`id` DESC LIMIT 0,10   [ RunTime:0.000000s ]
INFO: Run Behavior\ParseTemplate [ RunTime:0.078125s ]
INFO: [ view_parse ] --END-- [ RunTime:0.015625s ]
INFO: [ view_filter ] --START--
INFO: Run Behavior\WriteHtmlCache [ RunTime:0.000000s ]
INFO: [ view_filter ] --END-- [ RunTime:-0.046875s ]
INFO: [ app_end ] --START--
INFO: Run Behavior\ShowPageTrace [ RunTime:0.000000s ]
INFO: [ app_end ] --END-- [ RunTime:0.000000s ]

[ 2016-07-05T14:41:43+08:00 ] 127.0.0.1 /onethink/index.php?s=/Home/Index/index.html
SQL: SHOW COLUMNS FROM `wx_category` [ RunTime:0.000000s ]
SQL: SELECT `id`,`name`,`title`,`pid`,`sort`,`list_row`,`meta_title`,`keywords`,`description`,`template_index`,`template_lists`,`template_detail`,`template_edit`,`model`,`type`,`link_id`,`allow_publish`,`display`,`reply`,`check`,`reply_model`,`extend`,`create_time`,`update_time`,`status`,`icon` FROM `wx_category` WHERE ( `status` = 1 ) ORDER BY sort  [ RunTime:0.000000s ]
SQL: SHOW COLUMNS FROM `wx_document` [ RunTime:0.000000s ]
SQL: SELECT `id`,`uid`,`name`,`title`,`category_id`,`description`,`root`,`pid`,`model_id`,`type`,`position`,`link_id`,`cover_id`,`display`,`deadline`,`attach`,`view`,`comment`,`extend`,`level`,`create_time`,`update_time`,`status` FROM `wx_document` WHERE ( `status` = 1 ) AND ( `pid` = 0 ) AND ( `create_time` < 1467700903 ) AND ( deadline = 0 OR deadline > 1467700903 ) ORDER BY `id` DESC  [ RunTime:0.000000s ]
INFO: [ view_parse ] --START--
INFO: [ template_filter ] --START--
INFO: Run Behavior\ContentReplace [ RunTime:0.000000s ]
INFO: [ template_filter ] --END-- [ RunTime:0.015625s ]
SQL: SHOW COLUMNS FROM `wx_channel` [ RunTime:0.015625s ]
SQL: SELECT `id`,`pid`,`title`,`url`,`sort`,`create_time`,`update_time`,`status`,`target` FROM `wx_channel` WHERE ( status=1 ) ORDER BY sort  [ RunTime:0.000000s ]
SQL: SELECT `id`,`name`,`title`,`pid`,`sort`,`list_row`,`meta_title`,`keywords`,`description`,`template_index`,`template_lists`,`template_detail`,`template_edit`,`model`,`type`,`link_id`,`allow_publish`,`display`,`reply`,`check`,`reply_model`,`extend`,`create_time`,`update_time`,`status`,`icon` FROM `wx_category` WHERE ( `id` = 1 ) LIMIT 1   [ RunTime:0.000000s ]
SQL: SELECT `id`,`name`,`pid`,`title`,`link_id` FROM `wx_category` WHERE ( `status` = 1 ) ORDER BY sort  [ RunTime:0.000000s ]
INFO: [ view_parse ] --START--
INFO: [ template_filter ] --START--
INFO: Run Behavior\ContentReplace [ RunTime:0.000000s ]
INFO: [ template_filter ] --END-- [ RunTime:-0.031250s ]
INFO: Run Behavior\ParseTemplate [ RunTime:0.015625s ]
INFO: [ view_parse ] --END-- [ RunTime:0.015625s ]
INFO: [ view_filter ] --START--
INFO: Run Behavior\WriteHtmlCache [ RunTime:0.000000s ]
INFO: [ view_filter ] --END-- [ RunTime:0.000000s ]
SQL: SELECT `id`,`name`,`title`,`pid`,`sort`,`list_row`,`meta_title`,`keywords`,`description`,`template_index`,`template_lists`,`template_detail`,`template_edit`,`model`,`type`,`link_id`,`allow_publish`,`display`,`reply`,`check`,`reply_model`,`extend`,`create_time`,`update_time`,`status`,`icon` FROM `wx_category` WHERE ( `id` = 1 ) LIMIT 1   [ RunTime:0.015625s ]
SQL: SELECT `id`,`name`,`pid`,`title`,`link_id` FROM `wx_category` WHERE ( `status` = 1 ) ORDER BY sort  [ RunTime:0.000000s ]
SQL: SELECT `id`,`uid`,`name`,`title`,`category_id`,`description`,`root`,`pid`,`model_id`,`type`,`position`,`link_id`,`cover_id`,`display`,`deadline`,`attach`,`view`,`comment`,`extend`,`level`,`create_time`,`update_time`,`status` FROM `wx_document` WHERE ( `status` = 1 ) AND ( `pid` = 0 ) AND ( `category_id` = 2 ) AND ( `create_time` < 1467700903 ) AND ( deadline = 0 OR deadline > 1467700903 ) ORDER BY `level` DESC,`id` DESC LIMIT 0,10   [ RunTime:0.000000s ]
INFO: Run Behavior\ParseTemplate [ RunTime:0.031250s ]
INFO: [ view_parse ] --END-- [ RunTime:0.015625s ]
INFO: [ view_filter ] --START--
INFO: Run Behavior\WriteHtmlCache [ RunTime:0.000000s ]
INFO: [ view_filter ] --END-- [ RunTime:-0.015625s ]
INFO: [ app_end ] --START--
INFO: Run Behavior\ShowPageTrace [ RunTime:0.000000s ]
INFO: [ app_end ] --END-- [ RunTime:0.000000s ]

[ 2016-07-05T14:42:00+08:00 ] 127.0.0.1 /onethink/index.php?s=/Home/Index/test
INFO: [ app_end ] --START--
INFO: Run Behavior\ShowPageTrace [ RunTime:0.000000s ]
INFO: [ app_end ] --END-- [ RunTime:0.000000s ]

[ 2016-07-05T14:45:09+08:00 ] 127.0.0.1 /onethink/index.php?s=/Home/Index/test
INFO: [ app_end ] --START--
INFO: Run Behavior\ShowPageTrace [ RunTime:0.000000s ]
INFO: [ app_end ] --END-- [ RunTime:0.000000s ]

[ 2016-07-05T14:49:26+08:00 ] 127.0.0.1 /onethink/index.php?s=/Home/Index/test
INFO: [ app_end ] --START--
INFO: Run Behavior\ShowPageTrace [ RunTime:0.000000s ]
INFO: [ app_end ] --END-- [ RunTime:0.000000s ]

[ 2016-07-05T14:49:59+08:00 ] 127.0.0.1 /onethink/index.php?s=/Home/Sales/getGooodsCountToBeDelivered.html
SQL: SHOW COLUMNS FROM `tea_order` [ RunTime:0.000000s ]
SQL: select count(*) from tea_order where status=1 [ RunTime:0.000000s ]
NOTIC: [8] Array to string conversion E:\Vista\projects\onethink\Application\Home\Controller\SalesController.class.php 第 29 行.
INFO: [ app_end ] --START--
INFO: Run Behavior\ShowPageTrace [ RunTime:0.000000s ]
INFO: [ app_end ] --END-- [ RunTime:0.000000s ]

[ 2016-07-05T14:50:14+08:00 ] 127.0.0.1 /onethink/index.php?s=/Home/Sales/getGooodsCountToBeDelivered.html
SQL: SHOW COLUMNS FROM `tea_order` [ RunTime:0.015625s ]
SQL: select count(*) from tea_order where status=1 [ RunTime:0.000000s ]
INFO: [ app_end ] --START--
INFO: Run Behavior\ShowPageTrace [ RunTime:0.000000s ]
INFO: [ app_end ] --END-- [ RunTime:0.000000s ]

[ 2016-07-05T14:50:28+08:00 ] 127.0.0.1 /onethink/index.php?s=/Home/Sales/getGooodsCountToBeDelivered.html
SQL: SHOW COLUMNS FROM `tea_order` [ RunTime:0.000000s ]
SQL: select count(*) from tea_order where status=0 [ RunTime:0.000000s ]
INFO: [ app_end ] --START--
INFO: Run Behavior\ShowPageTrace [ RunTime:0.000000s ]
INFO: [ app_end ] --END-- [ RunTime:0.015625s ]

[ 2016-07-05T14:51:59+08:00 ] 127.0.0.1 /onethink/index.php?s=/Home/Sales/getGooodsCountToBeDelivered.html
SQL: SHOW COLUMNS FROM `tea_order` [ RunTime:0.000000s ]
SQL: SELECT COUNT(*) AS tp_count FROM `tea_order` WHERE ( status=1 ) LIMIT 1   [ RunTime:0.000000s ]

[ 2016-07-05T14:52:09+08:00 ] 127.0.0.1 /onethink/index.php?s=/Home/Sales/getGooodsCountToBeDelivered.html
SQL: SHOW COLUMNS FROM `tea_order` [ RunTime:0.000000s ]
SQL: SELECT COUNT(*) AS tp_count FROM `tea_order` WHERE ( status=1 ) LIMIT 1   [ RunTime:0.000000s ]
INFO: [ app_end ] --START--
INFO: Run Behavior\ShowPageTrace [ RunTime:0.000000s ]
INFO: [ app_end ] --END-- [ RunTime:0.000000s ]

[ 2016-07-05T14:53:46+08:00 ] 127.0.0.1 /onethink/index.php?s=/Home/Sales/getGooodsCountToBeDelivered.html
SQL: SHOW COLUMNS FROM `tea_order` [ RunTime:0.000000s ]
SQL: SELECT COUNT(*) AS tp_count FROM `tea_order` WHERE ( status=1 ) LIMIT 1   [ RunTime:0.000000s ]
INFO: [ app_end ] --START--
INFO: Run Behavior\ShowPageTrace [ RunTime:0.000000s ]
INFO: [ app_end ] --END-- [ RunTime:0.000000s ]

[ 2016-07-05T14:53:46+08:00 ] 127.0.0.1 /onethink/index.php?s=/Home/Sales/getGooodsCountToBeDelivered.html
SQL: SHOW COLUMNS FROM `tea_order` [ RunTime:0.000000s ]
SQL: SELECT COUNT(*) AS tp_count FROM `tea_order` WHERE ( status=1 ) LIMIT 1   [ RunTime:0.000000s ]
INFO: [ app_end ] --START--
INFO: Run Behavior\ShowPageTrace [ RunTime:0.000000s ]
INFO: [ app_end ] --END-- [ RunTime:0.000000s ]

[ 2016-07-05T14:53:53+08:00 ] 127.0.0.1 /onethink/index.php?s=/Home/Sales/getGooodsCountToBeDelivered.html
SQL: SHOW COLUMNS FROM `tea_order` [ RunTime:0.000000s ]
SQL: SELECT COUNT(*) AS tp_count FROM `tea_order` WHERE ( status=1 ) LIMIT 1   [ RunTime:0.000000s ]
INFO: [ app_end ] --START--
INFO: Run Behavior\ShowPageTrace [ RunTime:0.000000s ]
INFO: [ app_end ] --END-- [ RunTime:0.000000s ]

[ 2016-07-05T14:58:19+08:00 ] 127.0.0.1 /onethink/index.php?s=/Home/Sales/getOrderCountLastDay.html
SQL: SHOW COLUMNS FROM `tea_order` [ RunTime:0.015625s ]
SQL: SELECT COUNT(*) AS tp_count FROM `tea_order` WHERE ( createtime < trunc(sysdate) and createtime > trunc(sysdate-1) ) LIMIT 1   [ RunTime:0.015625s ]
ERR: 1305:FUNCTION onethink.trunc does not exist
 [ SQL语句 ] : SELECT COUNT(*) AS tp_count FROM `tea_order` WHERE ( createtime < trunc(sysdate) and createtime > trunc(sysdate-1) ) LIMIT 1  
INFO: [ app_end ] --START--
INFO: Run Behavior\ShowPageTrace [ RunTime:0.000000s ]
INFO: [ app_end ] --END-- [ RunTime:0.000000s ]

[ 2016-07-05T15:04:40+08:00 ] 127.0.0.1 /onethink/index.php?s=/Home/Sales/getOrderCountLastDay.html
SQL: SHOW COLUMNS FROM `tea_order` [ RunTime:0.000000s ]
NOTIC: [8] Array to string conversion E:\Vista\projects\onethink\Application\Home\Controller\SalesController.class.php 第 40 行.
NOTIC: [8] Undefined variable: count E:\Vista\projects\onethink\Application\Home\Controller\SalesController.class.php 第 45 行.
NOTIC: [8] Undefined variable: count E:\Vista\projects\onethink\Application\Home\Controller\SalesController.class.php 第 46 行.
INFO: [ app_end ] --START--
INFO: Run Behavior\ShowPageTrace [ RunTime:0.000000s ]
INFO: [ app_end ] --END-- [ RunTime:0.000000s ]

[ 2016-07-05T15:04:51+08:00 ] 127.0.0.1 /onethink/index.php?s=/Home/Sales/getOrderCountLastDay.html
SQL: SHOW COLUMNS FROM `tea_order` [ RunTime:0.000000s ]
NOTIC: [8] Undefined variable: count E:\Vista\projects\onethink\Application\Home\Controller\SalesController.class.php 第 45 行.
NOTIC: [8] Undefined variable: count E:\Vista\projects\onethink\Application\Home\Controller\SalesController.class.php 第 46 行.
INFO: [ app_end ] --START--
INFO: Run Behavior\ShowPageTrace [ RunTime:0.000000s ]
INFO: [ app_end ] --END-- [ RunTime:0.000000s ]

[ 2016-07-05T15:06:55+08:00 ] 127.0.0.1 /onethink/index.php?s=/Home/Sales/getOrderCountLastDay.html
SQL: SHOW COLUMNS FROM `tea_order` [ RunTime:0.000000s ]
NOTIC: [8] Use of undefined constant ”Y - assumed '”Y' E:\Vista\projects\onethink\Application\Home\Controller\SalesController.class.php 第 40 行.
NOTIC: [8] Use of undefined constant m - assumed 'm' E:\Vista\projects\onethink\Application\Home\Controller\SalesController.class.php 第 40 行.
NOTIC: [8] Use of undefined constant d” - assumed 'd”' E:\Vista\projects\onethink\Application\Home\Controller\SalesController.class.php 第 40 行.
NOTIC: [8] Undefined variable: count E:\Vista\projects\onethink\Application\Home\Controller\SalesController.class.php 第 45 行.
NOTIC: [8] Undefined variable: count E:\Vista\projects\onethink\Application\Home\Controller\SalesController.class.php 第 46 行.
INFO: [ app_end ] --START--
INFO: Run Behavior\ShowPageTrace [ RunTime:0.000000s ]
INFO: [ app_end ] --END-- [ RunTime:0.000000s ]

[ 2016-07-05T15:07:20+08:00 ] 127.0.0.1 /onethink/index.php?s=/Home/Sales/getOrderCountLastDay.html
SQL: SHOW COLUMNS FROM `tea_order` [ RunTime:0.015625s ]
NOTIC: [8] Undefined variable: count E:\Vista\projects\onethink\Application\Home\Controller\SalesController.class.php 第 45 行.
NOTIC: [8] Undefined variable: count E:\Vista\projects\onethink\Application\Home\Controller\SalesController.class.php 第 46 行.
INFO: [ app_end ] --START--
INFO: Run Behavior\ShowPageTrace [ RunTime:0.000000s ]
INFO: [ app_end ] --END-- [ RunTime:0.000000s ]

[ 2016-07-05T15:08:34+08:00 ] 127.0.0.1 /onethink/index.php?s=/Home/Sales/getOrderCountLastDay.html
SQL: SHOW COLUMNS FROM `tea_order` [ RunTime:0.000000s ]
NOTIC: [8] Undefined variable: count E:\Vista\projects\onethink\Application\Home\Controller\SalesController.class.php 第 45 行.
NOTIC: [8] Undefined variable: count E:\Vista\projects\onethink\Application\Home\Controller\SalesController.class.php 第 46 行.
INFO: [ app_end ] --START--
INFO: Run Behavior\ShowPageTrace [ RunTime:0.000000s ]
INFO: [ app_end ] --END-- [ RunTime:0.000000s ]

[ 2016-07-05T15:08:52+08:00 ] 127.0.0.1 /onethink/index.php?s=/Home/Sales/getOrderCountLastDay.html
SQL: SHOW COLUMNS FROM `tea_order` [ RunTime:0.000000s ]
NOTIC: [8] Undefined variable: count E:\Vista\projects\onethink\Application\Home\Controller\SalesController.class.php 第 46 行.
NOTIC: [8] Undefined variable: count E:\Vista\projects\onethink\Application\Home\Controller\SalesController.class.php 第 47 行.
INFO: [ app_end ] --START--
INFO: Run Behavior\ShowPageTrace [ RunTime:0.000000s ]
INFO: [ app_end ] --END-- [ RunTime:0.000000s ]

[ 2016-07-05T15:14:32+08:00 ] 127.0.0.1 /onethink/index.php?s=/Home/Sales/getOrderCountLastDay.html
SQL: SHOW COLUMNS FROM `tea_order` [ RunTime:0.015625s ]
SQL: SELECT COUNT(*) AS tp_count FROM `tea_order` WHERE ( createtime >= $lastdaybegin and createtime < $totaybegin ) LIMIT 1   [ RunTime:0.000000s ]
ERR: 1054:Unknown column '$lastdaybegin' in 'where clause'
 [ SQL语句 ] : SELECT COUNT(*) AS tp_count FROM `tea_order` WHERE ( createtime >= $lastdaybegin and createtime < $totaybegin ) LIMIT 1  
INFO: [ app_end ] --START--
INFO: Run Behavior\ShowPageTrace [ RunTime:0.000000s ]
INFO: [ app_end ] --END-- [ RunTime:0.000000s ]

[ 2016-07-05T15:16:15+08:00 ] 127.0.0.1 /onethink/index.php?s=/Home/Sales/getOrderCountLastDay.html
SQL: SHOW COLUMNS FROM `tea_order` [ RunTime:0.000000s ]
SQL: SELECT * FROM `tea_order` WHERE ( createtime >= $lastdaybegin and createtime < $totaybegin )  [ RunTime:0.000000s ]
ERR: 1054:Unknown column '$lastdaybegin' in 'where clause'
 [ SQL语句 ] : SELECT * FROM `tea_order` WHERE ( createtime >= $lastdaybegin and createtime < $totaybegin ) 
INFO: [ app_end ] --START--
INFO: Run Behavior\ShowPageTrace [ RunTime:0.000000s ]
INFO: [ app_end ] --END-- [ RunTime:0.000000s ]

[ 2016-07-05T15:17:07+08:00 ] 127.0.0.1 /onethink/index.php?s=/Home/Sales/getOrderCountLastDay.html
SQL: SHOW COLUMNS FROM `tea_order` [ RunTime:0.015625s ]
SQL: SELECT * FROM `tea_order` WHERE ( createtime = 1467623934 )  [ RunTime:0.000000s ]
INFO: [ app_end ] --START--
INFO: Run Behavior\ShowPageTrace [ RunTime:0.000000s ]
INFO: [ app_end ] --END-- [ RunTime:0.000000s ]

[ 2016-07-05T15:19:18+08:00 ] 127.0.0.1 /onethink/index.php?s=/Home/Sales/getOrderCountLastDay.html
SQL: SHOW COLUMNS FROM `tea_order` [ RunTime:0.000000s ]
SQL: SELECT * FROM `tea_order` WHERE ( createtime >= $lastdaybegin and createtime < $totaybegin )  [ RunTime:0.000000s ]
ERR: 1054:Unknown column '$lastdaybegin' in 'where clause'
 [ SQL语句 ] : SELECT * FROM `tea_order` WHERE ( createtime >= $lastdaybegin and createtime < $totaybegin ) 

[ 2016-07-05T15:19:33+08:00 ] 127.0.0.1 /onethink/index.php?s=/Home/Sales/getOrderCountLastDay.html
SQL: SHOW COLUMNS FROM `tea_order` [ RunTime:0.015625s ]
SQL: SELECT COUNT(*) AS tp_count FROM `tea_order` WHERE ( createtime >= $lastdaybegin and createtime < $totaybegin ) LIMIT 1   [ RunTime:0.000000s ]
ERR: 1054:Unknown column '$lastdaybegin' in 'where clause'
 [ SQL语句 ] : SELECT COUNT(*) AS tp_count FROM `tea_order` WHERE ( createtime >= $lastdaybegin and createtime < $totaybegin ) LIMIT 1  
INFO: [ app_end ] --START--
INFO: Run Behavior\ShowPageTrace [ RunTime:0.000000s ]
INFO: [ app_end ] --END-- [ RunTime:0.000000s ]

[ 2016-07-05T15:19:57+08:00 ] 127.0.0.1 /onethink/index.php?s=/Home/Sales/getOrderCountLastDay.html
SQL: SHOW COLUMNS FROM `tea_order` [ RunTime:0.015625s ]
SQL: SELECT COUNT(*) AS tp_count FROM `tea_order` WHERE ( createtime >= $lastdaybegin and createtime < $totaybegin ) LIMIT 1   [ RunTime:0.000000s ]
ERR: 1054:Unknown column '$lastdaybegin' in 'where clause'
 [ SQL语句 ] : SELECT COUNT(*) AS tp_count FROM `tea_order` WHERE ( createtime >= $lastdaybegin and createtime < $totaybegin ) LIMIT 1  
INFO: [ app_end ] --START--
INFO: Run Behavior\ShowPageTrace [ RunTime:0.000000s ]
INFO: [ app_end ] --END-- [ RunTime:0.000000s ]

[ 2016-07-05T15:20:22+08:00 ] 127.0.0.1 /onethink/index.php?s=/Home/Sales/getOrderCountLastDay.html
SQL: SHOW COLUMNS FROM `tea_order` [ RunTime:0.015625s ]
SQL: SELECT * FROM `tea_order` WHERE ( createtime >= $lastdaybegin and createtime < $totaybegin )  [ RunTime:0.000000s ]
ERR: 1054:Unknown column '$lastdaybegin' in 'where clause'
 [ SQL语句 ] : SELECT * FROM `tea_order` WHERE ( createtime >= $lastdaybegin and createtime < $totaybegin ) 
SQL: SELECT COUNT(*) AS tp_count FROM `tea_order` WHERE ( createtime >= $lastdaybegin and createtime < $totaybegin ) LIMIT 1   [ RunTime:0.000000s ]
ERR: 1054:Unknown column '$lastdaybegin' in 'where clause'
 [ SQL语句 ] : SELECT COUNT(*) AS tp_count FROM `tea_order` WHERE ( createtime >= $lastdaybegin and createtime < $totaybegin ) LIMIT 1  
INFO: [ app_end ] --START--
INFO: Run Behavior\ShowPageTrace [ RunTime:0.000000s ]
INFO: [ app_end ] --END-- [ RunTime:0.000000s ]

[ 2016-07-05T15:21:04+08:00 ] 127.0.0.1 /onethink/index.php?s=/Home/Sales/getOrderCountLastDay.html
SQL: SHOW COLUMNS FROM `tea_order` [ RunTime:0.015625s ]
SQL: SELECT COUNT(*) AS tp_count FROM `tea_order` WHERE ( createtime >= $lastdaybegin and createtime < $totaybegin ) LIMIT 1   [ RunTime:0.000000s ]
ERR: 1054:Unknown column '$lastdaybegin' in 'where clause'
 [ SQL语句 ] : SELECT COUNT(*) AS tp_count FROM `tea_order` WHERE ( createtime >= $lastdaybegin and createtime < $totaybegin ) LIMIT 1  
INFO: [ app_end ] --START--
INFO: Run Behavior\ShowPageTrace [ RunTime:0.000000s ]
INFO: [ app_end ] --END-- [ RunTime:0.000000s ]

[ 2016-07-05T15:23:27+08:00 ] 127.0.0.1 /onethink/index.php?s=/Home/Sales/getOrderCountLastDay.html
SQL: SHOW COLUMNS FROM `tea_order` [ RunTime:0.000000s ]
SQL: SELECT COUNT(*) AS tp_count FROM `tea_order` WHERE ( createtime >= $lastdaybegin and createtime < $totaybegin ) LIMIT 1   [ RunTime:0.000000s ]
ERR: 1054:Unknown column '$lastdaybegin' in 'where clause'
 [ SQL语句 ] : SELECT COUNT(*) AS tp_count FROM `tea_order` WHERE ( createtime >= $lastdaybegin and createtime < $totaybegin ) LIMIT 1  
INFO: [ app_end ] --START--
INFO: Run Behavior\ShowPageTrace [ RunTime:0.000000s ]
INFO: [ app_end ] --END-- [ RunTime:0.000000s ]

[ 2016-07-05T15:27:23+08:00 ] 127.0.0.1 /onethink/index.php?s=/Home/Index/money
SQL: SHOW COLUMNS FROM `tea_order` [ RunTime:0.015625s ]
ERR: Think\Model:_get_order_money_方法不存在！

[ 2016-07-05T15:27:46+08:00 ] 127.0.0.1 /onethink/index.php?s=/Home/Index/money
SQL: SHOW COLUMNS FROM `tea_order` [ RunTime:0.015625s ]
SQL: SHOW COLUMNS FROM `tea_goods` [ RunTime:0.000000s ]
SQL: SHOW COLUMNS FROM `tea_coupon` [ RunTime:0.000000s ]
SQL: SHOW COLUMNS FROM `tea_order_goods` [ RunTime:0.015625s ]
SQL: SELECT `couponid`,`deliverymoney` FROM `tea_order` WHERE ( orderid=10001 ) LIMIT 1   [ RunTime:0.000000s ]
SQL: SELECT `type`,`discount`,`disprice` FROM `tea_coupon` WHERE ( couponid = 10001 ) LIMIT 1   [ RunTime:0.015625s ]
SQL: SELECT `goodsid`,`goodscount` FROM `tea_order_goods` WHERE ( orderid=10001 )  [ RunTime:0.031250s ]
SQL: SELECT `curprice` FROM `tea_goods` WHERE ( goodsid = 1 ) LIMIT 1   [ RunTime:0.000000s ]
SQL: SELECT `curprice` FROM `tea_goods` WHERE ( goodsid = 2 ) LIMIT 1   [ RunTime:0.000000s ]
INFO: [ app_end ] --START--
INFO: Run Behavior\ShowPageTrace [ RunTime:0.000000s ]
INFO: [ app_end ] --END-- [ RunTime:0.000000s ]

[ 2016-07-05T15:46:03+08:00 ] 127.0.0.1 /onethink/index.php?s=/Home/Sales/getSalesYesterday.html
SQL: SHOW COLUMNS FROM `tea_order` [ RunTime:0.000000s ]
SQL: SELECT `orderid` FROM `tea_order` WHERE ( createtime >= $lastdaybegin and createtime < $totaybegin and status >= 1 )  [ RunTime:0.015625s ]
ERR: 1054:Unknown column '$lastdaybegin' in 'where clause'
 [ SQL语句 ] : SELECT `orderid` FROM `tea_order` WHERE ( createtime >= $lastdaybegin and createtime < $totaybegin and status >= 1 ) 
NOTIC: [2] Invalid argument supplied for foreach() E:\Vista\projects\onethink\Application\Home\Controller\SalesController.class.php 第 77 行.
INFO: [ app_end ] --START--
INFO: Run Behavior\ShowPageTrace [ RunTime:0.000000s ]
INFO: [ app_end ] --END-- [ RunTime:0.000000s ]

[ 2016-07-05T15:47:12+08:00 ] 127.0.0.1 /onethink/index.php?s=/Home/Sales/getSalesYesterday.html
SQL: SHOW COLUMNS FROM `tea_order` [ RunTime:0.015625s ]
SQL: SELECT `orderid` FROM `tea_order` WHERE (  status >= 1 )  [ RunTime:0.000000s ]
NOTIC: [8] Use of undefined constant orderid - assumed 'orderid' E:\Vista\projects\onethink\Application\Home\Controller\SalesController.class.php 第 82 行.
SQL: SHOW COLUMNS FROM `tea_goods` [ RunTime:0.015625s ]
SQL: SHOW COLUMNS FROM `tea_coupon` [ RunTime:0.000000s ]
SQL: SHOW COLUMNS FROM `tea_order_goods` [ RunTime:0.015625s ]
SQL: SELECT `couponid`,`deliverymoney` FROM `tea_order` WHERE ( orderid=orderid ) LIMIT 1   [ RunTime:0.000000s ]
SQL: SELECT `type`,`discount`,`disprice` FROM `tea_coupon` WHERE ( couponid = 10001 ) LIMIT 1   [ RunTime:0.000000s ]
SQL: SELECT `goodsid`,`goodscount` FROM `tea_order_goods` WHERE ( orderid=orderid )  [ RunTime:0.000000s ]
SQL: SELECT `curprice` FROM `tea_goods` WHERE ( goodsid = 1 ) LIMIT 1   [ RunTime:0.000000s ]
SQL: SELECT `curprice` FROM `tea_goods` WHERE ( goodsid = 2 ) LIMIT 1   [ RunTime:0.000000s ]
INFO: [ app_end ] --START--
INFO: Run Behavior\ShowPageTrace [ RunTime:0.000000s ]
INFO: [ app_end ] --END-- [ RunTime:0.000000s ]

[ 2016-07-05T15:47:26+08:00 ] 127.0.0.1 /onethink/index.php?s=/Home/Sales/getSalesYesterday.html
SQL: SHOW COLUMNS FROM `tea_order` [ RunTime:0.000000s ]
SQL: SELECT `orderid` FROM `tea_order` WHERE (  status >= 1 )  [ RunTime:0.000000s ]
NOTIC: [8] Use of undefined constant orderid - assumed 'orderid' E:\Vista\projects\onethink\Application\Home\Controller\SalesController.class.php 第 82 行.
SQL: SHOW COLUMNS FROM `tea_goods` [ RunTime:0.015625s ]
SQL: SHOW COLUMNS FROM `tea_coupon` [ RunTime:0.000000s ]
SQL: SHOW COLUMNS FROM `tea_order_goods` [ RunTime:0.015625s ]
SQL: SELECT `couponid`,`deliverymoney` FROM `tea_order` WHERE ( orderid=orderid ) LIMIT 1   [ RunTime:0.000000s ]
SQL: SELECT `type`,`discount`,`disprice` FROM `tea_coupon` WHERE ( couponid = 10001 ) LIMIT 1   [ RunTime:0.000000s ]
SQL: SELECT `goodsid`,`goodscount` FROM `tea_order_goods` WHERE ( orderid=orderid )  [ RunTime:0.000000s ]
SQL: SELECT `curprice` FROM `tea_goods` WHERE ( goodsid = 1 ) LIMIT 1   [ RunTime:0.000000s ]
SQL: SELECT `curprice` FROM `tea_goods` WHERE ( goodsid = 2 ) LIMIT 1   [ RunTime:0.000000s ]
INFO: [ app_end ] --START--
INFO: Run Behavior\ShowPageTrace [ RunTime:0.015625s ]
INFO: [ app_end ] --END-- [ RunTime:0.015625s ]

[ 2016-07-05T15:55:28+08:00 ] 127.0.0.1 /onethink/index.php?s=/Home/Sales/getOrderCountYesterday.html
INFO: [ app_end ] --START--
INFO: Run Behavior\ShowPageTrace [ RunTime:0.000000s ]
INFO: [ app_end ] --END-- [ RunTime:0.000000s ]

[ 2016-07-05T15:55:57+08:00 ] 127.0.0.1 /onethink/index.php?s=/Home/Sales/getOrderCountYesterday.html
INFO: [ app_end ] --START--
INFO: Run Behavior\ShowPageTrace [ RunTime:0.000000s ]
INFO: [ app_end ] --END-- [ RunTime:0.000000s ]

[ 2016-07-05T15:56:13+08:00 ] 127.0.0.1 /onethink/index.php?s=/Home/Sales/getOrderCountYesterday.html
INFO: [ app_end ] --START--
INFO: Run Behavior\ShowPageTrace [ RunTime:0.000000s ]
INFO: [ app_end ] --END-- [ RunTime:0.000000s ]

[ 2016-07-05T15:56:29+08:00 ] 127.0.0.1 /onethink/index.php?s=/Home/Sales/getOrderCountYesterday.html
INFO: [ app_end ] --START--
INFO: Run Behavior\ShowPageTrace [ RunTime:0.000000s ]
INFO: [ app_end ] --END-- [ RunTime:0.000000s ]

[ 2016-07-05T15:56:41+08:00 ] 127.0.0.1 /onethink/index.php?s=/Home/Sales/getOrderCountYesterday.html
INFO: [ app_end ] --START--
INFO: Run Behavior\ShowPageTrace [ RunTime:0.015625s ]
INFO: [ app_end ] --END-- [ RunTime:0.015625s ]

[ 2016-07-05T15:58:14+08:00 ] 127.0.0.1 /onethink/index.php?s=/Home/Sales/getOrderCountYesterday.html
INFO: [ app_end ] --START--
INFO: Run Behavior\ShowPageTrace [ RunTime:0.000000s ]
INFO: [ app_end ] --END-- [ RunTime:0.000000s ]

[ 2016-07-05T16:05:32+08:00 ] 127.0.0.1 /onethink/index.php?s=/Home/Sales/getOrderCountRecentWeek.html
SQL: SHOW COLUMNS FROM `tea_order` [ RunTime:0.000000s ]
SQL: SELECT COUNT(*) AS tp_count FROM `tea_order` WHERE ( createtime >= $begin and createtime < $end ) LIMIT 1   [ RunTime:0.000000s ]
ERR: 1054:Unknown column '$begin' in 'where clause'
 [ SQL语句 ] : SELECT COUNT(*) AS tp_count FROM `tea_order` WHERE ( createtime >= $begin and createtime < $end ) LIMIT 1  
SQL: SELECT COUNT(*) AS tp_count FROM `tea_order` WHERE ( createtime >= $begin and createtime < $end ) LIMIT 1   [ RunTime:0.000000s ]
ERR: 1054:Unknown column '$begin' in 'where clause'
 [ SQL语句 ] : SELECT COUNT(*) AS tp_count FROM `tea_order` WHERE ( createtime >= $begin and createtime < $end ) LIMIT 1  
SQL: SELECT COUNT(*) AS tp_count FROM `tea_order` WHERE ( createtime >= $begin and createtime < $end ) LIMIT 1   [ RunTime:0.000000s ]
ERR: 1054:Unknown column '$begin' in 'where clause'
 [ SQL语句 ] : SELECT COUNT(*) AS tp_count FROM `tea_order` WHERE ( createtime >= $begin and createtime < $end ) LIMIT 1  
SQL: SELECT COUNT(*) AS tp_count FROM `tea_order` WHERE ( createtime >= $begin and createtime < $end ) LIMIT 1   [ RunTime:0.000000s ]
ERR: 1054:Unknown column '$begin' in 'where clause'
 [ SQL语句 ] : SELECT COUNT(*) AS tp_count FROM `tea_order` WHERE ( createtime >= $begin and createtime < $end ) LIMIT 1  
SQL: SELECT COUNT(*) AS tp_count FROM `tea_order` WHERE ( createtime >= $begin and createtime < $end ) LIMIT 1   [ RunTime:0.000000s ]
ERR: 1054:Unknown column '$begin' in 'where clause'
 [ SQL语句 ] : SELECT COUNT(*) AS tp_count FROM `tea_order` WHERE ( createtime >= $begin and createtime < $end ) LIMIT 1  
SQL: SELECT COUNT(*) AS tp_count FROM `tea_order` WHERE ( createtime >= $begin and createtime < $end ) LIMIT 1   [ RunTime:0.000000s ]
ERR: 1054:Unknown column '$begin' in 'where clause'
 [ SQL语句 ] : SELECT COUNT(*) AS tp_count FROM `tea_order` WHERE ( createtime >= $begin and createtime < $end ) LIMIT 1  
SQL: SELECT COUNT(*) AS tp_count FROM `tea_order` WHERE ( createtime >= $begin and createtime < $end ) LIMIT 1   [ RunTime:0.000000s ]
ERR: 1054:Unknown column '$begin' in 'where clause'
 [ SQL语句 ] : SELECT COUNT(*) AS tp_count FROM `tea_order` WHERE ( createtime >= $begin and createtime < $end ) LIMIT 1  
INFO: [ app_end ] --START--
INFO: Run Behavior\ShowPageTrace [ RunTime:0.000000s ]
INFO: [ app_end ] --END-- [ RunTime:0.000000s ]

[ 2016-07-05T16:06:19+08:00 ] 127.0.0.1 /onethink/index.php?s=/Home/Sales/getOrderCountRecentWeek.html
SQL: SHOW COLUMNS FROM `tea_order` [ RunTime:0.000000s ]
SQL: SELECT COUNT(*) AS tp_count FROM `tea_order` WHERE ( createtime >= $begin and createtime < $end ) LIMIT 1   [ RunTime:0.000000s ]
ERR: 1054:Unknown column '$begin' in 'where clause'
 [ SQL语句 ] : SELECT COUNT(*) AS tp_count FROM `tea_order` WHERE ( createtime >= $begin and createtime < $end ) LIMIT 1  
SQL: SELECT COUNT(*) AS tp_count FROM `tea_order` WHERE ( createtime >= $begin and createtime < $end ) LIMIT 1   [ RunTime:0.000000s ]
ERR: 1054:Unknown column '$begin' in 'where clause'
 [ SQL语句 ] : SELECT COUNT(*) AS tp_count FROM `tea_order` WHERE ( createtime >= $begin and createtime < $end ) LIMIT 1  
SQL: SELECT COUNT(*) AS tp_count FROM `tea_order` WHERE ( createtime >= $begin and createtime < $end ) LIMIT 1   [ RunTime:0.000000s ]
ERR: 1054:Unknown column '$begin' in 'where clause'
 [ SQL语句 ] : SELECT COUNT(*) AS tp_count FROM `tea_order` WHERE ( createtime >= $begin and createtime < $end ) LIMIT 1  
SQL: SELECT COUNT(*) AS tp_count FROM `tea_order` WHERE ( createtime >= $begin and createtime < $end ) LIMIT 1   [ RunTime:0.000000s ]
ERR: 1054:Unknown column '$begin' in 'where clause'
 [ SQL语句 ] : SELECT COUNT(*) AS tp_count FROM `tea_order` WHERE ( createtime >= $begin and createtime < $end ) LIMIT 1  
SQL: SELECT COUNT(*) AS tp_count FROM `tea_order` WHERE ( createtime >= $begin and createtime < $end ) LIMIT 1   [ RunTime:0.000000s ]
ERR: 1054:Unknown column '$begin' in 'where clause'
 [ SQL语句 ] : SELECT COUNT(*) AS tp_count FROM `tea_order` WHERE ( createtime >= $begin and createtime < $end ) LIMIT 1  
SQL: SELECT COUNT(*) AS tp_count FROM `tea_order` WHERE ( createtime >= $begin and createtime < $end ) LIMIT 1   [ RunTime:0.000000s ]
ERR: 1054:Unknown column '$begin' in 'where clause'
 [ SQL语句 ] : SELECT COUNT(*) AS tp_count FROM `tea_order` WHERE ( createtime >= $begin and createtime < $end ) LIMIT 1  
SQL: SELECT COUNT(*) AS tp_count FROM `tea_order` WHERE ( createtime >= $begin and createtime < $end ) LIMIT 1   [ RunTime:0.000000s ]
ERR: 1054:Unknown column '$begin' in 'where clause'
 [ SQL语句 ] : SELECT COUNT(*) AS tp_count FROM `tea_order` WHERE ( createtime >= $begin and createtime < $end ) LIMIT 1  
INFO: [ app_end ] --START--
INFO: Run Behavior\ShowPageTrace [ RunTime:0.000000s ]
INFO: [ app_end ] --END-- [ RunTime:0.000000s ]

[ 2016-07-05T16:07:25+08:00 ] 127.0.0.1 /onethink/index.php?s=/Home/Sales/getOrderCountRecentWeek.html
SQL: SHOW COLUMNS FROM `tea_order` [ RunTime:0.015625s ]
SQL: SELECT COUNT(*) AS tp_count FROM `tea_order` WHERE ( createtime >= $begin and createtime < $end ) LIMIT 1   [ RunTime:0.000000s ]
ERR: 1054:Unknown column '$begin' in 'where clause'
 [ SQL语句 ] : SELECT COUNT(*) AS tp_count FROM `tea_order` WHERE ( createtime >= $begin and createtime < $end ) LIMIT 1  
SQL: SELECT COUNT(*) AS tp_count FROM `tea_order` WHERE ( createtime >= $begin and createtime < $end ) LIMIT 1   [ RunTime:0.000000s ]
ERR: 1054:Unknown column '$begin' in 'where clause'
 [ SQL语句 ] : SELECT COUNT(*) AS tp_count FROM `tea_order` WHERE ( createtime >= $begin and createtime < $end ) LIMIT 1  
SQL: SELECT COUNT(*) AS tp_count FROM `tea_order` WHERE ( createtime >= $begin and createtime < $end ) LIMIT 1   [ RunTime:0.000000s ]
ERR: 1054:Unknown column '$begin' in 'where clause'
 [ SQL语句 ] : SELECT COUNT(*) AS tp_count FROM `tea_order` WHERE ( createtime >= $begin and createtime < $end ) LIMIT 1  
SQL: SELECT COUNT(*) AS tp_count FROM `tea_order` WHERE ( createtime >= $begin and createtime < $end ) LIMIT 1   [ RunTime:0.000000s ]
ERR: 1054:Unknown column '$begin' in 'where clause'
 [ SQL语句 ] : SELECT COUNT(*) AS tp_count FROM `tea_order` WHERE ( createtime >= $begin and createtime < $end ) LIMIT 1  
SQL: SELECT COUNT(*) AS tp_count FROM `tea_order` WHERE ( createtime >= $begin and createtime < $end ) LIMIT 1   [ RunTime:0.000000s ]
ERR: 1054:Unknown column '$begin' in 'where clause'
 [ SQL语句 ] : SELECT COUNT(*) AS tp_count FROM `tea_order` WHERE ( createtime >= $begin and createtime < $end ) LIMIT 1  
SQL: SELECT COUNT(*) AS tp_count FROM `tea_order` WHERE ( createtime >= $begin and createtime < $end ) LIMIT 1   [ RunTime:0.000000s ]
ERR: 1054:Unknown column '$begin' in 'where clause'
 [ SQL语句 ] : SELECT COUNT(*) AS tp_count FROM `tea_order` WHERE ( createtime >= $begin and createtime < $end ) LIMIT 1  
SQL: SELECT COUNT(*) AS tp_count FROM `tea_order` WHERE ( createtime >= $begin and createtime < $end ) LIMIT 1   [ RunTime:0.000000s ]
ERR: 1054:Unknown column '$begin' in 'where clause'
 [ SQL语句 ] : SELECT COUNT(*) AS tp_count FROM `tea_order` WHERE ( createtime >= $begin and createtime < $end ) LIMIT 1  
INFO: [ app_end ] --START--
INFO: Run Behavior\ShowPageTrace [ RunTime:0.000000s ]
INFO: [ app_end ] --END-- [ RunTime:0.000000s ]

[ 2016-07-05T16:08:21+08:00 ] 127.0.0.1 /onethink/index.php?s=/Home/Sales/getOrderCountRecentWeek.html
SQL: SHOW COLUMNS FROM `tea_order` [ RunTime:0.000000s ]
SQL: SELECT COUNT(*) AS tp_count FROM `tea_order` WHERE ( createtime >= $begin and createtime < $end ) LIMIT 1   [ RunTime:0.000000s ]
ERR: 1054:Unknown column '$begin' in 'where clause'
 [ SQL语句 ] : SELECT COUNT(*) AS tp_count FROM `tea_order` WHERE ( createtime >= $begin and createtime < $end ) LIMIT 1  
SQL: SELECT COUNT(*) AS tp_count FROM `tea_order` WHERE ( createtime >= $begin and createtime < $end ) LIMIT 1   [ RunTime:0.000000s ]
ERR: 1054:Unknown column '$begin' in 'where clause'
 [ SQL语句 ] : SELECT COUNT(*) AS tp_count FROM `tea_order` WHERE ( createtime >= $begin and createtime < $end ) LIMIT 1  
SQL: SELECT COUNT(*) AS tp_count FROM `tea_order` WHERE ( createtime >= $begin and createtime < $end ) LIMIT 1   [ RunTime:0.000000s ]
ERR: 1054:Unknown column '$begin' in 'where clause'
 [ SQL语句 ] : SELECT COUNT(*) AS tp_count FROM `tea_order` WHERE ( createtime >= $begin and createtime < $end ) LIMIT 1  
SQL: SELECT COUNT(*) AS tp_count FROM `tea_order` WHERE ( createtime >= $begin and createtime < $end ) LIMIT 1   [ RunTime:0.015625s ]
ERR: 1054:Unknown column '$begin' in 'where clause'
 [ SQL语句 ] : SELECT COUNT(*) AS tp_count FROM `tea_order` WHERE ( createtime >= $begin and createtime < $end ) LIMIT 1  
SQL: SELECT COUNT(*) AS tp_count FROM `tea_order` WHERE ( createtime >= $begin and createtime < $end ) LIMIT 1   [ RunTime:0.000000s ]
ERR: 1054:Unknown column '$begin' in 'where clause'
 [ SQL语句 ] : SELECT COUNT(*) AS tp_count FROM `tea_order` WHERE ( createtime >= $begin and createtime < $end ) LIMIT 1  
SQL: SELECT COUNT(*) AS tp_count FROM `tea_order` WHERE ( createtime >= $begin and createtime < $end ) LIMIT 1   [ RunTime:0.000000s ]
ERR: 1054:Unknown column '$begin' in 'where clause'
 [ SQL语句 ] : SELECT COUNT(*) AS tp_count FROM `tea_order` WHERE ( createtime >= $begin and createtime < $end ) LIMIT 1  
SQL: SELECT COUNT(*) AS tp_count FROM `tea_order` WHERE ( createtime >= $begin and createtime < $end ) LIMIT 1   [ RunTime:0.000000s ]
ERR: 1054:Unknown column '$begin' in 'where clause'
 [ SQL语句 ] : SELECT COUNT(*) AS tp_count FROM `tea_order` WHERE ( createtime >= $begin and createtime < $end ) LIMIT 1  
INFO: [ app_end ] --START--
INFO: Run Behavior\ShowPageTrace [ RunTime:0.000000s ]
INFO: [ app_end ] --END-- [ RunTime:0.000000s ]

[ 2016-07-05T16:08:41+08:00 ] 127.0.0.1 /onethink/index.php?s=/Home/Sales/getOrderCountRecentWeek.html
SQL: SHOW COLUMNS FROM `tea_order` [ RunTime:0.000000s ]
SQL: SELECT COUNT(*) AS tp_count FROM `tea_order` WHERE ( createtime >= $begin and createtime < $end ) LIMIT 1   [ RunTime:0.000000s ]
ERR: 1054:Unknown column '$begin' in 'where clause'
 [ SQL语句 ] : SELECT COUNT(*) AS tp_count FROM `tea_order` WHERE ( createtime >= $begin and createtime < $end ) LIMIT 1  
SQL: SELECT COUNT(*) AS tp_count FROM `tea_order` WHERE ( createtime >= $begin and createtime < $end ) LIMIT 1   [ RunTime:0.000000s ]
ERR: 1054:Unknown column '$begin' in 'where clause'
 [ SQL语句 ] : SELECT COUNT(*) AS tp_count FROM `tea_order` WHERE ( createtime >= $begin and createtime < $end ) LIMIT 1  
SQL: SELECT COUNT(*) AS tp_count FROM `tea_order` WHERE ( createtime >= $begin and createtime < $end ) LIMIT 1   [ RunTime:0.000000s ]
ERR: 1054:Unknown column '$begin' in 'where clause'
 [ SQL语句 ] : SELECT COUNT(*) AS tp_count FROM `tea_order` WHERE ( createtime >= $begin and createtime < $end ) LIMIT 1  
SQL: SELECT COUNT(*) AS tp_count FROM `tea_order` WHERE ( createtime >= $begin and createtime < $end ) LIMIT 1   [ RunTime:0.000000s ]
ERR: 1054:Unknown column '$begin' in 'where clause'
 [ SQL语句 ] : SELECT COUNT(*) AS tp_count FROM `tea_order` WHERE ( createtime >= $begin and createtime < $end ) LIMIT 1  
SQL: SELECT COUNT(*) AS tp_count FROM `tea_order` WHERE ( createtime >= $begin and createtime < $end ) LIMIT 1   [ RunTime:0.000000s ]
ERR: 1054:Unknown column '$begin' in 'where clause'
 [ SQL语句 ] : SELECT COUNT(*) AS tp_count FROM `tea_order` WHERE ( createtime >= $begin and createtime < $end ) LIMIT 1  
SQL: SELECT COUNT(*) AS tp_count FROM `tea_order` WHERE ( createtime >= $begin and createtime < $end ) LIMIT 1   [ RunTime:0.000000s ]
ERR: 1054:Unknown column '$begin' in 'where clause'
 [ SQL语句 ] : SELECT COUNT(*) AS tp_count FROM `tea_order` WHERE ( createtime >= $begin and createtime < $end ) LIMIT 1  
SQL: SELECT COUNT(*) AS tp_count FROM `tea_order` WHERE ( createtime >= $begin and createtime < $end ) LIMIT 1   [ RunTime:0.000000s ]
ERR: 1054:Unknown column '$begin' in 'where clause'
 [ SQL语句 ] : SELECT COUNT(*) AS tp_count FROM `tea_order` WHERE ( createtime >= $begin and createtime < $end ) LIMIT 1  
INFO: [ app_end ] --START--
INFO: Run Behavior\ShowPageTrace [ RunTime:0.000000s ]
INFO: [ app_end ] --END-- [ RunTime:0.000000s ]

[ 2016-07-05T16:10:23+08:00 ] 127.0.0.1 /onethink/index.php?s=/Home/Sales/getOrderCountRecentWeek.html
SQL: SHOW COLUMNS FROM `tea_order` [ RunTime:0.015625s ]
SQL: SELECT COUNT(*) AS tp_count FROM `tea_order` WHERE ( createtime >= $begin and createtime < $end ) LIMIT 1   [ RunTime:0.000000s ]
ERR: 1054:Unknown column '$begin' in 'where clause'
 [ SQL语句 ] : SELECT COUNT(*) AS tp_count FROM `tea_order` WHERE ( createtime >= $begin and createtime < $end ) LIMIT 1  
SQL: SELECT COUNT(*) AS tp_count FROM `tea_order` WHERE ( createtime >= $begin and createtime < $end ) LIMIT 1   [ RunTime:0.000000s ]
ERR: 1054:Unknown column '$begin' in 'where clause'
 [ SQL语句 ] : SELECT COUNT(*) AS tp_count FROM `tea_order` WHERE ( createtime >= $begin and createtime < $end ) LIMIT 1  
SQL: SELECT COUNT(*) AS tp_count FROM `tea_order` WHERE ( createtime >= $begin and createtime < $end ) LIMIT 1   [ RunTime:0.000000s ]
ERR: 1054:Unknown column '$begin' in 'where clause'
 [ SQL语句 ] : SELECT COUNT(*) AS tp_count FROM `tea_order` WHERE ( createtime >= $begin and createtime < $end ) LIMIT 1  
SQL: SELECT COUNT(*) AS tp_count FROM `tea_order` WHERE ( createtime >= $begin and createtime < $end ) LIMIT 1   [ RunTime:0.000000s ]
ERR: 1054:Unknown column '$begin' in 'where clause'
 [ SQL语句 ] : SELECT COUNT(*) AS tp_count FROM `tea_order` WHERE ( createtime >= $begin and createtime < $end ) LIMIT 1  
SQL: SELECT COUNT(*) AS tp_count FROM `tea_order` WHERE ( createtime >= $begin and createtime < $end ) LIMIT 1   [ RunTime:0.000000s ]
ERR: 1054:Unknown column '$begin' in 'where clause'
 [ SQL语句 ] : SELECT COUNT(*) AS tp_count FROM `tea_order` WHERE ( createtime >= $begin and createtime < $end ) LIMIT 1  
SQL: SELECT COUNT(*) AS tp_count FROM `tea_order` WHERE ( createtime >= $begin and createtime < $end ) LIMIT 1   [ RunTime:0.000000s ]
ERR: 1054:Unknown column '$begin' in 'where clause'
 [ SQL语句 ] : SELECT COUNT(*) AS tp_count FROM `tea_order` WHERE ( createtime >= $begin and createtime < $end ) LIMIT 1  
SQL: SELECT COUNT(*) AS tp_count FROM `tea_order` WHERE ( createtime >= $begin and createtime < $end ) LIMIT 1   [ RunTime:0.000000s ]
ERR: 1054:Unknown column '$begin' in 'where clause'
 [ SQL语句 ] : SELECT COUNT(*) AS tp_count FROM `tea_order` WHERE ( createtime >= $begin and createtime < $end ) LIMIT 1  
INFO: [ app_end ] --START--
INFO: Run Behavior\ShowPageTrace [ RunTime:0.000000s ]
INFO: [ app_end ] --END-- [ RunTime:0.000000s ]

[ 2016-07-05T16:10:56+08:00 ] 127.0.0.1 /onethink/index.php?s=/Home/Sales/getOrderCountRecentWeek.html
SQL: SHOW COLUMNS FROM `tea_order` [ RunTime:0.000000s ]
SQL: SELECT COUNT(*) AS tp_count FROM `tea_order` WHERE ( createtime >= $begin and createtime < $end ) LIMIT 1   [ RunTime:0.000000s ]
ERR: 1054:Unknown column '$begin' in 'where clause'
 [ SQL语句 ] : SELECT COUNT(*) AS tp_count FROM `tea_order` WHERE ( createtime >= $begin and createtime < $end ) LIMIT 1  
SQL: SELECT COUNT(*) AS tp_count FROM `tea_order` WHERE ( createtime >= $begin and createtime < $end ) LIMIT 1   [ RunTime:0.000000s ]
ERR: 1054:Unknown column '$begin' in 'where clause'
 [ SQL语句 ] : SELECT COUNT(*) AS tp_count FROM `tea_order` WHERE ( createtime >= $begin and createtime < $end ) LIMIT 1  
SQL: SELECT COUNT(*) AS tp_count FROM `tea_order` WHERE ( createtime >= $begin and createtime < $end ) LIMIT 1   [ RunTime:0.000000s ]
ERR: 1054:Unknown column '$begin' in 'where clause'
 [ SQL语句 ] : SELECT COUNT(*) AS tp_count FROM `tea_order` WHERE ( createtime >= $begin and createtime < $end ) LIMIT 1  
SQL: SELECT COUNT(*) AS tp_count FROM `tea_order` WHERE ( createtime >= $begin and createtime < $end ) LIMIT 1   [ RunTime:0.000000s ]
ERR: 1054:Unknown column '$begin' in 'where clause'
 [ SQL语句 ] : SELECT COUNT(*) AS tp_count FROM `tea_order` WHERE ( createtime >= $begin and createtime < $end ) LIMIT 1  
SQL: SELECT COUNT(*) AS tp_count FROM `tea_order` WHERE ( createtime >= $begin and createtime < $end ) LIMIT 1   [ RunTime:0.000000s ]
ERR: 1054:Unknown column '$begin' in 'where clause'
 [ SQL语句 ] : SELECT COUNT(*) AS tp_count FROM `tea_order` WHERE ( createtime >= $begin and createtime < $end ) LIMIT 1  
SQL: SELECT COUNT(*) AS tp_count FROM `tea_order` WHERE ( createtime >= $begin and createtime < $end ) LIMIT 1   [ RunTime:0.000000s ]
ERR: 1054:Unknown column '$begin' in 'where clause'
 [ SQL语句 ] : SELECT COUNT(*) AS tp_count FROM `tea_order` WHERE ( createtime >= $begin and createtime < $end ) LIMIT 1  
SQL: SELECT COUNT(*) AS tp_count FROM `tea_order` WHERE ( createtime >= $begin and createtime < $end ) LIMIT 1   [ RunTime:0.000000s ]
ERR: 1054:Unknown column '$begin' in 'where clause'
 [ SQL语句 ] : SELECT COUNT(*) AS tp_count FROM `tea_order` WHERE ( createtime >= $begin and createtime < $end ) LIMIT 1  
INFO: [ app_end ] --START--
INFO: Run Behavior\ShowPageTrace [ RunTime:0.000000s ]
INFO: [ app_end ] --END-- [ RunTime:0.000000s ]

[ 2016-07-05T16:12:39+08:00 ] 127.0.0.1 /onethink/index.php?s=/Home/Sales/getOrderCountRecentWeek.html
SQL: SHOW COLUMNS FROM `tea_order` [ RunTime:0.000000s ]
SQL: SELECT COUNT(*) AS tp_count FROM `tea_order` WHERE ( createtime >= $begin and createtime < $end ) LIMIT 1   [ RunTime:0.000000s ]
ERR: 1054:Unknown column '$begin' in 'where clause'
 [ SQL语句 ] : SELECT COUNT(*) AS tp_count FROM `tea_order` WHERE ( createtime >= $begin and createtime < $end ) LIMIT 1  
SQL: SELECT * FROM `tea_order` WHERE ( createtime >= $begin and createtime < $end )  [ RunTime:0.000000s ]
ERR: 1054:Unknown column '$begin' in 'where clause'
 [ SQL语句 ] : SELECT * FROM `tea_order` WHERE ( createtime >= $begin and createtime < $end ) 
SQL: SELECT COUNT(*) AS tp_count FROM `tea_order` WHERE ( createtime >= $begin and createtime < $end ) LIMIT 1   [ RunTime:0.000000s ]
ERR: 1054:Unknown column '$begin' in 'where clause'
 [ SQL语句 ] : SELECT COUNT(*) AS tp_count FROM `tea_order` WHERE ( createtime >= $begin and createtime < $end ) LIMIT 1  
SQL: SELECT * FROM `tea_order` WHERE ( createtime >= $begin and createtime < $end )  [ RunTime:0.000000s ]
ERR: 1054:Unknown column '$begin' in 'where clause'
 [ SQL语句 ] : SELECT * FROM `tea_order` WHERE ( createtime >= $begin and createtime < $end ) 
SQL: SELECT COUNT(*) AS tp_count FROM `tea_order` WHERE ( createtime >= $begin and createtime < $end ) LIMIT 1   [ RunTime:0.015625s ]
ERR: 1054:Unknown column '$begin' in 'where clause'
 [ SQL语句 ] : SELECT COUNT(*) AS tp_count FROM `tea_order` WHERE ( createtime >= $begin and createtime < $end ) LIMIT 1  
SQL: SELECT * FROM `tea_order` WHERE ( createtime >= $begin and createtime < $end )  [ RunTime:0.000000s ]
ERR: 1054:Unknown column '$begin' in 'where clause'
 [ SQL语句 ] : SELECT * FROM `tea_order` WHERE ( createtime >= $begin and createtime < $end ) 
SQL: SELECT COUNT(*) AS tp_count FROM `tea_order` WHERE ( createtime >= $begin and createtime < $end ) LIMIT 1   [ RunTime:0.000000s ]
ERR: 1054:Unknown column '$begin' in 'where clause'
 [ SQL语句 ] : SELECT COUNT(*) AS tp_count FROM `tea_order` WHERE ( createtime >= $begin and createtime < $end ) LIMIT 1  
SQL: SELECT * FROM `tea_order` WHERE ( createtime >= $begin and createtime < $end )  [ RunTime:0.000000s ]
ERR: 1054:Unknown column '$begin' in 'where clause'
 [ SQL语句 ] : SELECT * FROM `tea_order` WHERE ( createtime >= $begin and createtime < $end ) 
SQL: SELECT COUNT(*) AS tp_count FROM `tea_order` WHERE ( createtime >= $begin and createtime < $end ) LIMIT 1   [ RunTime:0.000000s ]
ERR: 1054:Unknown column '$begin' in 'where clause'
 [ SQL语句 ] : SELECT COUNT(*) AS tp_count FROM `tea_order` WHERE ( createtime >= $begin and createtime < $end ) LIMIT 1  
SQL: SELECT * FROM `tea_order` WHERE ( createtime >= $begin and createtime < $end )  [ RunTime:0.000000s ]
ERR: 1054:Unknown column '$begin' in 'where clause'
 [ SQL语句 ] : SELECT * FROM `tea_order` WHERE ( createtime >= $begin and createtime < $end ) 
SQL: SELECT COUNT(*) AS tp_count FROM `tea_order` WHERE ( createtime >= $begin and createtime < $end ) LIMIT 1   [ RunTime:0.000000s ]
ERR: 1054:Unknown column '$begin' in 'where clause'
 [ SQL语句 ] : SELECT COUNT(*) AS tp_count FROM `tea_order` WHERE ( createtime >= $begin and createtime < $end ) LIMIT 1  
SQL: SELECT * FROM `tea_order` WHERE ( createtime >= $begin and createtime < $end )  [ RunTime:0.000000s ]
ERR: 1054:Unknown column '$begin' in 'where clause'
 [ SQL语句 ] : SELECT * FROM `tea_order` WHERE ( createtime >= $begin and createtime < $end ) 
SQL: SELECT COUNT(*) AS tp_count FROM `tea_order` WHERE ( createtime >= $begin and createtime < $end ) LIMIT 1   [ RunTime:0.000000s ]
ERR: 1054:Unknown column '$begin' in 'where clause'
 [ SQL语句 ] : SELECT COUNT(*) AS tp_count FROM `tea_order` WHERE ( createtime >= $begin and createtime < $end ) LIMIT 1  
SQL: SELECT * FROM `tea_order` WHERE ( createtime >= $begin and createtime < $end )  [ RunTime:0.000000s ]
ERR: 1054:Unknown column '$begin' in 'where clause'
 [ SQL语句 ] : SELECT * FROM `tea_order` WHERE ( createtime >= $begin and createtime < $end ) 
INFO: [ app_end ] --START--
INFO: Run Behavior\ShowPageTrace [ RunTime:0.000000s ]
INFO: [ app_end ] --END-- [ RunTime:0.000000s ]

[ 2016-07-05T16:14:25+08:00 ] 127.0.0.1 /onethink/index.php?s=/Home/Sales/getOrderCountRecentWeek.html
SQL: SHOW COLUMNS FROM `tea_order` [ RunTime:0.000000s ]
SQL: SELECT COUNT(*) AS tp_count FROM `tea_order` WHERE ( createtime >= 1467561600 and createtime < 1467648000 ) LIMIT 1   [ RunTime:0.000000s ]
SQL: SELECT COUNT(*) AS tp_count FROM `tea_order` WHERE ( createtime >= 1467475200 and createtime < 1467561600 ) LIMIT 1   [ RunTime:0.000000s ]
SQL: SELECT COUNT(*) AS tp_count FROM `tea_order` WHERE ( createtime >= 1467388800 and createtime < 1467475200 ) LIMIT 1   [ RunTime:0.000000s ]
SQL: SELECT COUNT(*) AS tp_count FROM `tea_order` WHERE ( createtime >= 1467302400 and createtime < 1467388800 ) LIMIT 1   [ RunTime:0.000000s ]
SQL: SELECT COUNT(*) AS tp_count FROM `tea_order` WHERE ( createtime >= 1467216000 and createtime < 1467302400 ) LIMIT 1   [ RunTime:0.000000s ]
SQL: SELECT COUNT(*) AS tp_count FROM `tea_order` WHERE ( createtime >= 1467129600 and createtime < 1467216000 ) LIMIT 1   [ RunTime:0.000000s ]
SQL: SELECT COUNT(*) AS tp_count FROM `tea_order` WHERE ( createtime >= 1467043200 and createtime < 1467129600 ) LIMIT 1   [ RunTime:0.000000s ]
INFO: [ app_end ] --START--
INFO: Run Behavior\ShowPageTrace [ RunTime:0.000000s ]
INFO: [ app_end ] --END-- [ RunTime:0.000000s ]

[ 2016-07-05T16:15:10+08:00 ] 127.0.0.1 /onethink/index.php?s=/Home/Sales/getSalesYesterday
SQL: SHOW COLUMNS FROM `tea_order` [ RunTime:0.000000s ]
SQL: SELECT `orderid` FROM `tea_order` WHERE ( createtime >= 1467561600 and createtime < 1467648000 and status >= 1 )  [ RunTime:0.000000s ]
NOTIC: [8] Use of undefined constant orderid - assumed 'orderid' E:\Vista\projects\onethink\Application\Home\Controller\SalesController.class.php 第 97 行.
SQL: SHOW COLUMNS FROM `tea_goods` [ RunTime:0.015625s ]
SQL: SHOW COLUMNS FROM `tea_coupon` [ RunTime:0.000000s ]
SQL: SHOW COLUMNS FROM `tea_order_goods` [ RunTime:0.015625s ]
SQL: SELECT `couponid`,`deliverymoney` FROM `tea_order` WHERE ( orderid=orderid ) LIMIT 1   [ RunTime:0.000000s ]
SQL: SELECT `type`,`discount`,`disprice` FROM `tea_coupon` WHERE ( couponid = 10001 ) LIMIT 1   [ RunTime:0.000000s ]
SQL: SELECT `goodsid`,`goodscount` FROM `tea_order_goods` WHERE ( orderid=orderid )  [ RunTime:0.000000s ]
SQL: SELECT `curprice` FROM `tea_goods` WHERE ( goodsid = 1 ) LIMIT 1   [ RunTime:0.000000s ]
SQL: SELECT `curprice` FROM `tea_goods` WHERE ( goodsid = 2 ) LIMIT 1   [ RunTime:0.000000s ]
INFO: [ app_end ] --START--
INFO: Run Behavior\ShowPageTrace [ RunTime:0.000000s ]
INFO: [ app_end ] --END-- [ RunTime:0.000000s ]

[ 2016-07-05T16:22:19+08:00 ] 127.0.0.1 /onethink/index.php?s=/Home/Sales/getSalesYesterday
SQL: SHOW COLUMNS FROM `tea_order` [ RunTime:0.000000s ]
SQL: SELECT `orderid` FROM `tea_order` WHERE ( createtime >= 1467561600 and createtime < 1467648000 and status >= 1 )  [ RunTime:0.015625s ]
NOTIC: [8] Use of undefined constant orderid - assumed 'orderid' E:\Vista\projects\onethink\Application\Home\Controller\SalesController.class.php 第 97 行.
SQL: SHOW COLUMNS FROM `tea_goods` [ RunTime:0.000000s ]
SQL: SHOW COLUMNS FROM `tea_coupon` [ RunTime:0.015625s ]
SQL: SHOW COLUMNS FROM `tea_order_goods` [ RunTime:0.000000s ]
SQL: SELECT `couponid`,`deliverymoney` FROM `tea_order` WHERE ( orderid=orderid ) LIMIT 1   [ RunTime:0.000000s ]
SQL: SELECT `type`,`discount`,`disprice` FROM `tea_coupon` WHERE ( couponid = 10001 ) LIMIT 1   [ RunTime:0.000000s ]
SQL: SELECT `goodsid`,`goodscount` FROM `tea_order_goods` WHERE ( orderid=orderid )  [ RunTime:0.000000s ]
SQL: SELECT `curprice` FROM `tea_goods` WHERE ( goodsid = 1 ) LIMIT 1   [ RunTime:0.000000s ]
SQL: SELECT `curprice` FROM `tea_goods` WHERE ( goodsid = 2 ) LIMIT 1   [ RunTime:0.000000s ]
INFO: [ app_end ] --START--
INFO: Run Behavior\ShowPageTrace [ RunTime:0.000000s ]
INFO: [ app_end ] --END-- [ RunTime:0.000000s ]

[ 2016-07-05T16:22:33+08:00 ] 127.0.0.1 /onethink/index.php?s=/Home/Sales/getOrderCountRecentWeek
SQL: SHOW COLUMNS FROM `tea_order` [ RunTime:0.015625s ]
SQL: SELECT COUNT(*) AS tp_count FROM `tea_order` WHERE ( createtime >= 1467561600 and createtime < 1467648000 ) LIMIT 1   [ RunTime:0.000000s ]
SQL: SELECT COUNT(*) AS tp_count FROM `tea_order` WHERE ( createtime >= 1467475200 and createtime < 1467561600 ) LIMIT 1   [ RunTime:0.000000s ]
SQL: SELECT COUNT(*) AS tp_count FROM `tea_order` WHERE ( createtime >= 1467388800 and createtime < 1467475200 ) LIMIT 1   [ RunTime:0.000000s ]
SQL: SELECT COUNT(*) AS tp_count FROM `tea_order` WHERE ( createtime >= 1467302400 and createtime < 1467388800 ) LIMIT 1   [ RunTime:0.000000s ]
SQL: SELECT COUNT(*) AS tp_count FROM `tea_order` WHERE ( createtime >= 1467216000 and createtime < 1467302400 ) LIMIT 1   [ RunTime:0.000000s ]
SQL: SELECT COUNT(*) AS tp_count FROM `tea_order` WHERE ( createtime >= 1467129600 and createtime < 1467216000 ) LIMIT 1   [ RunTime:0.015625s ]
SQL: SELECT COUNT(*) AS tp_count FROM `tea_order` WHERE ( createtime >= 1467043200 and createtime < 1467129600 ) LIMIT 1   [ RunTime:0.000000s ]
INFO: [ app_end ] --START--
INFO: Run Behavior\ShowPageTrace [ RunTime:0.000000s ]
INFO: [ app_end ] --END-- [ RunTime:0.000000s ]

[ 2016-07-05T16:29:43+08:00 ] 127.0.0.1 /onethink/index.php?s=/Home/Index/index.html
SQL: SHOW COLUMNS FROM `wx_category` [ RunTime:0.000000s ]
SQL: SELECT `id`,`name`,`title`,`pid`,`sort`,`list_row`,`meta_title`,`keywords`,`description`,`template_index`,`template_lists`,`template_detail`,`template_edit`,`model`,`type`,`link_id`,`allow_publish`,`display`,`reply`,`check`,`reply_model`,`extend`,`create_time`,`update_time`,`status`,`icon` FROM `wx_category` WHERE ( `status` = 1 ) ORDER BY sort  [ RunTime:0.000000s ]
SQL: SHOW COLUMNS FROM `wx_document` [ RunTime:0.000000s ]
SQL: SELECT `id`,`uid`,`name`,`title`,`category_id`,`description`,`root`,`pid`,`model_id`,`type`,`position`,`link_id`,`cover_id`,`display`,`deadline`,`attach`,`view`,`comment`,`extend`,`level`,`create_time`,`update_time`,`status` FROM `wx_document` WHERE ( `status` = 1 ) AND ( `pid` = 0 ) AND ( `create_time` < 1467707383 ) AND ( deadline = 0 OR deadline > 1467707383 ) ORDER BY `id` DESC  [ RunTime:0.000000s ]
INFO: [ view_parse ] --START--
INFO: [ template_filter ] --START--
INFO: Run Behavior\ContentReplace [ RunTime:0.000000s ]
INFO: [ template_filter ] --END-- [ RunTime:0.000000s ]
SQL: SHOW COLUMNS FROM `wx_channel` [ RunTime:0.000000s ]
SQL: SELECT `id`,`pid`,`title`,`url`,`sort`,`create_time`,`update_time`,`status`,`target` FROM `wx_channel` WHERE ( status=1 ) ORDER BY sort  [ RunTime:0.000000s ]
SQL: SELECT `id`,`name`,`title`,`pid`,`sort`,`list_row`,`meta_title`,`keywords`,`description`,`template_index`,`template_lists`,`template_detail`,`template_edit`,`model`,`type`,`link_id`,`allow_publish`,`display`,`reply`,`check`,`reply_model`,`extend`,`create_time`,`update_time`,`status`,`icon` FROM `wx_category` WHERE ( `id` = 1 ) LIMIT 1   [ RunTime:0.000000s ]
SQL: SELECT `id`,`name`,`pid`,`title`,`link_id` FROM `wx_category` WHERE ( `status` = 1 ) ORDER BY sort  [ RunTime:0.000000s ]
INFO: [ view_parse ] --START--
INFO: [ template_filter ] --START--
INFO: Run Behavior\ContentReplace [ RunTime:0.000000s ]
INFO: [ template_filter ] --END-- [ RunTime:-0.031250s ]
INFO: Run Behavior\ParseTemplate [ RunTime:0.015625s ]
INFO: [ view_parse ] --END-- [ RunTime:0.015625s ]
INFO: [ view_filter ] --START--
INFO: Run Behavior\WriteHtmlCache [ RunTime:0.000000s ]
INFO: [ view_filter ] --END-- [ RunTime:0.000000s ]
SQL: SELECT `id`,`name`,`title`,`pid`,`sort`,`list_row`,`meta_title`,`keywords`,`description`,`template_index`,`template_lists`,`template_detail`,`template_edit`,`model`,`type`,`link_id`,`allow_publish`,`display`,`reply`,`check`,`reply_model`,`extend`,`create_time`,`update_time`,`status`,`icon` FROM `wx_category` WHERE ( `id` = 1 ) LIMIT 1   [ RunTime:0.000000s ]
SQL: SELECT `id`,`name`,`pid`,`title`,`link_id` FROM `wx_category` WHERE ( `status` = 1 ) ORDER BY sort  [ RunTime:0.000000s ]
SQL: SELECT `id`,`uid`,`name`,`title`,`category_id`,`description`,`root`,`pid`,`model_id`,`type`,`position`,`link_id`,`cover_id`,`display`,`deadline`,`attach`,`view`,`comment`,`extend`,`level`,`create_time`,`update_time`,`status` FROM `wx_document` WHERE ( `status` = 1 ) AND ( `pid` = 0 ) AND ( `category_id` = 2 ) AND ( `create_time` < 1467707383 ) AND ( deadline = 0 OR deadline > 1467707383 ) ORDER BY `level` DESC,`id` DESC LIMIT 0,10   [ RunTime:0.000000s ]
INFO: Run Behavior\ParseTemplate [ RunTime:0.031250s ]
INFO: [ view_parse ] --END-- [ RunTime:0.015625s ]
INFO: [ view_filter ] --START--
INFO: Run Behavior\WriteHtmlCache [ RunTime:0.000000s ]
INFO: [ view_filter ] --END-- [ RunTime:-0.015625s ]
INFO: [ app_end ] --START--
INFO: Run Behavior\ShowPageTrace [ RunTime:0.000000s ]
INFO: [ app_end ] --END-- [ RunTime:0.000000s ]

[ 2016-07-05T16:30:10+08:00 ] 127.0.0.1 /onethink/index.php?s=/Home/Index/index.html
SQL: SHOW COLUMNS FROM `wx_category` [ RunTime:0.000000s ]
SQL: SELECT `id`,`name`,`title`,`pid`,`sort`,`list_row`,`meta_title`,`keywords`,`description`,`template_index`,`template_lists`,`template_detail`,`template_edit`,`model`,`type`,`link_id`,`allow_publish`,`display`,`reply`,`check`,`reply_model`,`extend`,`create_time`,`update_time`,`status`,`icon` FROM `wx_category` WHERE ( `status` = 1 ) ORDER BY sort  [ RunTime:0.015625s ]
SQL: SHOW COLUMNS FROM `wx_document` [ RunTime:0.000000s ]
SQL: SELECT `id`,`uid`,`name`,`title`,`category_id`,`description`,`root`,`pid`,`model_id`,`type`,`position`,`link_id`,`cover_id`,`display`,`deadline`,`attach`,`view`,`comment`,`extend`,`level`,`create_time`,`update_time`,`status` FROM `wx_document` WHERE ( `status` = 1 ) AND ( `pid` = 0 ) AND ( `create_time` < 1467707410 ) AND ( deadline = 0 OR deadline > 1467707410 ) ORDER BY `id` DESC  [ RunTime:0.000000s ]
INFO: [ view_parse ] --START--
INFO: [ template_filter ] --START--
INFO: Run Behavior\ContentReplace [ RunTime:0.000000s ]
INFO: [ template_filter ] --END-- [ RunTime:0.000000s ]
SQL: SHOW COLUMNS FROM `wx_channel` [ RunTime:0.015625s ]
SQL: SELECT `id`,`pid`,`title`,`url`,`sort`,`create_time`,`update_time`,`status`,`target` FROM `wx_channel` WHERE ( status=1 ) ORDER BY sort  [ RunTime:0.000000s ]
SQL: SELECT `id`,`name`,`title`,`pid`,`sort`,`list_row`,`meta_title`,`keywords`,`description`,`template_index`,`template_lists`,`template_detail`,`template_edit`,`model`,`type`,`link_id`,`allow_publish`,`display`,`reply`,`check`,`reply_model`,`extend`,`create_time`,`update_time`,`status`,`icon` FROM `wx_category` WHERE ( `id` = 1 ) LIMIT 1   [ RunTime:0.000000s ]
SQL: SELECT `id`,`name`,`pid`,`title`,`link_id` FROM `wx_category` WHERE ( `status` = 1 ) ORDER BY sort  [ RunTime:0.000000s ]
INFO: [ view_parse ] --START--
INFO: [ template_filter ] --START--
INFO: Run Behavior\ContentReplace [ RunTime:0.000000s ]
INFO: [ template_filter ] --END-- [ RunTime:-0.031250s ]
INFO: Run Behavior\ParseTemplate [ RunTime:0.015625s ]
INFO: [ view_parse ] --END-- [ RunTime:0.015625s ]
INFO: [ view_filter ] --START--
INFO: Run Behavior\WriteHtmlCache [ RunTime:0.000000s ]
INFO: [ view_filter ] --END-- [ RunTime:0.000000s ]
SQL: SELECT `id`,`name`,`title`,`pid`,`sort`,`list_row`,`meta_title`,`keywords`,`description`,`template_index`,`template_lists`,`template_detail`,`template_edit`,`model`,`type`,`link_id`,`allow_publish`,`display`,`reply`,`check`,`reply_model`,`extend`,`create_time`,`update_time`,`status`,`icon` FROM `wx_category` WHERE ( `id` = 1 ) LIMIT 1   [ RunTime:0.000000s ]
SQL: SELECT `id`,`name`,`pid`,`title`,`link_id` FROM `wx_category` WHERE ( `status` = 1 ) ORDER BY sort  [ RunTime:0.000000s ]
SQL: SELECT `id`,`uid`,`name`,`title`,`category_id`,`description`,`root`,`pid`,`model_id`,`type`,`position`,`link_id`,`cover_id`,`display`,`deadline`,`attach`,`view`,`comment`,`extend`,`level`,`create_time`,`update_time`,`status` FROM `wx_document` WHERE ( `status` = 1 ) AND ( `pid` = 0 ) AND ( `category_id` = 2 ) AND ( `create_time` < 1467707410 ) AND ( deadline = 0 OR deadline > 1467707410 ) ORDER BY `level` DESC,`id` DESC LIMIT 0,10   [ RunTime:0.000000s ]
INFO: Run Behavior\ParseTemplate [ RunTime:0.031250s ]
INFO: [ view_parse ] --END-- [ RunTime:0.015625s ]
INFO: [ view_filter ] --START--
INFO: Run Behavior\WriteHtmlCache [ RunTime:0.000000s ]
INFO: [ view_filter ] --END-- [ RunTime:-0.015625s ]
INFO: [ app_end ] --START--
INFO: Run Behavior\ShowPageTrace [ RunTime:0.000000s ]
INFO: [ app_end ] --END-- [ RunTime:0.000000s ]

[ 2016-07-05T16:31:47+08:00 ] 127.0.0.1 /onethink/index.php?s=/Home/Index/index.html
SQL: SHOW COLUMNS FROM `wx_category` [ RunTime:0.000000s ]
SQL: SELECT `id`,`name`,`title`,`pid`,`sort`,`list_row`,`meta_title`,`keywords`,`description`,`template_index`,`template_lists`,`template_detail`,`template_edit`,`model`,`type`,`link_id`,`allow_publish`,`display`,`reply`,`check`,`reply_model`,`extend`,`create_time`,`update_time`,`status`,`icon` FROM `wx_category` WHERE ( `status` = 1 ) ORDER BY sort  [ RunTime:0.000000s ]
SQL: SHOW COLUMNS FROM `wx_document` [ RunTime:0.000000s ]
SQL: SELECT `id`,`uid`,`name`,`title`,`category_id`,`description`,`root`,`pid`,`model_id`,`type`,`position`,`link_id`,`cover_id`,`display`,`deadline`,`attach`,`view`,`comment`,`extend`,`level`,`create_time`,`update_time`,`status` FROM `wx_document` WHERE ( `status` = 1 ) AND ( `pid` = 0 ) AND ( `create_time` < 1467707506 ) AND ( deadline = 0 OR deadline > 1467707506 ) ORDER BY `id` DESC  [ RunTime:0.000000s ]
INFO: [ view_parse ] --START--
INFO: [ template_filter ] --START--
INFO: Run Behavior\ContentReplace [ RunTime:0.000000s ]
INFO: [ template_filter ] --END-- [ RunTime:0.000000s ]
SQL: SHOW COLUMNS FROM `wx_channel` [ RunTime:0.015625s ]
SQL: SELECT `id`,`pid`,`title`,`url`,`sort`,`create_time`,`update_time`,`status`,`target` FROM `wx_channel` WHERE ( status=1 ) ORDER BY sort  [ RunTime:0.000000s ]
SQL: SELECT `id`,`name`,`title`,`pid`,`sort`,`list_row`,`meta_title`,`keywords`,`description`,`template_index`,`template_lists`,`template_detail`,`template_edit`,`model`,`type`,`link_id`,`allow_publish`,`display`,`reply`,`check`,`reply_model`,`extend`,`create_time`,`update_time`,`status`,`icon` FROM `wx_category` WHERE ( `id` = 1 ) LIMIT 1   [ RunTime:0.000000s ]
SQL: SELECT `id`,`name`,`pid`,`title`,`link_id` FROM `wx_category` WHERE ( `status` = 1 ) ORDER BY sort  [ RunTime:0.000000s ]
INFO: [ view_parse ] --START--
INFO: [ template_filter ] --START--
INFO: Run Behavior\ContentReplace [ RunTime:0.000000s ]
INFO: [ template_filter ] --END-- [ RunTime:-0.031250s ]
INFO: Run Behavior\ParseTemplate [ RunTime:0.015625s ]
INFO: [ view_parse ] --END-- [ RunTime:0.015625s ]
INFO: [ view_filter ] --START--
INFO: Run Behavior\WriteHtmlCache [ RunTime:0.000000s ]
INFO: [ view_filter ] --END-- [ RunTime:0.000000s ]
SQL: SELECT `id`,`name`,`title`,`pid`,`sort`,`list_row`,`meta_title`,`keywords`,`description`,`template_index`,`template_lists`,`template_detail`,`template_edit`,`model`,`type`,`link_id`,`allow_publish`,`display`,`reply`,`check`,`reply_model`,`extend`,`create_time`,`update_time`,`status`,`icon` FROM `wx_category` WHERE ( `id` = 1 ) LIMIT 1   [ RunTime:0.000000s ]
SQL: SELECT `id`,`name`,`pid`,`title`,`link_id` FROM `wx_category` WHERE ( `status` = 1 ) ORDER BY sort  [ RunTime:0.000000s ]
SQL: SELECT `id`,`uid`,`name`,`title`,`category_id`,`description`,`root`,`pid`,`model_id`,`type`,`position`,`link_id`,`cover_id`,`display`,`deadline`,`attach`,`view`,`comment`,`extend`,`level`,`create_time`,`update_time`,`status` FROM `wx_document` WHERE ( `status` = 1 ) AND ( `pid` = 0 ) AND ( `category_id` = 2 ) AND ( `create_time` < 1467707506 ) AND ( deadline = 0 OR deadline > 1467707506 ) ORDER BY `level` DESC,`id` DESC LIMIT 0,10   [ RunTime:0.000000s ]
INFO: Run Behavior\ParseTemplate [ RunTime:0.031250s ]
INFO: [ view_parse ] --END-- [ RunTime:0.015625s ]
INFO: [ view_filter ] --START--
INFO: Run Behavior\WriteHtmlCache [ RunTime:0.000000s ]
INFO: [ view_filter ] --END-- [ RunTime:-0.015625s ]
INFO: [ app_end ] --START--
INFO: Run Behavior\ShowPageTrace [ RunTime:0.000000s ]
INFO: [ app_end ] --END-- [ RunTime:0.000000s ]

[ 2016-07-05T16:32:02+08:00 ] 127.0.0.1 /onethink/index.php?s=/Home/Sales/getSalesYesterday
SQL: SHOW COLUMNS FROM `tea_order` [ RunTime:0.000000s ]
SQL: SELECT `orderid` FROM `tea_order` WHERE ( createtime >= 1467561600 and createtime < 1467648000 and status >= 1 )  [ RunTime:0.000000s ]
NOTIC: [8] Use of undefined constant orderid - assumed 'orderid' E:\Vista\projects\onethink\Application\Home\Controller\SalesController.class.php 第 104 行.
SQL: SHOW COLUMNS FROM `tea_goods` [ RunTime:0.000000s ]
SQL: SHOW COLUMNS FROM `tea_coupon` [ RunTime:0.015625s ]
SQL: SHOW COLUMNS FROM `tea_order_goods` [ RunTime:0.000000s ]
SQL: SELECT `couponid`,`deliverymoney` FROM `tea_order` WHERE ( orderid=orderid ) LIMIT 1   [ RunTime:0.000000s ]
SQL: SELECT `type`,`discount`,`disprice` FROM `tea_coupon` WHERE ( couponid = 10001 ) LIMIT 1   [ RunTime:0.000000s ]
SQL: SELECT `goodsid`,`goodscount` FROM `tea_order_goods` WHERE ( orderid=orderid )  [ RunTime:0.000000s ]
SQL: SELECT `curprice` FROM `tea_goods` WHERE ( goodsid = 1 ) LIMIT 1   [ RunTime:0.000000s ]
SQL: SELECT `curprice` FROM `tea_goods` WHERE ( goodsid = 2 ) LIMIT 1   [ RunTime:0.000000s ]
INFO: [ app_end ] --START--
INFO: Run Behavior\ShowPageTrace [ RunTime:0.000000s ]
INFO: [ app_end ] --END-- [ RunTime:0.000000s ]

[ 2016-07-05T16:32:57+08:00 ] 127.0.0.1 /onethink/index.php?s=/Home/Sales/getSalesYesterday
SQL: SHOW COLUMNS FROM `tea_order` [ RunTime:0.000000s ]
SQL: SELECT `orderid` FROM `tea_order` WHERE ( createtime >= 1467561600 and createtime < 1467648000 and status >= 1 )  [ RunTime:0.000000s ]
NOTIC: [8] Use of undefined constant orderid - assumed 'orderid' E:\Vista\projects\onethink\Application\Home\Controller\SalesController.class.php 第 104 行.
SQL: SHOW COLUMNS FROM `tea_goods` [ RunTime:0.015625s ]
SQL: SHOW COLUMNS FROM `tea_coupon` [ RunTime:0.000000s ]
SQL: SHOW COLUMNS FROM `tea_order_goods` [ RunTime:0.015625s ]
SQL: SELECT `couponid`,`deliverymoney` FROM `tea_order` WHERE ( orderid=orderid ) LIMIT 1   [ RunTime:0.000000s ]
SQL: SELECT `type`,`discount`,`disprice` FROM `tea_coupon` WHERE ( couponid = 10001 ) LIMIT 1   [ RunTime:0.000000s ]
SQL: SELECT `goodsid`,`goodscount` FROM `tea_order_goods` WHERE ( orderid=orderid )  [ RunTime:0.000000s ]
SQL: SELECT `curprice` FROM `tea_goods` WHERE ( goodsid = 1 ) LIMIT 1   [ RunTime:0.000000s ]
SQL: SELECT `curprice` FROM `tea_goods` WHERE ( goodsid = 2 ) LIMIT 1   [ RunTime:0.000000s ]
INFO: [ app_end ] --START--
INFO: Run Behavior\ShowPageTrace [ RunTime:0.000000s ]
INFO: [ app_end ] --END-- [ RunTime:0.000000s ]

[ 2016-07-05T16:33:15+08:00 ] 127.0.0.1 /onethink/index.php?s=/Home/Index/index.html
SQL: SHOW COLUMNS FROM `wx_category` [ RunTime:0.000000s ]
SQL: SELECT `id`,`name`,`title`,`pid`,`sort`,`list_row`,`meta_title`,`keywords`,`description`,`template_index`,`template_lists`,`template_detail`,`template_edit`,`model`,`type`,`link_id`,`allow_publish`,`display`,`reply`,`check`,`reply_model`,`extend`,`create_time`,`update_time`,`status`,`icon` FROM `wx_category` WHERE ( `status` = 1 ) ORDER BY sort  [ RunTime:0.000000s ]
SQL: SHOW COLUMNS FROM `wx_document` [ RunTime:0.015625s ]
SQL: SELECT `id`,`uid`,`name`,`title`,`category_id`,`description`,`root`,`pid`,`model_id`,`type`,`position`,`link_id`,`cover_id`,`display`,`deadline`,`attach`,`view`,`comment`,`extend`,`level`,`create_time`,`update_time`,`status` FROM `wx_document` WHERE ( `status` = 1 ) AND ( `pid` = 0 ) AND ( `create_time` < 1467707595 ) AND ( deadline = 0 OR deadline > 1467707595 ) ORDER BY `id` DESC  [ RunTime:0.000000s ]
INFO: [ view_parse ] --START--
INFO: [ template_filter ] --START--
INFO: Run Behavior\ContentReplace [ RunTime:0.000000s ]
INFO: [ template_filter ] --END-- [ RunTime:0.000000s ]
SQL: SHOW COLUMNS FROM `wx_channel` [ RunTime:0.000000s ]
SQL: SELECT `id`,`pid`,`title`,`url`,`sort`,`create_time`,`update_time`,`status`,`target` FROM `wx_channel` WHERE ( status=1 ) ORDER BY sort  [ RunTime:0.000000s ]
SQL: SELECT `id`,`name`,`title`,`pid`,`sort`,`list_row`,`meta_title`,`keywords`,`description`,`template_index`,`template_lists`,`template_detail`,`template_edit`,`model`,`type`,`link_id`,`allow_publish`,`display`,`reply`,`check`,`reply_model`,`extend`,`create_time`,`update_time`,`status`,`icon` FROM `wx_category` WHERE ( `id` = 1 ) LIMIT 1   [ RunTime:0.000000s ]
SQL: SELECT `id`,`name`,`pid`,`title`,`link_id` FROM `wx_category` WHERE ( `status` = 1 ) ORDER BY sort  [ RunTime:0.000000s ]
INFO: [ view_parse ] --START--
INFO: [ template_filter ] --START--
INFO: Run Behavior\ContentReplace [ RunTime:0.000000s ]
INFO: [ template_filter ] --END-- [ RunTime:-0.046875s ]
INFO: Run Behavior\ParseTemplate [ RunTime:0.015625s ]
INFO: [ view_parse ] --END-- [ RunTime:0.015625s ]
INFO: [ view_filter ] --START--
INFO: Run Behavior\WriteHtmlCache [ RunTime:0.000000s ]
INFO: [ view_filter ] --END-- [ RunTime:0.000000s ]
SQL: SELECT `id`,`name`,`title`,`pid`,`sort`,`list_row`,`meta_title`,`keywords`,`description`,`template_index`,`template_lists`,`template_detail`,`template_edit`,`model`,`type`,`link_id`,`allow_publish`,`display`,`reply`,`check`,`reply_model`,`extend`,`create_time`,`update_time`,`status`,`icon` FROM `wx_category` WHERE ( `id` = 1 ) LIMIT 1   [ RunTime:0.000000s ]
SQL: SELECT `id`,`name`,`pid`,`title`,`link_id` FROM `wx_category` WHERE ( `status` = 1 ) ORDER BY sort  [ RunTime:0.000000s ]
SQL: SELECT `id`,`uid`,`name`,`title`,`category_id`,`description`,`root`,`pid`,`model_id`,`type`,`position`,`link_id`,`cover_id`,`display`,`deadline`,`attach`,`view`,`comment`,`extend`,`level`,`create_time`,`update_time`,`status` FROM `wx_document` WHERE ( `status` = 1 ) AND ( `pid` = 0 ) AND ( `category_id` = 2 ) AND ( `create_time` < 1467707595 ) AND ( deadline = 0 OR deadline > 1467707595 ) ORDER BY `level` DESC,`id` DESC LIMIT 0,10   [ RunTime:0.000000s ]
INFO: Run Behavior\ParseTemplate [ RunTime:0.031250s ]
INFO: [ view_parse ] --END-- [ RunTime:0.015625s ]
INFO: [ view_filter ] --START--
INFO: Run Behavior\WriteHtmlCache [ RunTime:0.000000s ]
INFO: [ view_filter ] --END-- [ RunTime:-0.015625s ]
INFO: [ app_end ] --START--
INFO: Run Behavior\ShowPageTrace [ RunTime:0.000000s ]
INFO: [ app_end ] --END-- [ RunTime:0.000000s ]

[ 2016-07-05T16:33:17+08:00 ] 127.0.0.1 /onethink/index.php?s=/Home/Sales/getSalesYesterday
SQL: SHOW COLUMNS FROM `tea_order` [ RunTime:0.000000s ]
SQL: SELECT `orderid` FROM `tea_order` WHERE ( createtime >= 1467561600 and createtime < 1467648000 and status >= 1 )  [ RunTime:0.000000s ]
NOTIC: [8] Use of undefined constant orderid - assumed 'orderid' E:\Vista\projects\onethink\Application\Home\Controller\SalesController.class.php 第 104 行.
SQL: SHOW COLUMNS FROM `tea_goods` [ RunTime:0.015625s ]
SQL: SHOW COLUMNS FROM `tea_coupon` [ RunTime:0.000000s ]
SQL: SHOW COLUMNS FROM `tea_order_goods` [ RunTime:0.015625s ]
SQL: SELECT `couponid`,`deliverymoney` FROM `tea_order` WHERE ( orderid=orderid ) LIMIT 1   [ RunTime:0.000000s ]
SQL: SELECT `type`,`discount`,`disprice` FROM `tea_coupon` WHERE ( couponid = 10001 ) LIMIT 1   [ RunTime:0.000000s ]
SQL: SELECT `goodsid`,`goodscount` FROM `tea_order_goods` WHERE ( orderid=orderid )  [ RunTime:0.000000s ]
SQL: SELECT `curprice` FROM `tea_goods` WHERE ( goodsid = 1 ) LIMIT 1   [ RunTime:0.000000s ]
SQL: SELECT `curprice` FROM `tea_goods` WHERE ( goodsid = 2 ) LIMIT 1   [ RunTime:0.000000s ]
INFO: [ app_end ] --START--
INFO: Run Behavior\ShowPageTrace [ RunTime:0.000000s ]
INFO: [ app_end ] --END-- [ RunTime:0.000000s ]

[ 2016-07-05T16:33:18+08:00 ] 127.0.0.1 /onethink/index.php?s=/Home/Sales/getSalesYesterday
SQL: SHOW COLUMNS FROM `tea_order` [ RunTime:0.000000s ]
SQL: SELECT `orderid` FROM `tea_order` WHERE ( createtime >= 1467561600 and createtime < 1467648000 and status >= 1 )  [ RunTime:0.000000s ]
NOTIC: [8] Use of undefined constant orderid - assumed 'orderid' E:\Vista\projects\onethink\Application\Home\Controller\SalesController.class.php 第 104 行.
SQL: SHOW COLUMNS FROM `tea_goods` [ RunTime:0.000000s ]
SQL: SHOW COLUMNS FROM `tea_coupon` [ RunTime:0.015625s ]
SQL: SHOW COLUMNS FROM `tea_order_goods` [ RunTime:0.000000s ]
SQL: SELECT `couponid`,`deliverymoney` FROM `tea_order` WHERE ( orderid=orderid ) LIMIT 1   [ RunTime:0.000000s ]
SQL: SELECT `type`,`discount`,`disprice` FROM `tea_coupon` WHERE ( couponid = 10001 ) LIMIT 1   [ RunTime:0.000000s ]
SQL: SELECT `goodsid`,`goodscount` FROM `tea_order_goods` WHERE ( orderid=orderid )  [ RunTime:0.000000s ]
SQL: SELECT `curprice` FROM `tea_goods` WHERE ( goodsid = 1 ) LIMIT 1   [ RunTime:0.000000s ]
SQL: SELECT `curprice` FROM `tea_goods` WHERE ( goodsid = 2 ) LIMIT 1   [ RunTime:0.000000s ]
INFO: [ app_end ] --START--
INFO: Run Behavior\ShowPageTrace [ RunTime:0.000000s ]
INFO: [ app_end ] --END-- [ RunTime:0.000000s ]

[ 2016-07-05T16:33:21+08:00 ] 127.0.0.1 /onethink/index.php?s=/Home/Sales/getSalesYesterday
SQL: SHOW COLUMNS FROM `tea_order` [ RunTime:0.015625s ]
SQL: SELECT `orderid` FROM `tea_order` WHERE ( createtime >= 1467561600 and createtime < 1467648000 and status >= 1 )  [ RunTime:0.000000s ]
NOTIC: [8] Use of undefined constant orderid - assumed 'orderid' E:\Vista\projects\onethink\Application\Home\Controller\SalesController.class.php 第 104 行.
SQL: SHOW COLUMNS FROM `tea_goods` [ RunTime:0.000000s ]
SQL: SHOW COLUMNS FROM `tea_coupon` [ RunTime:0.000000s ]
SQL: SHOW COLUMNS FROM `tea_order_goods` [ RunTime:0.000000s ]
SQL: SELECT `couponid`,`deliverymoney` FROM `tea_order` WHERE ( orderid=orderid ) LIMIT 1   [ RunTime:0.000000s ]
SQL: SELECT `type`,`discount`,`disprice` FROM `tea_coupon` WHERE ( couponid = 10001 ) LIMIT 1   [ RunTime:0.000000s ]
SQL: SELECT `goodsid`,`goodscount` FROM `tea_order_goods` WHERE ( orderid=orderid )  [ RunTime:0.000000s ]
SQL: SELECT `curprice` FROM `tea_goods` WHERE ( goodsid = 1 ) LIMIT 1   [ RunTime:0.000000s ]
SQL: SELECT `curprice` FROM `tea_goods` WHERE ( goodsid = 2 ) LIMIT 1   [ RunTime:0.000000s ]
INFO: [ app_end ] --START--
INFO: Run Behavior\ShowPageTrace [ RunTime:0.000000s ]
INFO: [ app_end ] --END-- [ RunTime:0.000000s ]

[ 2016-07-05T16:33:23+08:00 ] 127.0.0.1 /onethink/index.php?s=/Home/Sales/getSalesYesterday
SQL: SHOW COLUMNS FROM `tea_order` [ RunTime:0.015625s ]
SQL: SELECT `orderid` FROM `tea_order` WHERE ( createtime >= 1467561600 and createtime < 1467648000 and status >= 1 )  [ RunTime:0.000000s ]
NOTIC: [8] Use of undefined constant orderid - assumed 'orderid' E:\Vista\projects\onethink\Application\Home\Controller\SalesController.class.php 第 104 行.
SQL: SHOW COLUMNS FROM `tea_goods` [ RunTime:0.000000s ]
SQL: SHOW COLUMNS FROM `tea_coupon` [ RunTime:0.015625s ]
SQL: SHOW COLUMNS FROM `tea_order_goods` [ RunTime:0.000000s ]
SQL: SELECT `couponid`,`deliverymoney` FROM `tea_order` WHERE ( orderid=orderid ) LIMIT 1   [ RunTime:0.000000s ]
SQL: SELECT `type`,`discount`,`disprice` FROM `tea_coupon` WHERE ( couponid = 10001 ) LIMIT 1   [ RunTime:0.000000s ]
SQL: SELECT `goodsid`,`goodscount` FROM `tea_order_goods` WHERE ( orderid=orderid )  [ RunTime:0.000000s ]
SQL: SELECT `curprice` FROM `tea_goods` WHERE ( goodsid = 1 ) LIMIT 1   [ RunTime:0.000000s ]
SQL: SELECT `curprice` FROM `tea_goods` WHERE ( goodsid = 2 ) LIMIT 1   [ RunTime:0.000000s ]
INFO: [ app_end ] --START--
INFO: Run Behavior\ShowPageTrace [ RunTime:0.000000s ]
INFO: [ app_end ] --END-- [ RunTime:0.000000s ]

[ 2016-07-05T16:33:25+08:00 ] 127.0.0.1 /onethink/index.php?s=/Home/Sales/getSalesYesterday
SQL: SHOW COLUMNS FROM `tea_order` [ RunTime:0.015625s ]
SQL: SELECT `orderid` FROM `tea_order` WHERE ( createtime >= 1467561600 and createtime < 1467648000 and status >= 1 )  [ RunTime:0.000000s ]
NOTIC: [8] Use of undefined constant orderid - assumed 'orderid' E:\Vista\projects\onethink\Application\Home\Controller\SalesController.class.php 第 104 行.
SQL: SHOW COLUMNS FROM `tea_goods` [ RunTime:0.000000s ]
SQL: SHOW COLUMNS FROM `tea_coupon` [ RunTime:0.000000s ]
SQL: SHOW COLUMNS FROM `tea_order_goods` [ RunTime:0.000000s ]
SQL: SELECT `couponid`,`deliverymoney` FROM `tea_order` WHERE ( orderid=orderid ) LIMIT 1   [ RunTime:0.015625s ]
SQL: SELECT `type`,`discount`,`disprice` FROM `tea_coupon` WHERE ( couponid = 10001 ) LIMIT 1   [ RunTime:0.000000s ]
SQL: SELECT `goodsid`,`goodscount` FROM `tea_order_goods` WHERE ( orderid=orderid )  [ RunTime:0.000000s ]
SQL: SELECT `curprice` FROM `tea_goods` WHERE ( goodsid = 1 ) LIMIT 1   [ RunTime:0.000000s ]
SQL: SELECT `curprice` FROM `tea_goods` WHERE ( goodsid = 2 ) LIMIT 1   [ RunTime:0.000000s ]
INFO: [ app_end ] --START--
INFO: Run Behavior\ShowPageTrace [ RunTime:0.000000s ]
INFO: [ app_end ] --END-- [ RunTime:0.000000s ]

[ 2016-07-05T16:33:27+08:00 ] 127.0.0.1 /onethink/index.php?s=/Home/Sales/getSalesYesterday
SQL: SHOW COLUMNS FROM `tea_order` [ RunTime:0.015625s ]
SQL: SELECT `orderid` FROM `tea_order` WHERE ( createtime >= 1467561600 and createtime < 1467648000 and status >= 1 )  [ RunTime:0.000000s ]
NOTIC: [8] Use of undefined constant orderid - assumed 'orderid' E:\Vista\projects\onethink\Application\Home\Controller\SalesController.class.php 第 104 行.
SQL: SHOW COLUMNS FROM `tea_goods` [ RunTime:0.000000s ]
SQL: SHOW COLUMNS FROM `tea_coupon` [ RunTime:0.015625s ]
SQL: SHOW COLUMNS FROM `tea_order_goods` [ RunTime:0.000000s ]
SQL: SELECT `couponid`,`deliverymoney` FROM `tea_order` WHERE ( orderid=orderid ) LIMIT 1   [ RunTime:0.000000s ]
SQL: SELECT `type`,`discount`,`disprice` FROM `tea_coupon` WHERE ( couponid = 10001 ) LIMIT 1   [ RunTime:0.000000s ]
SQL: SELECT `goodsid`,`goodscount` FROM `tea_order_goods` WHERE ( orderid=orderid )  [ RunTime:0.000000s ]
SQL: SELECT `curprice` FROM `tea_goods` WHERE ( goodsid = 1 ) LIMIT 1   [ RunTime:0.000000s ]
SQL: SELECT `curprice` FROM `tea_goods` WHERE ( goodsid = 2 ) LIMIT 1   [ RunTime:0.000000s ]
INFO: [ app_end ] --START--
INFO: Run Behavior\ShowPageTrace [ RunTime:0.000000s ]
INFO: [ app_end ] --END-- [ RunTime:0.000000s ]

[ 2016-07-05T16:33:28+08:00 ] 127.0.0.1 /onethink/index.php?s=/Home/Sales/getSalesYesterday
SQL: SHOW COLUMNS FROM `tea_order` [ RunTime:0.015625s ]
SQL: SELECT `orderid` FROM `tea_order` WHERE ( createtime >= 1467561600 and createtime < 1467648000 and status >= 1 )  [ RunTime:0.000000s ]
NOTIC: [8] Use of undefined constant orderid - assumed 'orderid' E:\Vista\projects\onethink\Application\Home\Controller\SalesController.class.php 第 104 行.
SQL: SHOW COLUMNS FROM `tea_goods` [ RunTime:0.000000s ]
SQL: SHOW COLUMNS FROM `tea_coupon` [ RunTime:0.015625s ]
SQL: SHOW COLUMNS FROM `tea_order_goods` [ RunTime:0.000000s ]
SQL: SELECT `couponid`,`deliverymoney` FROM `tea_order` WHERE ( orderid=orderid ) LIMIT 1   [ RunTime:0.000000s ]
SQL: SELECT `type`,`discount`,`disprice` FROM `tea_coupon` WHERE ( couponid = 10001 ) LIMIT 1   [ RunTime:0.015625s ]
SQL: SELECT `goodsid`,`goodscount` FROM `tea_order_goods` WHERE ( orderid=orderid )  [ RunTime:0.000000s ]
SQL: SELECT `curprice` FROM `tea_goods` WHERE ( goodsid = 1 ) LIMIT 1   [ RunTime:0.000000s ]
SQL: SELECT `curprice` FROM `tea_goods` WHERE ( goodsid = 2 ) LIMIT 1   [ RunTime:0.000000s ]
INFO: [ app_end ] --START--
INFO: Run Behavior\ShowPageTrace [ RunTime:0.000000s ]
INFO: [ app_end ] --END-- [ RunTime:0.000000s ]

[ 2016-07-05T16:33:38+08:00 ] 127.0.0.1 /onethink/index.php?s=/Home/Sales/getSalesYesterday
SQL: SHOW COLUMNS FROM `tea_order` [ RunTime:0.000000s ]
SQL: SELECT `orderid` FROM `tea_order` WHERE ( createtime >= 1467561600 and createtime < 1467648000 and status >= 1 )  [ RunTime:0.000000s ]
NOTIC: [8] Use of undefined constant orderid - assumed 'orderid' E:\Vista\projects\onethink\Application\Home\Controller\SalesController.class.php 第 104 行.
SQL: SHOW COLUMNS FROM `tea_goods` [ RunTime:0.000000s ]
SQL: SHOW COLUMNS FROM `tea_coupon` [ RunTime:0.015625s ]
SQL: SHOW COLUMNS FROM `tea_order_goods` [ RunTime:0.000000s ]
SQL: SELECT `couponid`,`deliverymoney` FROM `tea_order` WHERE ( orderid=orderid ) LIMIT 1   [ RunTime:0.000000s ]
SQL: SELECT `type`,`discount`,`disprice` FROM `tea_coupon` WHERE ( couponid = 10001 ) LIMIT 1   [ RunTime:0.015625s ]
SQL: SELECT `goodsid`,`goodscount` FROM `tea_order_goods` WHERE ( orderid=orderid )  [ RunTime:0.000000s ]
SQL: SELECT `curprice` FROM `tea_goods` WHERE ( goodsid = 1 ) LIMIT 1   [ RunTime:0.000000s ]
SQL: SELECT `curprice` FROM `tea_goods` WHERE ( goodsid = 2 ) LIMIT 1   [ RunTime:0.000000s ]
INFO: [ app_end ] --START--
INFO: Run Behavior\ShowPageTrace [ RunTime:0.000000s ]
INFO: [ app_end ] --END-- [ RunTime:0.000000s ]

[ 2016-07-05T16:33:41+08:00 ] 127.0.0.1 /onethink/index.php?s=/Home/Sales/getSalesYesterday
SQL: SHOW COLUMNS FROM `tea_order` [ RunTime:0.015625s ]
SQL: SELECT `orderid` FROM `tea_order` WHERE ( createtime >= 1467561600 and createtime < 1467648000 and status >= 1 )  [ RunTime:0.000000s ]
NOTIC: [8] Use of undefined constant orderid - assumed 'orderid' E:\Vista\projects\onethink\Application\Home\Controller\SalesController.class.php 第 104 行.
SQL: SHOW COLUMNS FROM `tea_goods` [ RunTime:0.000000s ]
SQL: SHOW COLUMNS FROM `tea_coupon` [ RunTime:0.015625s ]
SQL: SHOW COLUMNS FROM `tea_order_goods` [ RunTime:0.000000s ]
SQL: SELECT `couponid`,`deliverymoney` FROM `tea_order` WHERE ( orderid=orderid ) LIMIT 1   [ RunTime:0.000000s ]
SQL: SELECT `type`,`discount`,`disprice` FROM `tea_coupon` WHERE ( couponid = 10001 ) LIMIT 1   [ RunTime:0.000000s ]
SQL: SELECT `goodsid`,`goodscount` FROM `tea_order_goods` WHERE ( orderid=orderid )  [ RunTime:0.000000s ]
SQL: SELECT `curprice` FROM `tea_goods` WHERE ( goodsid = 1 ) LIMIT 1   [ RunTime:0.000000s ]
SQL: SELECT `curprice` FROM `tea_goods` WHERE ( goodsid = 2 ) LIMIT 1   [ RunTime:0.000000s ]
INFO: [ app_end ] --START--
INFO: Run Behavior\ShowPageTrace [ RunTime:0.000000s ]
INFO: [ app_end ] --END-- [ RunTime:0.000000s ]

[ 2016-07-05T16:33:55+08:00 ] 127.0.0.1 /onethink/index.php?s=/Home/Index/index.html
SQL: SHOW COLUMNS FROM `wx_category` [ RunTime:0.000000s ]
SQL: SELECT `id`,`name`,`title`,`pid`,`sort`,`list_row`,`meta_title`,`keywords`,`description`,`template_index`,`template_lists`,`template_detail`,`template_edit`,`model`,`type`,`link_id`,`allow_publish`,`display`,`reply`,`check`,`reply_model`,`extend`,`create_time`,`update_time`,`status`,`icon` FROM `wx_category` WHERE ( `status` = 1 ) ORDER BY sort  [ RunTime:0.000000s ]
SQL: SHOW COLUMNS FROM `wx_document` [ RunTime:0.000000s ]
SQL: SELECT `id`,`uid`,`name`,`title`,`category_id`,`description`,`root`,`pid`,`model_id`,`type`,`position`,`link_id`,`cover_id`,`display`,`deadline`,`attach`,`view`,`comment`,`extend`,`level`,`create_time`,`update_time`,`status` FROM `wx_document` WHERE ( `status` = 1 ) AND ( `pid` = 0 ) AND ( `create_time` < 1467707634 ) AND ( deadline = 0 OR deadline > 1467707634 ) ORDER BY `id` DESC  [ RunTime:0.015625s ]
INFO: [ view_parse ] --START--
INFO: [ template_filter ] --START--
INFO: Run Behavior\ContentReplace [ RunTime:0.000000s ]
INFO: [ template_filter ] --END-- [ RunTime:0.000000s ]
SQL: SHOW COLUMNS FROM `wx_channel` [ RunTime:0.015625s ]
SQL: SELECT `id`,`pid`,`title`,`url`,`sort`,`create_time`,`update_time`,`status`,`target` FROM `wx_channel` WHERE ( status=1 ) ORDER BY sort  [ RunTime:0.000000s ]
SQL: SELECT `id`,`name`,`title`,`pid`,`sort`,`list_row`,`meta_title`,`keywords`,`description`,`template_index`,`template_lists`,`template_detail`,`template_edit`,`model`,`type`,`link_id`,`allow_publish`,`display`,`reply`,`check`,`reply_model`,`extend`,`create_time`,`update_time`,`status`,`icon` FROM `wx_category` WHERE ( `id` = 1 ) LIMIT 1   [ RunTime:0.000000s ]
SQL: SELECT `id`,`name`,`pid`,`title`,`link_id` FROM `wx_category` WHERE ( `status` = 1 ) ORDER BY sort  [ RunTime:0.000000s ]
INFO: [ view_parse ] --START--
INFO: [ template_filter ] --START--
INFO: Run Behavior\ContentReplace [ RunTime:0.000000s ]
INFO: [ template_filter ] --END-- [ RunTime:-0.031250s ]
INFO: Run Behavior\ParseTemplate [ RunTime:0.000000s ]
INFO: [ view_parse ] --END-- [ RunTime:0.000000s ]
INFO: [ view_filter ] --START--
INFO: Run Behavior\WriteHtmlCache [ RunTime:0.000000s ]
INFO: [ view_filter ] --END-- [ RunTime:0.015625s ]
SQL: SELECT `id`,`name`,`title`,`pid`,`sort`,`list_row`,`meta_title`,`keywords`,`description`,`template_index`,`template_lists`,`template_detail`,`template_edit`,`model`,`type`,`link_id`,`allow_publish`,`display`,`reply`,`check`,`reply_model`,`extend`,`create_time`,`update_time`,`status`,`icon` FROM `wx_category` WHERE ( `id` = 1 ) LIMIT 1   [ RunTime:0.000000s ]
SQL: SELECT `id`,`name`,`pid`,`title`,`link_id` FROM `wx_category` WHERE ( `status` = 1 ) ORDER BY sort  [ RunTime:0.000000s ]
SQL: SELECT `id`,`uid`,`name`,`title`,`category_id`,`description`,`root`,`pid`,`model_id`,`type`,`position`,`link_id`,`cover_id`,`display`,`deadline`,`attach`,`view`,`comment`,`extend`,`level`,`create_time`,`update_time`,`status` FROM `wx_document` WHERE ( `status` = 1 ) AND ( `pid` = 0 ) AND ( `category_id` = 2 ) AND ( `create_time` < 1467707634 ) AND ( deadline = 0 OR deadline > 1467707634 ) ORDER BY `level` DESC,`id` DESC LIMIT 0,10   [ RunTime:0.000000s ]
INFO: Run Behavior\ParseTemplate [ RunTime:0.015625s ]
INFO: [ view_parse ] --END-- [ RunTime:0.000000s ]
INFO: [ view_filter ] --START--
INFO: Run Behavior\WriteHtmlCache [ RunTime:0.000000s ]
INFO: [ view_filter ] --END-- [ RunTime:0.000000s ]
INFO: [ app_end ] --START--
INFO: Run Behavior\ShowPageTrace [ RunTime:0.000000s ]
INFO: [ app_end ] --END-- [ RunTime:0.000000s ]

[ 2016-07-05T16:34:23+08:00 ] 127.0.0.1 /onethink/index.php?s=/Home/Index/index.html
SQL: SHOW COLUMNS FROM `wx_category` [ RunTime:0.000000s ]
SQL: SELECT `id`,`name`,`title`,`pid`,`sort`,`list_row`,`meta_title`,`keywords`,`description`,`template_index`,`template_lists`,`template_detail`,`template_edit`,`model`,`type`,`link_id`,`allow_publish`,`display`,`reply`,`check`,`reply_model`,`extend`,`create_time`,`update_time`,`status`,`icon` FROM `wx_category` WHERE ( `status` = 1 ) ORDER BY sort  [ RunTime:0.000000s ]
SQL: SHOW COLUMNS FROM `wx_document` [ RunTime:0.015625s ]
SQL: SELECT `id`,`uid`,`name`,`title`,`category_id`,`description`,`root`,`pid`,`model_id`,`type`,`position`,`link_id`,`cover_id`,`display`,`deadline`,`attach`,`view`,`comment`,`extend`,`level`,`create_time`,`update_time`,`status` FROM `wx_document` WHERE ( `status` = 1 ) AND ( `pid` = 0 ) AND ( `create_time` < 1467707663 ) AND ( deadline = 0 OR deadline > 1467707663 ) ORDER BY `id` DESC  [ RunTime:0.000000s ]
INFO: [ view_parse ] --START--
INFO: [ template_filter ] --START--
INFO: Run Behavior\ContentReplace [ RunTime:0.000000s ]
INFO: [ template_filter ] --END-- [ RunTime:0.000000s ]
SQL: SHOW COLUMNS FROM `wx_channel` [ RunTime:0.000000s ]
SQL: SELECT `id`,`pid`,`title`,`url`,`sort`,`create_time`,`update_time`,`status`,`target` FROM `wx_channel` WHERE ( status=1 ) ORDER BY sort  [ RunTime:0.000000s ]
SQL: SELECT `id`,`name`,`title`,`pid`,`sort`,`list_row`,`meta_title`,`keywords`,`description`,`template_index`,`template_lists`,`template_detail`,`template_edit`,`model`,`type`,`link_id`,`allow_publish`,`display`,`reply`,`check`,`reply_model`,`extend`,`create_time`,`update_time`,`status`,`icon` FROM `wx_category` WHERE ( `id` = 1 ) LIMIT 1   [ RunTime:0.000000s ]
SQL: SELECT `id`,`name`,`pid`,`title`,`link_id` FROM `wx_category` WHERE ( `status` = 1 ) ORDER BY sort  [ RunTime:0.000000s ]
INFO: [ view_parse ] --START--
INFO: [ template_filter ] --START--
INFO: Run Behavior\ContentReplace [ RunTime:0.000000s ]
INFO: [ template_filter ] --END-- [ RunTime:-0.046875s ]
INFO: Run Behavior\ParseTemplate [ RunTime:0.015625s ]
INFO: [ view_parse ] --END-- [ RunTime:0.015625s ]
INFO: [ view_filter ] --START--
INFO: Run Behavior\WriteHtmlCache [ RunTime:0.000000s ]
INFO: [ view_filter ] --END-- [ RunTime:0.000000s ]
SQL: SELECT `id`,`name`,`title`,`pid`,`sort`,`list_row`,`meta_title`,`keywords`,`description`,`template_index`,`template_lists`,`template_detail`,`template_edit`,`model`,`type`,`link_id`,`allow_publish`,`display`,`reply`,`check`,`reply_model`,`extend`,`create_time`,`update_time`,`status`,`icon` FROM `wx_category` WHERE ( `id` = 1 ) LIMIT 1   [ RunTime:0.000000s ]
SQL: SELECT `id`,`name`,`pid`,`title`,`link_id` FROM `wx_category` WHERE ( `status` = 1 ) ORDER BY sort  [ RunTime:0.000000s ]
SQL: SELECT `id`,`uid`,`name`,`title`,`category_id`,`description`,`root`,`pid`,`model_id`,`type`,`position`,`link_id`,`cover_id`,`display`,`deadline`,`attach`,`view`,`comment`,`extend`,`level`,`create_time`,`update_time`,`status` FROM `wx_document` WHERE ( `status` = 1 ) AND ( `pid` = 0 ) AND ( `category_id` = 2 ) AND ( `create_time` < 1467707663 ) AND ( deadline = 0 OR deadline > 1467707663 ) ORDER BY `level` DESC,`id` DESC LIMIT 0,10   [ RunTime:0.000000s ]
INFO: Run Behavior\ParseTemplate [ RunTime:0.031250s ]
INFO: [ view_parse ] --END-- [ RunTime:0.015625s ]
INFO: [ view_filter ] --START--
INFO: Run Behavior\WriteHtmlCache [ RunTime:0.000000s ]
INFO: [ view_filter ] --END-- [ RunTime:-0.015625s ]
INFO: [ app_end ] --START--
INFO: Run Behavior\ShowPageTrace [ RunTime:0.000000s ]
INFO: [ app_end ] --END-- [ RunTime:0.000000s ]

[ 2016-07-05T16:34:25+08:00 ] 127.0.0.1 /onethink/index.php?s=/Home/Sales/getSalesYesterday
SQL: SHOW COLUMNS FROM `tea_order` [ RunTime:0.000000s ]
SQL: SELECT `orderid` FROM `tea_order` WHERE ( createtime >= 1467561600 and createtime < 1467648000 and status >= 1 )  [ RunTime:0.000000s ]
NOTIC: [8] Use of undefined constant orderid - assumed 'orderid' E:\Vista\projects\onethink\Application\Home\Controller\SalesController.class.php 第 104 行.
SQL: SHOW COLUMNS FROM `tea_goods` [ RunTime:0.000000s ]
SQL: SHOW COLUMNS FROM `tea_coupon` [ RunTime:0.015625s ]
SQL: SHOW COLUMNS FROM `tea_order_goods` [ RunTime:0.000000s ]
SQL: SELECT `couponid`,`deliverymoney` FROM `tea_order` WHERE ( orderid=orderid ) LIMIT 1   [ RunTime:0.000000s ]
SQL: SELECT `type`,`discount`,`disprice` FROM `tea_coupon` WHERE ( couponid = 10001 ) LIMIT 1   [ RunTime:0.000000s ]
SQL: SELECT `goodsid`,`goodscount` FROM `tea_order_goods` WHERE ( orderid=orderid )  [ RunTime:0.000000s ]
SQL: SELECT `curprice` FROM `tea_goods` WHERE ( goodsid = 1 ) LIMIT 1   [ RunTime:0.000000s ]
SQL: SELECT `curprice` FROM `tea_goods` WHERE ( goodsid = 2 ) LIMIT 1   [ RunTime:0.000000s ]
INFO: [ app_end ] --START--
INFO: Run Behavior\ShowPageTrace [ RunTime:0.000000s ]
INFO: [ app_end ] --END-- [ RunTime:0.000000s ]

[ 2016-07-05T16:34:36+08:00 ] 127.0.0.1 /onethink/index.php?s=/Home/Sales/getSalesRecentWeek
SQL: SHOW COLUMNS FROM `tea_order` [ RunTime:0.015625s ]
SQL: SELECT `orderid` FROM `tea_order` WHERE ( createtime >= 1467561600 and createtime < 1467648000 and status >= 1 )  [ RunTime:0.000000s ]
NOTIC: [8] Use of undefined constant orderid - assumed 'orderid' E:\Vista\projects\onethink\Application\Home\Controller\SalesController.class.php 第 104 行.
SQL: SHOW COLUMNS FROM `tea_goods` [ RunTime:0.000000s ]
SQL: SHOW COLUMNS FROM `tea_coupon` [ RunTime:0.000000s ]
SQL: SHOW COLUMNS FROM `tea_order_goods` [ RunTime:0.000000s ]
SQL: SELECT `couponid`,`deliverymoney` FROM `tea_order` WHERE ( orderid=orderid ) LIMIT 1   [ RunTime:0.000000s ]
SQL: SELECT `type`,`discount`,`disprice` FROM `tea_coupon` WHERE ( couponid = 10001 ) LIMIT 1   [ RunTime:0.000000s ]
SQL: SELECT `goodsid`,`goodscount` FROM `tea_order_goods` WHERE ( orderid=orderid )  [ RunTime:0.000000s ]
SQL: SELECT `curprice` FROM `tea_goods` WHERE ( goodsid = 1 ) LIMIT 1   [ RunTime:0.000000s ]
SQL: SELECT `curprice` FROM `tea_goods` WHERE ( goodsid = 2 ) LIMIT 1   [ RunTime:0.000000s ]
SQL: SELECT `orderid` FROM `tea_order` WHERE ( createtime >= 1467475200 and createtime < 1467561600 and status >= 1 )  [ RunTime:0.000000s ]
SQL: SELECT `orderid` FROM `tea_order` WHERE ( createtime >= 1467388800 and createtime < 1467475200 and status >= 1 )  [ RunTime:0.000000s ]
SQL: SELECT `orderid` FROM `tea_order` WHERE ( createtime >= 1467302400 and createtime < 1467388800 and status >= 1 )  [ RunTime:0.000000s ]
SQL: SELECT `orderid` FROM `tea_order` WHERE ( createtime >= 1467216000 and createtime < 1467302400 and status >= 1 )  [ RunTime:0.000000s ]
SQL: SELECT `orderid` FROM `tea_order` WHERE ( createtime >= 1467129600 and createtime < 1467216000 and status >= 1 )  [ RunTime:0.000000s ]
SQL: SELECT `orderid` FROM `tea_order` WHERE ( createtime >= 1467043200 and createtime < 1467129600 and status >= 1 )  [ RunTime:0.000000s ]
INFO: [ app_end ] --START--
INFO: Run Behavior\ShowPageTrace [ RunTime:0.000000s ]
INFO: [ app_end ] --END-- [ RunTime:0.000000s ]

[ 2016-07-05T17:09:11+08:00 ] 127.0.0.1 /onethink/index.php?s=/Home/Goods/index.html
SQL: SHOW COLUMNS FROM `tea_goods` [ RunTime:0.000000s ]
SQL: SELECT * FROM `tea_goods`  [ RunTime:0.000000s ]
ERR: 模板不存在:./Application/Home/View/default/Goods/index.html

[ 2016-07-05T17:09:42+08:00 ] 127.0.0.1 /onethink/index.php?s=/Home/Goods/index.html
SQL: SHOW COLUMNS FROM `tea_goods` [ RunTime:0.015625s ]
SQL: SELECT * FROM `tea_goods`  [ RunTime:0.000000s ]
INFO: [ app_end ] --START--
INFO: Run Behavior\ShowPageTrace [ RunTime:0.000000s ]
INFO: [ app_end ] --END-- [ RunTime:0.000000s ]

[ 2016-07-05T17:41:50+08:00 ] 127.0.0.1 /onethink/index.php?s=/Home/Goods/index.html
SQL: SHOW COLUMNS FROM `tea_goods` [ RunTime:0.015625s ]
ERR: Think\Model:query_goods方法不存在！

[ 2016-07-05T17:42:04+08:00 ] 127.0.0.1 /onethink/index.php?s=/Home/Goods/index.html
SQL: SHOW COLUMNS FROM `tea_goods` [ RunTime:0.000000s ]
NOTIC: [8] Undefined variable: name0 E:\Vista\projects\onethink\Application\Home\Controller\GoodsController.class.php 第 55 行.
NOTIC: [8] Undefined variable: good E:\Vista\projects\onethink\Application\Home\Controller\GoodsController.class.php 第 63 行.

[ 2016-07-05T17:44:17+08:00 ] 127.0.0.1 /onethink/index.php?s=/Home/Goods/index.html
SQL: SHOW COLUMNS FROM `tea_goods` [ RunTime:0.015625s ]
NOTIC: [8] Undefined variable: map E:\Vista\projects\onethink\Application\Home\Controller\GoodsController.class.php 第 63 行.
SQL: SELECT * FROM `tea_goods`  [ RunTime:0.000000s ]
INFO: [ app_end ] --START--
INFO: Run Behavior\ShowPageTrace [ RunTime:0.000000s ]
INFO: [ app_end ] --END-- [ RunTime:0.000000s ]

[ 2016-07-05T17:44:48+08:00 ] 127.0.0.1 /onethink/index.php?s=/Home/Goods/index.html
SQL: SHOW COLUMNS FROM `tea_goods` [ RunTime:0.015625s ]
SQL: SELECT * FROM `tea_goods` WHERE ( `name` LIKE '%龙井%' )  [ RunTime:0.000000s ]
INFO: [ app_end ] --START--
INFO: Run Behavior\ShowPageTrace [ RunTime:0.000000s ]
INFO: [ app_end ] --END-- [ RunTime:0.000000s ]

[ 2016-07-05T17:44:55+08:00 ] 127.0.0.1 /onethink/index.php?s=/Home/Goods/index.html
SQL: SHOW COLUMNS FROM `tea_goods` [ RunTime:0.015625s ]
SQL: SELECT * FROM `tea_goods` WHERE ( `name` LIKE '%井%' )  [ RunTime:0.000000s ]
INFO: [ app_end ] --START--
INFO: Run Behavior\ShowPageTrace [ RunTime:0.000000s ]
INFO: [ app_end ] --END-- [ RunTime:0.000000s ]

[ 2016-07-05T17:45:10+08:00 ] 127.0.0.1 /onethink/index.php?s=/Home/Goods/index.html
SQL: SHOW COLUMNS FROM `tea_goods` [ RunTime:0.000000s ]
SQL: SELECT * FROM `tea_goods` WHERE ( `status` = 1 )  [ RunTime:0.015625s ]
INFO: [ app_end ] --START--
INFO: Run Behavior\ShowPageTrace [ RunTime:0.000000s ]
INFO: [ app_end ] --END-- [ RunTime:0.000000s ]

