[ 2016-07-07T09:23:57+08:00 ] 127.0.0.1 /onethink/index.php?s=/Home/Coupon/index
SQL: SHOW COLUMNS FROM `tea_coupon` [ RunTime:0.031250s ]
SQL: SELECT * FROM `tea_coupon` WHERE ( tea_coupon.available = 0 )  [ RunTime:0.000000s ]
INFO: [ app_end ] --START--
INFO: Run Behavior\ShowPageTrace [ RunTime:0.031250s ]
INFO: [ app_end ] --END-- [ RunTime:0.031250s ]

[ 2016-07-07T09:24:55+08:00 ] 127.0.0.1 /onethink/index.php?s=/Home/Coupon/index
SQL: SHOW COLUMNS FROM `tea_coupon` [ RunTime:0.015625s ]
SQL: SELECT * FROM `tea_coupon` WHERE ( tea_coupon.available = 0 ) AND ( tea_coupon.identify = 'DX123SDFAS124534' )  [ RunTime:0.000000s ]
INFO: [ app_end ] --START--
INFO: Run Behavior\ShowPageTrace [ RunTime:0.015625s ]
INFO: [ app_end ] --END-- [ RunTime:0.015625s ]

[ 2016-07-07T11:48:17+08:00 ] 127.0.0.1 /onethink/index.php?s=/Home/Topic/insert_topic
SQL: SHOW COLUMNS FROM `tea_topic` [ RunTime:0.015625s ]
SQL: INSERT INTO `tea_topic` (`goodsid`,`buyerid`,`topic_content`,`topic_time`,`is_show`) VALUES (3,10002,'茶叶不错哟，下次还会再来买',1467863297,1) [ RunTime:0.000000s ]
INFO: [ app_end ] --START--
INFO: Run Behavior\ShowPageTrace [ RunTime:0.000000s ]
INFO: [ app_end ] --END-- [ RunTime:0.000000s ]

[ 2016-07-07T11:53:14+08:00 ] 127.0.0.1 /onethink/index.php?s=/Home/Topic/insert_topic_reply
SQL: SHOW COLUMNS FROM `tea_topic_reply` [ RunTime:0.000000s ]
ERR: Think\Model:_new_topic_方法不存在！

[ 2016-07-07T11:53:34+08:00 ] 127.0.0.1 /onethink/index.php?s=/Home/Topic/insert_topic_reply
SQL: SHOW COLUMNS FROM `tea_topic_reply` [ RunTime:0.015625s ]
SQL: INSERT INTO `tea_topic_reply` (`topicid`,`reply_content`,`reply_time`,`parent_reply_id`) VALUES (4,'感谢您的评价，我们会用心做到最好。',1467863614,null) [ RunTime:0.000000s ]
INFO: [ app_end ] --START--
INFO: Run Behavior\ShowPageTrace [ RunTime:0.000000s ]
INFO: [ app_end ] --END-- [ RunTime:0.000000s ]

[ 2016-07-07T14:10:05+08:00 ] 127.0.0.1 /onethink/index.php?s=/Home/Topic/insert_topic_reply
SQL: SHOW COLUMNS FROM `tea_topic_reply` [ RunTime:0.000000s ]
SQL: INSERT INTO `tea_topic_reply` (`topicid`,`reply_content`,`reply_time`,`parent_reply_id`) VALUES (null,'补充一下，下次要继续光顾哦。',1467871805,1) [ RunTime:0.000000s ]
INFO: [ app_end ] --START--
INFO: Run Behavior\ShowPageTrace [ RunTime:0.015625s ]
INFO: [ app_end ] --END-- [ RunTime:0.015625s ]

[ 2016-07-07T14:19:29+08:00 ] 127.0.0.1 /onethink/index.php?s=/Home/Topic/index
SQL: SHOW COLUMNS FROM `wx_topicreply` [ RunTime:0.015625s ]
ERR: 1146:Table 'onethink.wx_topicreply' doesn't exist
 [ SQL语句 ] : SHOW COLUMNS FROM `wx_topicreply`
NOTIC: [8] Undefined variable: map E:\Vista\projects\onethink\Application\Home\Controller\TopicController.class.php 第 108 行.
SQL: SELECT * FROM `wx_topicreply`  [ RunTime:0.000000s ]
ERR: 1146:Table 'onethink.wx_topicreply' doesn't exist
 [ SQL语句 ] : SELECT * FROM `wx_topicreply` 
INFO: [ app_end ] --START--
INFO: Run Behavior\ShowPageTrace [ RunTime:0.000000s ]
INFO: [ app_end ] --END-- [ RunTime:0.000000s ]

[ 2016-07-07T14:19:50+08:00 ] 127.0.0.1 /onethink/index.php?s=/Home/Topic/index
SQL: SHOW COLUMNS FROM `tea_topic_reply` [ RunTime:0.015625s ]
NOTIC: [8] Undefined variable: map E:\Vista\projects\onethink\Application\Home\Controller\TopicController.class.php 第 108 行.
SQL: SELECT * FROM `tea_topic_reply`  [ RunTime:0.000000s ]
INFO: [ app_end ] --START--
INFO: Run Behavior\ShowPageTrace [ RunTime:0.000000s ]
INFO: [ app_end ] --END-- [ RunTime:0.000000s ]

[ 2016-07-07T14:20:18+08:00 ] 127.0.0.1 /onethink/index.php?s=/Home/Topic/index
SQL: SHOW COLUMNS FROM `tea_topic_reply` [ RunTime:0.015625s ]
NOTIC: [8] Undefined variable: map E:\Vista\projects\onethink\Application\Home\Controller\TopicController.class.php 第 108 行.
SQL: SELECT * FROM `tea_topic_reply`  [ RunTime:0.000000s ]
INFO: [ app_end ] --START--
INFO: Run Behavior\ShowPageTrace [ RunTime:0.000000s ]
INFO: [ app_end ] --END-- [ RunTime:0.000000s ]

[ 2016-07-07T14:20:26+08:00 ] 127.0.0.1 /onethink/index.php?s=/Home/Topic/index
SQL: SHOW COLUMNS FROM `tea_topic_reply` [ RunTime:0.000000s ]
NOTIC: [8] Undefined variable: map E:\Vista\projects\onethink\Application\Home\Controller\TopicController.class.php 第 108 行.
SQL: SELECT * FROM `tea_topic_reply`  [ RunTime:0.015625s ]
INFO: [ app_end ] --START--
INFO: Run Behavior\ShowPageTrace [ RunTime:0.000000s ]
INFO: [ app_end ] --END-- [ RunTime:0.000000s ]

[ 2016-07-07T14:28:53+08:00 ] 127.0.0.1 /onethink/index.php?s=/Home/Topic/delete_reply
SQL: SHOW COLUMNS FROM `tea_topic` [ RunTime:0.015625s ]
NOTIC: [8] Undefined variable: coupon E:\Vista\projects\onethink\Application\Home\Controller\TopicController.class.php 第 171 行.

[ 2016-07-07T14:29:03+08:00 ] 127.0.0.1 /onethink/index.php?s=/Home/Topic/delete_reply
SQL: SHOW COLUMNS FROM `tea_topic` [ RunTime:0.015625s ]
INFO: [ app_end ] --START--
INFO: Run Behavior\ShowPageTrace [ RunTime:0.000000s ]
INFO: [ app_end ] --END-- [ RunTime:0.000000s ]

[ 2016-07-07T14:29:47+08:00 ] 127.0.0.1 /onethink/index.php?s=/Home/Topic/delete_reply
SQL: SHOW COLUMNS FROM `tea_topic` [ RunTime:0.015625s ]
INFO: [ app_end ] --START--
INFO: Run Behavior\ShowPageTrace [ RunTime:0.000000s ]
INFO: [ app_end ] --END-- [ RunTime:0.000000s ]

[ 2016-07-07T14:31:54+08:00 ] 127.0.0.1 /onethink/index.php?s=/Home/Topic/insert_topic
SQL: SHOW COLUMNS FROM `tea_topic` [ RunTime:0.000000s ]
SQL: INSERT INTO `tea_topic` (`goodsid`,`buyerid`,`topic_content`,`topic_time`,`is_show`) VALUES (4,10002,'茶叶不错哟，下次还会再来买',1467873114,1) [ RunTime:0.000000s ]
INFO: [ app_end ] --START--
INFO: Run Behavior\ShowPageTrace [ RunTime:0.000000s ]
INFO: [ app_end ] --END-- [ RunTime:0.000000s ]

[ 2016-07-07T14:33:00+08:00 ] 127.0.0.1 /onethink/index.php?s=/Home/Topic/index
SQL: SHOW COLUMNS FROM `tea_topic` [ RunTime:0.015625s ]
SQL: DELETE FROM `tea_topic` WHERE ( `goodsid` = 3 ) [ RunTime:0.000000s ]
INFO: [ app_end ] --START--
INFO: Run Behavior\ShowPageTrace [ RunTime:0.000000s ]
INFO: [ app_end ] --END-- [ RunTime:0.000000s ]

[ 2016-07-07T14:34:31+08:00 ] 127.0.0.1 /onethink/index.php?s=/Home/Topic/index
SQL: SHOW COLUMNS FROM `tea_topic` [ RunTime:0.015625s ]
SQL: DELETE FROM `tea_topic` WHERE ( `goodsid` = 3 ) [ RunTime:0.000000s ]
INFO: [ app_end ] --START--
INFO: Run Behavior\ShowPageTrace [ RunTime:0.000000s ]
INFO: [ app_end ] --END-- [ RunTime:0.000000s ]

[ 2016-07-07T14:37:42+08:00 ] 127.0.0.1 /onethink/index.php?s=/Home/Topic/insert_topic
SQL: SHOW COLUMNS FROM `tea_topic` [ RunTime:0.000000s ]
SQL: INSERT INTO `tea_topic` (`goodsid`,`buyerid`,`topic_content`,`topic_time`,`is_show`) VALUES (1,10002,'茶叶不错哟，下次还会再来买',1467873462,1) [ RunTime:0.000000s ]
INFO: [ app_end ] --START--
INFO: Run Behavior\ShowPageTrace [ RunTime:0.000000s ]
INFO: [ app_end ] --END-- [ RunTime:0.000000s ]

[ 2016-07-07T15:22:59+08:00 ] 127.0.0.1 /onethink/index.php?s=/Home/Master/insert_master
SQL: SHOW COLUMNS FROM `tea_master` [ RunTime:0.000000s ]
NOTIC: [8] Undefined variable: topic E:\Vista\projects\onethink\Application\Home\Controller\MasterController.class.php 第 46 行.

[ 2016-07-07T15:23:31+08:00 ] 127.0.0.1 /onethink/index.php?s=/Home/Master/insert_master
SQL: SHOW COLUMNS FROM `tea_master` [ RunTime:0.015625s ]
SQL: INSERT INTO `tea_master` (`name`,`password`,`authority`,`available`) VALUES ('admin','e10adc3949ba59abbe56e057f20f883e',1,0) [ RunTime:0.000000s ]
INFO: [ app_end ] --START--
INFO: Run Behavior\ShowPageTrace [ RunTime:0.000000s ]
INFO: [ app_end ] --END-- [ RunTime:0.000000s ]

[ 2016-07-07T15:30:28+08:00 ] 127.0.0.1 /onethink/index.php?s=/Home/Master/index
SQL: SHOW COLUMNS FROM `tea_master` [ RunTime:0.015625s ]
NOTIC: [8] Undefined variable: map E:\Vista\projects\onethink\Application\Home\Controller\MasterController.class.php 第 67 行.
SQL: SELECT * FROM `tea_master`  [ RunTime:0.000000s ]
INFO: [ app_end ] --START--
INFO: Run Behavior\ShowPageTrace [ RunTime:0.000000s ]
INFO: [ app_end ] --END-- [ RunTime:0.000000s ]

[ 2016-07-07T15:31:25+08:00 ] 127.0.0.1 /onethink/index.php?s=/Home/Master/insert_master
SQL: SHOW COLUMNS FROM `tea_master` [ RunTime:0.015625s ]
SQL: INSERT INTO `tea_master` (`name`,`password`,`authority`,`available`) VALUES ('admin','e10adc3949ba59abbe56e057f20f883e',1,0) [ RunTime:0.000000s ]
INFO: [ app_end ] --START--
INFO: Run Behavior\ShowPageTrace [ RunTime:0.000000s ]
INFO: [ app_end ] --END-- [ RunTime:0.000000s ]

[ 2016-07-07T15:32:40+08:00 ] 127.0.0.1 /onethink/index.php?s=/Home/Master/insert_master
SQL: SHOW COLUMNS FROM `tea_master` [ RunTime:0.000000s ]
SQL: INSERT INTO `tea_master` (`name`,`password`,`authority`,`available`) VALUES ('admin','e10adc3949ba59abbe56e057f20f883e',1,0) [ RunTime:0.000000s ]
INFO: [ app_end ] --START--
INFO: Run Behavior\ShowPageTrace [ RunTime:0.015625s ]
INFO: [ app_end ] --END-- [ RunTime:0.015625s ]

[ 2016-07-07T15:37:11+08:00 ] 127.0.0.1 /onethink/index.php?s=/Home/Master/insert_master
SQL: SHOW COLUMNS FROM `tea_master` [ RunTime:0.015625s ]

[ 2016-07-07T15:40:17+08:00 ] 127.0.0.1 /onethink/index.php?s=/Home/Master/insert_master
SQL: SHOW COLUMNS FROM `tea_master` [ RunTime:0.015625s ]
SQL: INSERT INTO `tea_master` (`name`,`password`,`authority`,`available`) VALUES ('guest','e10adc3949ba59abbe56e057f20f883e',1,0) [ RunTime:0.000000s ]
INFO: [ app_end ] --START--
INFO: Run Behavior\ShowPageTrace [ RunTime:0.000000s ]
INFO: [ app_end ] --END-- [ RunTime:0.000000s ]

[ 2016-07-07T15:40:39+08:00 ] 127.0.0.1 /onethink/index.php?s=/Home/Master/insert_master
SQL: SHOW COLUMNS FROM `tea_master` [ RunTime:0.000000s ]
SQL: INSERT INTO `tea_master` (`name`,`password`,`authority`,`available`) VALUES ('guest','adcaec3805aa912c0d0b14a81bedb6ff',1,0) [ RunTime:0.000000s ]
INFO: [ app_end ] --START--
INFO: Run Behavior\ShowPageTrace [ RunTime:0.000000s ]
INFO: [ app_end ] --END-- [ RunTime:0.000000s ]

[ 2016-07-07T15:53:35+08:00 ] 127.0.0.1 /onethink/index.php?s=/Home/Master/index
SQL: SHOW COLUMNS FROM `tea_master` [ RunTime:0.000000s ]
INFO: [ app_end ] --START--
INFO: Run Behavior\ShowPageTrace [ RunTime:0.000000s ]
INFO: [ app_end ] --END-- [ RunTime:0.000000s ]

[ 2016-07-07T15:54:21+08:00 ] 127.0.0.1 /onethink/index.php?s=/Home/Master/index
SQL: SHOW COLUMNS FROM `tea_master` [ RunTime:0.000000s ]
SQL: UPDATE `tea_master` SET `password`='8175867d77e2de15a931846b667d024f' WHERE ( `name` = 'admin' ) [ RunTime:0.015625s ]
INFO: [ app_end ] --START--
INFO: Run Behavior\ShowPageTrace [ RunTime:0.000000s ]
INFO: [ app_end ] --END-- [ RunTime:0.000000s ]

[ 2016-07-07T15:55:35+08:00 ] 127.0.0.1 /onethink/index.php?s=/Home/Master/query_master
SQL: SHOW COLUMNS FROM `tea_master` [ RunTime:0.000000s ]
NOTIC: [8] Undefined variable: map E:\Vista\projects\onethink\Application\Home\Controller\MasterController.class.php 第 69 行.
SQL: SELECT * FROM `tea_master`  [ RunTime:0.000000s ]
INFO: [ app_end ] --START--
INFO: Run Behavior\ShowPageTrace [ RunTime:0.000000s ]
INFO: [ app_end ] --END-- [ RunTime:0.000000s ]

[ 2016-07-07T15:56:15+08:00 ] 127.0.0.1 /onethink/index.php?s=/Home/Master/index
SQL: SHOW COLUMNS FROM `tea_master` [ RunTime:0.000000s ]
NOTIC: [8] Undefined variable: map E:\Vista\projects\onethink\Application\Home\Controller\MasterController.class.php 第 70 行.
SQL: SELECT * FROM `tea_master`  [ RunTime:0.000000s ]
INFO: [ app_end ] --START--
INFO: Run Behavior\ShowPageTrace [ RunTime:0.000000s ]
INFO: [ app_end ] --END-- [ RunTime:0.000000s ]

[ 2016-07-07T15:58:22+08:00 ] 127.0.0.1 /onethink/index.php?s=/Home/Master/index
SQL: SHOW COLUMNS FROM `tea_master` [ RunTime:0.000000s ]
NOTIC: [8] Use of undefined constant result - assumed 'result' E:\Vista\projects\onethink\Application\Home\Controller\MasterController.class.php 第 102 行.
INFO: [ app_end ] --START--
INFO: Run Behavior\ShowPageTrace [ RunTime:0.000000s ]
INFO: [ app_end ] --END-- [ RunTime:0.031250s ]

[ 2016-07-07T15:58:39+08:00 ] 127.0.0.1 /onethink/index.php?s=/Home/Master/index
SQL: SHOW COLUMNS FROM `tea_master` [ RunTime:0.000000s ]
INFO: [ app_end ] --START--
INFO: Run Behavior\ShowPageTrace [ RunTime:0.015625s ]
INFO: [ app_end ] --END-- [ RunTime:0.015625s ]

[ 2016-07-07T15:58:50+08:00 ] 127.0.0.1 /onethink/index.php?s=/Home/Master/index
SQL: SHOW COLUMNS FROM `tea_master` [ RunTime:0.000000s ]
SQL: DELETE FROM `tea_master` WHERE ( xxx ) [ RunTime:0.000000s ]
ERR: 1054:Unknown column 'xxx' in 'where clause'
 [ SQL语句 ] : DELETE FROM `tea_master` WHERE ( xxx )
INFO: [ app_end ] --START--
INFO: Run Behavior\ShowPageTrace [ RunTime:0.000000s ]
INFO: [ app_end ] --END-- [ RunTime:0.000000s ]

[ 2016-07-07T15:58:57+08:00 ] 127.0.0.1 /onethink/index.php?s=/Home/Master/index
SQL: SHOW COLUMNS FROM `tea_master` [ RunTime:0.000000s ]
SQL: DELETE FROM `tea_master` WHERE ( masterL ) [ RunTime:0.000000s ]
ERR: 1054:Unknown column 'masterL' in 'where clause'
 [ SQL语句 ] : DELETE FROM `tea_master` WHERE ( masterL )
INFO: [ app_end ] --START--
INFO: Run Behavior\ShowPageTrace [ RunTime:0.000000s ]
INFO: [ app_end ] --END-- [ RunTime:0.000000s ]

[ 2016-07-07T15:59:22+08:00 ] 127.0.0.1 /onethink/index.php?s=/Home/Master/index
SQL: SHOW COLUMNS FROM `tea_master` [ RunTime:0.000000s ]
SQL: DELETE FROM `tea_master` WHERE ( masterL ) [ RunTime:0.000000s ]
ERR: 1054:Unknown column 'masterL' in 'where clause'
 [ SQL语句 ] : DELETE FROM `tea_master` WHERE ( masterL )
INFO: [ app_end ] --START--
INFO: Run Behavior\ShowPageTrace [ RunTime:0.000000s ]
INFO: [ app_end ] --END-- [ RunTime:0.000000s ]

[ 2016-07-07T16:00:08+08:00 ] 127.0.0.1 /onethink/index.php?s=/Home/Master/index
SQL: SHOW COLUMNS FROM `tea_master` [ RunTime:0.000000s ]
INFO: [ app_end ] --START--
INFO: Run Behavior\ShowPageTrace [ RunTime:0.000000s ]
INFO: [ app_end ] --END-- [ RunTime:0.000000s ]

[ 2016-07-07T16:00:15+08:00 ] 127.0.0.1 /onethink/index.php?s=/Home/Master/index
SQL: SHOW COLUMNS FROM `tea_master` [ RunTime:0.000000s ]
SQL: DELETE FROM `tea_master` WHERE ( xx ) [ RunTime:0.000000s ]
ERR: 1054:Unknown column 'xx' in 'where clause'
 [ SQL语句 ] : DELETE FROM `tea_master` WHERE ( xx )
INFO: [ app_end ] --START--
INFO: Run Behavior\ShowPageTrace [ RunTime:0.000000s ]
INFO: [ app_end ] --END-- [ RunTime:0.000000s ]

[ 2016-07-07T16:00:20+08:00 ] 127.0.0.1 /onethink/index.php?s=/Home/Master/index
SQL: SHOW COLUMNS FROM `tea_master` [ RunTime:0.015625s ]
SQL: DELETE FROM `tea_master` WHERE ( masterL ) [ RunTime:0.000000s ]
ERR: 1054:Unknown column 'masterL' in 'where clause'
 [ SQL语句 ] : DELETE FROM `tea_master` WHERE ( masterL )
INFO: [ app_end ] --START--
INFO: Run Behavior\ShowPageTrace [ RunTime:0.000000s ]
INFO: [ app_end ] --END-- [ RunTime:0.000000s ]

[ 2016-07-07T16:00:47+08:00 ] 127.0.0.1 /onethink/index.php?s=/Home/Master/index
SQL: SHOW COLUMNS FROM `tea_master` [ RunTime:0.015625s ]
SQL: DELETE FROM `tea_master` WHERE ( masterL ) [ RunTime:0.000000s ]
ERR: 1054:Unknown column 'masterL' in 'where clause'
 [ SQL语句 ] : DELETE FROM `tea_master` WHERE ( masterL )
INFO: [ app_end ] --START--
INFO: Run Behavior\ShowPageTrace [ RunTime:0.000000s ]
INFO: [ app_end ] --END-- [ RunTime:0.000000s ]

[ 2016-07-07T16:01:49+08:00 ] 127.0.0.1 /onethink/index.php?s=/Home/Master/index
SQL: SHOW COLUMNS FROM `tea_master` [ RunTime:0.000000s ]
SQL: DELETE FROM `tea_master` WHERE ( masterL ) [ RunTime:0.000000s ]
ERR: 1054:Unknown column 'masterL' in 'where clause'
 [ SQL语句 ] : DELETE FROM `tea_master` WHERE ( masterL )
INFO: [ app_end ] --START--
INFO: Run Behavior\ShowPageTrace [ RunTime:0.000000s ]
INFO: [ app_end ] --END-- [ RunTime:0.000000s ]

[ 2016-07-07T16:01:59+08:00 ] 127.0.0.1 /onethink/index.php?s=/Home/Master/index
SQL: SHOW COLUMNS FROM `tea_master` [ RunTime:0.000000s ]
SQL: DELETE FROM `tea_master` WHERE ( masterL ) [ RunTime:0.000000s ]
ERR: 1054:Unknown column 'masterL' in 'where clause'
 [ SQL语句 ] : DELETE FROM `tea_master` WHERE ( masterL )
INFO: [ app_end ] --START--
INFO: Run Behavior\ShowPageTrace [ RunTime:0.000000s ]
INFO: [ app_end ] --END-- [ RunTime:0.000000s ]

[ 2016-07-07T16:02:11+08:00 ] 127.0.0.1 /onethink/index.php?s=/Home/Master/index
SQL: SHOW COLUMNS FROM `tea_master` [ RunTime:0.015625s ]
SQL: DELETE FROM `tea_master` WHERE ( masterL ) [ RunTime:0.000000s ]
ERR: 1054:Unknown column 'masterL' in 'where clause'
 [ SQL语句 ] : DELETE FROM `tea_master` WHERE ( masterL )
INFO: [ app_end ] --START--
INFO: Run Behavior\ShowPageTrace [ RunTime:0.000000s ]
INFO: [ app_end ] --END-- [ RunTime:0.000000s ]

[ 2016-07-07T16:03:04+08:00 ] 127.0.0.1 /onethink/index.php?s=/Home/Master/index
SQL: SHOW COLUMNS FROM `tea_master` [ RunTime:0.015625s ]
SQL: DELETE FROM `tea_master` WHERE ( `name` = null ) [ RunTime:0.000000s ]
INFO: [ app_end ] --START--
INFO: Run Behavior\ShowPageTrace [ RunTime:0.000000s ]
INFO: [ app_end ] --END-- [ RunTime:0.000000s ]

[ 2016-07-07T16:03:18+08:00 ] 127.0.0.1 /onethink/index.php?s=/Home/Master/index
SQL: SHOW COLUMNS FROM `tea_master` [ RunTime:0.015625s ]
SQL: DELETE FROM `tea_master` WHERE ( `name` = 'xx' ) [ RunTime:0.000000s ]
INFO: [ app_end ] --START--
INFO: Run Behavior\ShowPageTrace [ RunTime:0.000000s ]
INFO: [ app_end ] --END-- [ RunTime:0.000000s ]

[ 2016-07-07T16:03:27+08:00 ] 127.0.0.1 /onethink/index.php?s=/Home/Master/index
SQL: SHOW COLUMNS FROM `tea_master` [ RunTime:0.000000s ]
SQL: DELETE FROM `tea_master` WHERE ( `name` = 'masterL' ) [ RunTime:0.015625s ]
INFO: [ app_end ] --START--
INFO: Run Behavior\ShowPageTrace [ RunTime:0.000000s ]
INFO: [ app_end ] --END-- [ RunTime:0.000000s ]

[ 2016-07-07T16:08:33+08:00 ] 127.0.0.1 /onethink/index.php?s=/Home/Master/index
SQL: SHOW COLUMNS FROM `tea_master` [ RunTime:0.000000s ]
NOTIC: [8] Undefined variable: map E:\Vista\projects\onethink\Application\Home\Controller\MasterController.class.php 第 71 行.
SQL: SELECT * FROM `tea_master`  [ RunTime:0.000000s ]
INFO: [ app_end ] --START--
INFO: Run Behavior\ShowPageTrace [ RunTime:0.000000s ]
INFO: [ app_end ] --END-- [ RunTime:0.000000s ]

[ 2016-07-07T18:46:58+08:00 ] 127.0.0.1 /onethink/index.php?s=/Home/Log/index
SQL: SHOW COLUMNS FROM `tea_log_setting` [ RunTime:0.000000s ]
SQL: INSERT INTO `tea_log_setting` (`tablename`,`businessname`,`primarykey`,`createuser`,`createtime`) VALUES ('tea_goods','商品管理','goodsid','admin',1467888418) [ RunTime:0.000000s ]
SQL: SHOW COLUMNS FROM `tea_log_setting_detail` [ RunTime:0.000000s ]
SQL: INSERT INTO `tea_log_setting_detail` (`logsettingid`,`columnname`,`columntext`,`columndatatype`,`createuser`,`createtime`) VALUES (1,'available','有效标志，1为删除，0为有效','int','admin',1467888418) [ RunTime:0.015625s ]
SQL: SHOW COLUMNS FROM `tea_log_operation` [ RunTime:0.000000s ]
NOTIC: [8] Undefined variable: master E:\Vista\projects\onethink\Application\Home\Controller\LogController.class.php 第 108 行.

[ 2016-07-07T18:48:14+08:00 ] 127.0.0.1 /onethink/index.php?s=/Home/Log/index
SQL: SHOW COLUMNS FROM `tea_log_operation` [ RunTime:0.015625s ]
SQL: INSERT INTO `tea_log_operation` (`logsettingid`,`type`,`primarykeyvalue`,`content`,`createuser`,`createtime`) VALUES (1,1,5,'删除商品','admin',1467888494) [ RunTime:0.000000s ]
INFO: [ app_end ] --START--
INFO: Run Behavior\ShowPageTrace [ RunTime:0.000000s ]
INFO: [ app_end ] --END-- [ RunTime:0.000000s ]

[ 2016-07-07T19:05:30+08:00 ] 127.0.0.1 /onethink/index.php?s=/Home/Log/index
SQL: SHOW COLUMNS FROM `tea_log_setting` [ RunTime:0.000000s ]
SQL: SELECT * FROM `tea_log_setting` INNER JOIN tea_log_setting_detail on tea_log_setting_detail.logsettingid = tea_log_setting.logsettingid INNER JOIN tea_log_operation on tea_log_operation.logsettingid = tea_log_setting.logsettingid   [ RunTime:0.000000s ]
INFO: [ app_end ] --START--
INFO: Run Behavior\ShowPageTrace [ RunTime:0.000000s ]
INFO: [ app_end ] --END-- [ RunTime:0.000000s ]

[ 2016-07-07T19:10:17+08:00 ] 127.0.0.1 /onethink/index.php?s=/Home/Log/index
SQL: SHOW COLUMNS FROM `tea_log_setting` [ RunTime:0.000000s ]
SQL: SELECT * FROM tea_log_setting a INNER JOIN tea_log_setting_detail b on tea_log_setting_detail.logsettingid = tea_log_setting.logsettingid INNER JOIN tea_log_operation c on tea_log_operation.logsettingid = tea_log_setting.logsettingid   [ RunTime:0.000000s ]
ERR: 1054:Unknown column 'tea_log_setting_detail.logsettingid' in 'on clause'
 [ SQL语句 ] : SELECT * FROM tea_log_setting a INNER JOIN tea_log_setting_detail b on tea_log_setting_detail.logsettingid = tea_log_setting.logsettingid INNER JOIN tea_log_operation c on tea_log_operation.logsettingid = tea_log_setting.logsettingid  
INFO: [ app_end ] --START--
INFO: Run Behavior\ShowPageTrace [ RunTime:0.000000s ]
INFO: [ app_end ] --END-- [ RunTime:0.000000s ]

[ 2016-07-07T19:10:29+08:00 ] 127.0.0.1 /onethink/index.php?s=/Home/Log/index
SQL: SHOW COLUMNS FROM `tea_log_setting` [ RunTime:0.000000s ]
SQL: SELECT * FROM tea_log_setting a INNER JOIN tea_log_setting_detail on tea_log_setting_detail.logsettingid = tea_log_setting.logsettingid INNER JOIN tea_log_operation on tea_log_operation.logsettingid = tea_log_setting.logsettingid   [ RunTime:0.000000s ]
ERR: 1054:Unknown column 'tea_log_setting.logsettingid' in 'on clause'
 [ SQL语句 ] : SELECT * FROM tea_log_setting a INNER JOIN tea_log_setting_detail on tea_log_setting_detail.logsettingid = tea_log_setting.logsettingid INNER JOIN tea_log_operation on tea_log_operation.logsettingid = tea_log_setting.logsettingid  
INFO: [ app_end ] --START--
INFO: Run Behavior\ShowPageTrace [ RunTime:0.000000s ]
INFO: [ app_end ] --END-- [ RunTime:0.000000s ]

[ 2016-07-07T19:11:12+08:00 ] 127.0.0.1 /onethink/index.php?s=/Home/Log/index
SQL: SHOW COLUMNS FROM `tea_log_setting` [ RunTime:0.000000s ]
SQL: SELECT * FROM tea_log_setting a INNER JOIN tea_log_setting_detail on tea_log_setting_detail.logsettingid = a.logsettingid INNER JOIN tea_log_operation on tea_log_operation.logsettingid = a.logsettingid   [ RunTime:0.000000s ]
INFO: [ app_end ] --START--
INFO: Run Behavior\ShowPageTrace [ RunTime:0.000000s ]
INFO: [ app_end ] --END-- [ RunTime:0.000000s ]

[ 2016-07-07T19:11:30+08:00 ] 127.0.0.1 /onethink/index.php?s=/Home/Log/index
SQL: SHOW COLUMNS FROM `tea_log_setting` [ RunTime:0.015625s ]
SQL: SELECT * FROM tea_log_setting a INNER JOIN tea_log_setting_detail b on b.logsettingid = a.logsettingid INNER JOIN tea_log_operation on tea_log_operation.logsettingid = a.logsettingid   [ RunTime:0.000000s ]
INFO: [ app_end ] --START--
INFO: Run Behavior\ShowPageTrace [ RunTime:0.000000s ]
INFO: [ app_end ] --END-- [ RunTime:0.000000s ]

[ 2016-07-07T19:11:39+08:00 ] 127.0.0.1 /onethink/index.php?s=/Home/Log/index
SQL: SHOW COLUMNS FROM `tea_log_setting` [ RunTime:0.015625s ]
SQL: SELECT * FROM tea_log_setting a INNER JOIN tea_log_setting_detail b on b.logsettingid = a.logsettingid INNER JOIN tea_log_operation c on c.logsettingid = a.logsettingid   [ RunTime:0.000000s ]
INFO: [ app_end ] --START--
INFO: Run Behavior\ShowPageTrace [ RunTime:0.000000s ]
INFO: [ app_end ] --END-- [ RunTime:0.000000s ]

[ 2016-07-07T19:14:02+08:00 ] 127.0.0.1 /onethink/index.php?s=/Home/Log/index
SQL: SHOW COLUMNS FROM `tea_log_setting` [ RunTime:0.015625s ]
SQL: SELECT b.createuser,b.createtime FROM tea_log_setting a INNER JOIN tea_log_setting_detail b on b.logsettingid = a.logsettingid INNER JOIN tea_log_operation c on c.logsettingid = a.logsettingid   [ RunTime:0.000000s ]
INFO: [ app_end ] --START--
INFO: Run Behavior\ShowPageTrace [ RunTime:0.000000s ]
INFO: [ app_end ] --END-- [ RunTime:0.000000s ]

[ 2016-07-07T19:14:57+08:00 ] 127.0.0.1 /onethink/index.php?s=/Home/Log/index
SQL: SHOW COLUMNS FROM `tea_log_setting` [ RunTime:0.000000s ]
SQL: SELECT b.createuser,b.createtime FROM tea_log_setting a INNER JOIN tea_log_setting_detail b on b.logsettingid = a.logsettingid INNER JOIN tea_log_operation c on c.logsettingid = a.logsettingid   [ RunTime:0.000000s ]
INFO: [ app_end ] --START--
INFO: Run Behavior\ShowPageTrace [ RunTime:0.000000s ]
INFO: [ app_end ] --END-- [ RunTime:0.015625s ]

[ 2016-07-07T19:14:59+08:00 ] 127.0.0.1 /onethink/index.php?s=/Home/Log/index
SQL: SHOW COLUMNS FROM `tea_log_setting` [ RunTime:0.015625s ]
SQL: SELECT b.createuser,b.createtime FROM tea_log_setting a INNER JOIN tea_log_setting_detail b on b.logsettingid = a.logsettingid INNER JOIN tea_log_operation c on c.logsettingid = a.logsettingid   [ RunTime:0.000000s ]
INFO: [ app_end ] --START--
INFO: Run Behavior\ShowPageTrace [ RunTime:0.000000s ]
INFO: [ app_end ] --END-- [ RunTime:0.000000s ]

[ 2016-07-07T19:17:10+08:00 ] 127.0.0.1 /onethink/index.php?s=/Home/Log/index
SQL: SHOW COLUMNS FROM `tea_log_setting` [ RunTime:0.000000s ]
SQL: SELECT b.createuser as bcreateuser,b.createtime FROM tea_log_setting a INNER JOIN tea_log_setting_detail b on b.logsettingid = a.logsettingid INNER JOIN tea_log_operation c on c.logsettingid = a.logsettingid   [ RunTime:0.000000s ]
INFO: [ app_end ] --START--
INFO: Run Behavior\ShowPageTrace [ RunTime:0.000000s ]
INFO: [ app_end ] --END-- [ RunTime:0.000000s ]

[ 2016-07-07T19:17:28+08:00 ] 127.0.0.1 /onethink/index.php?s=/Home/Log/index
SQL: SHOW COLUMNS FROM `tea_log_setting` [ RunTime:0.000000s ]
SQL: SELECT b.createuser as bcreateuser,b.createtime as bcreatetime FROM tea_log_setting a INNER JOIN tea_log_setting_detail b on b.logsettingid = a.logsettingid INNER JOIN tea_log_operation c on c.logsettingid = a.logsettingid   [ RunTime:0.000000s ]
INFO: [ app_end ] --START--
INFO: Run Behavior\ShowPageTrace [ RunTime:0.000000s ]
INFO: [ app_end ] --END-- [ RunTime:0.000000s ]

[ 2016-07-07T19:17:38+08:00 ] 127.0.0.1 /onethink/index.php?s=/Home/Log/index
SQL: SHOW COLUMNS FROM `tea_log_setting` [ RunTime:0.000000s ]
SQL: SELECT a.createuser as acreateuser,a.createtime as acreatetime FROM tea_log_setting a INNER JOIN tea_log_setting_detail b on b.logsettingid = a.logsettingid INNER JOIN tea_log_operation c on c.logsettingid = a.logsettingid   [ RunTime:0.000000s ]
INFO: [ app_end ] --START--
INFO: Run Behavior\ShowPageTrace [ RunTime:0.000000s ]
INFO: [ app_end ] --END-- [ RunTime:0.000000s ]

[ 2016-07-07T19:18:02+08:00 ] 127.0.0.1 /onethink/index.php?s=/Home/Log/index
SQL: SHOW COLUMNS FROM `tea_log_setting` [ RunTime:0.000000s ]
SQL: SELECT a.createuser as acreateuser,a.createtime as acreatetime,b.createuser as bcreateuser,b.createtime as bcreatetime FROM tea_log_setting a INNER JOIN tea_log_setting_detail b on b.logsettingid = a.logsettingid INNER JOIN tea_log_operation c on c.logsettingid = a.logsettingid   [ RunTime:0.015625s ]
INFO: [ app_end ] --START--
INFO: Run Behavior\ShowPageTrace [ RunTime:0.000000s ]
INFO: [ app_end ] --END-- [ RunTime:0.000000s ]

[ 2016-07-07T19:18:48+08:00 ] 127.0.0.1 /onethink/index.php?s=/Home/Log/index
SQL: SHOW COLUMNS FROM `tea_log_setting` [ RunTime:0.015625s ]
SQL: SELECT a.createuser as acreateuser,a.createtime as acreatetime,b.createuser as bcreateuser,b.createtime as bcreatetime,c.createuser as createuser,c.createtime as createtime FROM tea_log_setting a INNER JOIN tea_log_setting_detail b on b.logsettingid = a.logsettingid INNER JOIN tea_log_operation c on c.logsettingid = a.logsettingid   [ RunTime:0.000000s ]
INFO: [ app_end ] --START--
INFO: Run Behavior\ShowPageTrace [ RunTime:0.000000s ]
INFO: [ app_end ] --END-- [ RunTime:0.000000s ]

[ 2016-07-07T19:19:14+08:00 ] 127.0.0.1 /onethink/index.php?s=/Home/Log/index
SQL: SHOW COLUMNS FROM `tea_log_setting` [ RunTime:0.000000s ]
SQL: SELECT * FROM tea_log_setting a INNER JOIN tea_log_setting_detail b on b.logsettingid = a.logsettingid INNER JOIN tea_log_operation c on c.logsettingid = a.logsettingid   [ RunTime:0.000000s ]
INFO: [ app_end ] --START--
INFO: Run Behavior\ShowPageTrace [ RunTime:0.015625s ]
INFO: [ app_end ] --END-- [ RunTime:0.015625s ]

