[ 2016-07-06T10:46:38+08:00 ] 127.0.0.1 /onethink/index.php?s=/Home/Order/index.html
SQL: SHOW COLUMNS FROM `tea_order` [ RunTime:0.015625s ]
NOTIC: [8] Undefined variable: map E:\Vista\projects\onethink\Application\Home\Controller\OrderController.class.php 第 74 行.
SQL: SELECT * FROM `tea_order`  [ RunTime:0.000000s ]
INFO: [ app_end ] --START--
INFO: Run Behavior\ShowPageTrace [ RunTime:0.000000s ]
INFO: [ app_end ] --END-- [ RunTime:0.000000s ]

[ 2016-07-06T16:09:24+08:00 ] 127.0.0.1 /onethink/index.php?s=/Home/Withdraw/insert_buyer.html
SQL: SHOW COLUMNS FROM `tea_withdraw` [ RunTime:0.000000s ]
SQL: INSERT INTO `tea_withdraw` (`buyerid`,`money`,`status`,`applytime`,`approvaltime`,`sharecount`,`approval_id`) VALUES (10002,100,1,1467792564,null,3,null) [ RunTime:0.000000s ]
INFO: [ app_end ] --START--
INFO: Run Behavior\ShowPageTrace [ RunTime:0.000000s ]
INFO: [ app_end ] --END-- [ RunTime:0.000000s ]

[ 2016-07-06T16:13:03+08:00 ] 127.0.0.1 /onethink/index.php?s=/Home/Buyer/insert_buyer.html
SQL: SHOW COLUMNS FROM `tea_buyer` [ RunTime:0.000000s ]
SQL: INSERT INTO `tea_buyer` (`buyerid`,`name`,`account`,`password`,`phone`,`gold`,`balance`,`expenditure`,`level`) VALUES (10001,'某某某',null,null,null,0,0,0,1) [ RunTime:0.000000s ]
INFO: [ app_end ] --START--
INFO: Run Behavior\ShowPageTrace [ RunTime:0.015625s ]
INFO: [ app_end ] --END-- [ RunTime:0.015625s ]

[ 2016-07-06T16:13:34+08:00 ] 127.0.0.1 /onethink/index.php?s=/Home/Withdraw/insert_withdraw.html
SQL: SHOW COLUMNS FROM `tea_withdraw` [ RunTime:0.000000s ]
SQL: INSERT INTO `tea_withdraw` (`buyerid`,`money`,`status`,`applytime`,`approvaltime`,`sharecount`,`approval_id`) VALUES (10001,200,2,1467792814,1467792814,3,null) [ RunTime:0.000000s ]
INFO: [ app_end ] --START--
INFO: Run Behavior\ShowPageTrace [ RunTime:0.015625s ]
INFO: [ app_end ] --END-- [ RunTime:0.015625s ]

[ 2016-07-06T16:53:43+08:00 ] 127.0.0.1 /onethink/index.php?s=/Home/Withdraw/index
SQL: SHOW COLUMNS FROM `tea_withdraw` [ RunTime:0.000000s ]
NOTIC: [8] Undefined variable: map E:\Vista\projects\onethink\Application\Home\Controller\WithdrawController.class.php 第 69 行.
SQL: SELECT * FROM `tea_withdraw`  [ RunTime:0.000000s ]
INFO: [ app_end ] --START--
INFO: Run Behavior\ShowPageTrace [ RunTime:0.000000s ]
INFO: [ app_end ] --END-- [ RunTime:0.000000s ]

[ 2016-07-06T17:06:38+08:00 ] 127.0.0.1 /onethink/index.php?s=/Home/Withdraw/get_money_by_time
SQL: SHOW COLUMNS FROM `tea_withdraw` [ RunTime:0.000000s ]
SQL: SELECT * FROM `tea_withdraw` WHERE ( `status` = 2 )  [ RunTime:0.000000s ]
INFO: [ app_end ] --START--
INFO: Run Behavior\ShowPageTrace [ RunTime:0.000000s ]
INFO: [ app_end ] --END-- [ RunTime:0.000000s ]

[ 2016-07-06T17:10:28+08:00 ] 127.0.0.1 /onethink/index.php?s=/Home/Withdraw/get_money_by_time
SQL: SHOW COLUMNS FROM `tea_withdraw` [ RunTime:0.015625s ]
SQL: SELECT * FROM `tea_withdraw` WHERE ( `status` = 2 )  [ RunTime:0.000000s ]
INFO: [ app_end ] --START--
INFO: Run Behavior\ShowPageTrace [ RunTime:0.000000s ]
INFO: [ app_end ] --END-- [ RunTime:0.000000s ]

[ 2016-07-06T17:39:26+08:00 ] 127.0.0.1 /onethink/index.php?s=/Home/Coupon/index
ERR: Think\Controller:query_coupon方法不存在！

[ 2016-07-06T17:41:07+08:00 ] 127.0.0.1 /onethink/index.php?s=/Home/Coupon/index
SQL: SHOW COLUMNS FROM `tea_coupon` [ RunTime:0.000000s ]
NOTIC: [8] Undefined variable: map E:\Vista\projects\onethink\Application\Home\Controller\CouponController.class.php 第 73 行.
SQL: SELECT * FROM `tea_coupon`  [ RunTime:0.015625s ]
INFO: [ app_end ] --START--
INFO: Run Behavior\ShowPageTrace [ RunTime:0.000000s ]
INFO: [ app_end ] --END-- [ RunTime:0.000000s ]

[ 2016-07-06T18:05:53+08:00 ] 127.0.0.1 /onethink/index.php?s=/Home/Coupon/insert_coupon
SQL: SHOW COLUMNS FROM `tea_coupon` [ RunTime:0.015625s ]
SQL: INSERT INTO `tea_coupon` (`identify`,`type`,`discount`,`disprice`,`starttime`,`deadline`,`status`,`usetime`,`overprice`,`available`) VALUES ('DX123SDFAS124534',0,98,20,1467799553,1467799553,0,1467799553,100,0) [ RunTime:0.000000s ]
INFO: [ app_end ] --START--
INFO: Run Behavior\ShowPageTrace [ RunTime:0.000000s ]
INFO: [ app_end ] --END-- [ RunTime:0.000000s ]

[ 2016-07-06T18:16:43+08:00 ] 127.0.0.1 /onethink/index.php?s=/Home/Coupon/insert_coupon
SQL: SHOW COLUMNS FROM `tea_coupon` [ RunTime:0.015625s ]
SQL: INSERT INTO `tea_coupon` (`identify`,`type`,`discount`,`disprice`,`starttime`,`deadline`,`status`,`usetime`,`overprice`,`available`) VALUES ('ladjlfaf1324654',0,98,20,1467800203,1467800203,0,1467800203,100,0) [ RunTime:0.000000s ]
INFO: [ app_end ] --START--
INFO: Run Behavior\ShowPageTrace [ RunTime:0.000000s ]
INFO: [ app_end ] --END-- [ RunTime:0.000000s ]

[ 2016-07-06T18:19:15+08:00 ] 127.0.0.1 /onethink/index.php?s=/Home/Coupon/index
SQL: SHOW COLUMNS FROM `tea_coupon` [ RunTime:0.000000s ]
NOTIC: [8] Undefined variable: map E:\Vista\projects\onethink\Application\Home\Controller\CouponController.class.php 第 73 行.
SQL: SELECT * FROM `tea_coupon`  [ RunTime:0.000000s ]
INFO: [ app_end ] --START--
INFO: Run Behavior\ShowPageTrace [ RunTime:0.015625s ]
INFO: [ app_end ] --END-- [ RunTime:0.015625s ]

[ 2016-07-06T18:29:49+08:00 ] 127.0.0.1 /onethink/index.php?s=/Home/Coupon/index
SQL: SHOW COLUMNS FROM `tea_coupon` [ RunTime:0.000000s ]
SQL: SELECT * FROM `tea_coupon` INNER JOIN tea_order on tea_order.couponid = tea_coupon.couponid   [ RunTime:0.000000s ]
INFO: [ app_end ] --START--
INFO: Run Behavior\ShowPageTrace [ RunTime:0.000000s ]
INFO: [ app_end ] --END-- [ RunTime:0.000000s ]

[ 2016-07-06T18:34:29+08:00 ] 127.0.0.1 /onethink/index.php?s=/Home/Coupon/index
SQL: SHOW COLUMNS FROM `tea_coupon` [ RunTime:0.000000s ]
SQL: SELECT `couponid`,`identify`,`type`,`discount`,`dispricestarttime`,`deadline`,`status`,`usetime`,`overprice`,`orderid`,`buyerid` FROM `tea_coupon` INNER JOIN tea_order on tea_order.couponid = tea_coupon.couponid  WHERE ( `available` = 0 )  [ RunTime:0.000000s ]
ERR: 1052:Column 'couponid' in field list is ambiguous
 [ SQL语句 ] : SELECT `couponid`,`identify`,`type`,`discount`,`dispricestarttime`,`deadline`,`status`,`usetime`,`overprice`,`orderid`,`buyerid` FROM `tea_coupon` INNER JOIN tea_order on tea_order.couponid = tea_coupon.couponid  WHERE ( `available` = 0 ) 
INFO: [ app_end ] --START--
INFO: Run Behavior\ShowPageTrace [ RunTime:0.000000s ]
INFO: [ app_end ] --END-- [ RunTime:0.000000s ]

[ 2016-07-06T18:36:12+08:00 ] 127.0.0.1 /onethink/index.php?s=/Home/Coupon/index
SQL: SHOW COLUMNS FROM `tea_coupon` [ RunTime:0.000000s ]
SQL: SELECT `couponid`,`identify`,`type`,`discount`,`disprice`,`starttime`,`deadline`,`status`,`usetime`,`overprice`,`orderid`,`buyerid` FROM `tea_coupon` INNER JOIN tea_order on tea_order.couponid = tea_coupon.couponid  WHERE ( `available` = 0 )  [ RunTime:0.000000s ]
ERR: 1052:Column 'couponid' in field list is ambiguous
 [ SQL语句 ] : SELECT `couponid`,`identify`,`type`,`discount`,`disprice`,`starttime`,`deadline`,`status`,`usetime`,`overprice`,`orderid`,`buyerid` FROM `tea_coupon` INNER JOIN tea_order on tea_order.couponid = tea_coupon.couponid  WHERE ( `available` = 0 ) 
INFO: [ app_end ] --START--
INFO: Run Behavior\ShowPageTrace [ RunTime:0.000000s ]
INFO: [ app_end ] --END-- [ RunTime:0.000000s ]

[ 2016-07-06T18:36:43+08:00 ] 127.0.0.1 /onethink/index.php?s=/Home/Coupon/index
SQL: SHOW COLUMNS FROM `tea_coupon` [ RunTime:0.015625s ]
SQL: SELECT `couponid`,`identify`,`type`,`discount`,`disprice`,`starttime`,`deadline`,`status`,`usetime`,`overprice`,`orderid`,`buyerid` FROM `tea_coupon` INNER JOIN tea_order on tea_order.couponid = tea_coupon.couponid   [ RunTime:0.000000s ]
ERR: 1052:Column 'couponid' in field list is ambiguous
 [ SQL语句 ] : SELECT `couponid`,`identify`,`type`,`discount`,`disprice`,`starttime`,`deadline`,`status`,`usetime`,`overprice`,`orderid`,`buyerid` FROM `tea_coupon` INNER JOIN tea_order on tea_order.couponid = tea_coupon.couponid  
INFO: [ app_end ] --START--
INFO: Run Behavior\ShowPageTrace [ RunTime:0.000000s ]
INFO: [ app_end ] --END-- [ RunTime:0.000000s ]

[ 2016-07-06T18:36:52+08:00 ] 127.0.0.1 /onethink/index.php?s=/Home/Coupon/index
SQL: SHOW COLUMNS FROM `tea_coupon` [ RunTime:0.000000s ]
SQL: SELECT * FROM `tea_coupon` INNER JOIN tea_order on tea_order.couponid = tea_coupon.couponid  WHERE ( `available` = 0 )  [ RunTime:0.000000s ]
ERR: 1052:Column 'available' in where clause is ambiguous
 [ SQL语句 ] : SELECT * FROM `tea_coupon` INNER JOIN tea_order on tea_order.couponid = tea_coupon.couponid  WHERE ( `available` = 0 ) 
INFO: [ app_end ] --START--
INFO: Run Behavior\ShowPageTrace [ RunTime:0.000000s ]
INFO: [ app_end ] --END-- [ RunTime:0.000000s ]

[ 2016-07-06T18:36:54+08:00 ] 127.0.0.1 /onethink/index.php?s=/Home/Coupon/index
SQL: SHOW COLUMNS FROM `tea_coupon` [ RunTime:0.000000s ]
SQL: SELECT * FROM `tea_coupon` INNER JOIN tea_order on tea_order.couponid = tea_coupon.couponid  WHERE ( `available` = 0 )  [ RunTime:0.000000s ]
ERR: 1052:Column 'available' in where clause is ambiguous
 [ SQL语句 ] : SELECT * FROM `tea_coupon` INNER JOIN tea_order on tea_order.couponid = tea_coupon.couponid  WHERE ( `available` = 0 ) 
INFO: [ app_end ] --START--
INFO: Run Behavior\ShowPageTrace [ RunTime:0.000000s ]
INFO: [ app_end ] --END-- [ RunTime:0.000000s ]

[ 2016-07-06T18:37:03+08:00 ] 127.0.0.1 /onethink/index.php?s=/Home/Coupon/index
SQL: SHOW COLUMNS FROM `tea_coupon` [ RunTime:0.015625s ]
SQL: SELECT * FROM `tea_coupon` INNER JOIN tea_order on tea_order.couponid = tea_coupon.couponid   [ RunTime:0.000000s ]
INFO: [ app_end ] --START--
INFO: Run Behavior\ShowPageTrace [ RunTime:0.000000s ]
INFO: [ app_end ] --END-- [ RunTime:0.000000s ]

[ 2016-07-06T18:38:01+08:00 ] 127.0.0.1 /onethink/index.php?s=/Home/Coupon/index
SQL: SHOW COLUMNS FROM `tea_coupon` [ RunTime:0.015625s ]
SQL: SELECT * FROM `tea_coupon` INNER JOIN tea_order on tea_order.couponid = tea_coupon.couponid  WHERE ( `available` = 0 )  [ RunTime:0.000000s ]
ERR: 1052:Column 'available' in where clause is ambiguous
 [ SQL语句 ] : SELECT * FROM `tea_coupon` INNER JOIN tea_order on tea_order.couponid = tea_coupon.couponid  WHERE ( `available` = 0 ) 
INFO: [ app_end ] --START--
INFO: Run Behavior\ShowPageTrace [ RunTime:0.000000s ]
INFO: [ app_end ] --END-- [ RunTime:0.000000s ]

[ 2016-07-06T18:38:05+08:00 ] 127.0.0.1 /onethink/index.php?s=/Home/Coupon/index
SQL: SHOW COLUMNS FROM `tea_coupon` [ RunTime:0.015625s ]
SQL: SELECT * FROM `tea_coupon` INNER JOIN tea_order on tea_order.couponid = tea_coupon.couponid  WHERE ( `available` = 0 )  [ RunTime:0.000000s ]
ERR: 1052:Column 'available' in where clause is ambiguous
 [ SQL语句 ] : SELECT * FROM `tea_coupon` INNER JOIN tea_order on tea_order.couponid = tea_coupon.couponid  WHERE ( `available` = 0 ) 
INFO: [ app_end ] --START--
INFO: Run Behavior\ShowPageTrace [ RunTime:0.000000s ]
INFO: [ app_end ] --END-- [ RunTime:0.000000s ]

[ 2016-07-06T18:38:14+08:00 ] 127.0.0.1 /onethink/index.php?s=/Home/Coupon/index
SQL: SHOW COLUMNS FROM `tea_coupon` [ RunTime:0.015625s ]
SQL: SELECT `couponid`,`identify`,`type`,`discount`,`disprice`,`starttime`,`deadline`,`status`,`usetime`,`overprice`,`orderid`,`buyerid` FROM `tea_coupon` INNER JOIN tea_order on tea_order.couponid = tea_coupon.couponid   [ RunTime:0.000000s ]
ERR: 1052:Column 'couponid' in field list is ambiguous
 [ SQL语句 ] : SELECT `couponid`,`identify`,`type`,`discount`,`disprice`,`starttime`,`deadline`,`status`,`usetime`,`overprice`,`orderid`,`buyerid` FROM `tea_coupon` INNER JOIN tea_order on tea_order.couponid = tea_coupon.couponid  
INFO: [ app_end ] --START--
INFO: Run Behavior\ShowPageTrace [ RunTime:0.000000s ]
INFO: [ app_end ] --END-- [ RunTime:0.000000s ]

[ 2016-07-06T18:38:21+08:00 ] 127.0.0.1 /onethink/index.php?s=/Home/Coupon/index
SQL: SHOW COLUMNS FROM `tea_coupon` [ RunTime:0.015625s ]
SQL: SELECT * FROM `tea_coupon` INNER JOIN tea_order on tea_order.couponid = tea_coupon.couponid   [ RunTime:0.000000s ]
INFO: [ app_end ] --START--
INFO: Run Behavior\ShowPageTrace [ RunTime:0.000000s ]
INFO: [ app_end ] --END-- [ RunTime:0.000000s ]

[ 2016-07-06T18:40:16+08:00 ] 127.0.0.1 /onethink/index.php?s=/Home/Coupon/index
SQL: SHOW COLUMNS FROM `tea_coupon` [ RunTime:0.015625s ]
SQL: SELECT `couponid` FROM `tea_coupon` INNER JOIN tea_order on tea_order.couponid = tea_coupon.couponid   [ RunTime:0.000000s ]
ERR: 1052:Column 'couponid' in field list is ambiguous
 [ SQL语句 ] : SELECT `couponid` FROM `tea_coupon` INNER JOIN tea_order on tea_order.couponid = tea_coupon.couponid  
INFO: [ app_end ] --START--
INFO: Run Behavior\ShowPageTrace [ RunTime:0.000000s ]
INFO: [ app_end ] --END-- [ RunTime:0.000000s ]

[ 2016-07-06T18:40:36+08:00 ] 127.0.0.1 /onethink/index.php?s=/Home/Coupon/index
SQL: SHOW COLUMNS FROM `tea_coupon` [ RunTime:0.000000s ]
SQL: SELECT `identify` FROM `tea_coupon` INNER JOIN tea_order on tea_order.couponid = tea_coupon.couponid   [ RunTime:0.015625s ]
INFO: [ app_end ] --START--
INFO: Run Behavior\ShowPageTrace [ RunTime:0.000000s ]
INFO: [ app_end ] --END-- [ RunTime:0.000000s ]

[ 2016-07-06T18:41:04+08:00 ] 127.0.0.1 /onethink/index.php?s=/Home/Coupon/index
SQL: SHOW COLUMNS FROM `tea_coupon` [ RunTime:0.000000s ]
SQL: SELECT `identify`,`type`,`discount`,`disprice`,`starttime`,`deadline`,`status`,`usetime`,`overprice`,`orderid`,`buyerid` FROM `tea_coupon` INNER JOIN tea_order on tea_order.couponid = tea_coupon.couponid  WHERE ( `available` = 0 )  [ RunTime:0.000000s ]
ERR: 1052:Column 'type' in field list is ambiguous
 [ SQL语句 ] : SELECT `identify`,`type`,`discount`,`disprice`,`starttime`,`deadline`,`status`,`usetime`,`overprice`,`orderid`,`buyerid` FROM `tea_coupon` INNER JOIN tea_order on tea_order.couponid = tea_coupon.couponid  WHERE ( `available` = 0 ) 
INFO: [ app_end ] --START--
INFO: Run Behavior\ShowPageTrace [ RunTime:0.000000s ]
INFO: [ app_end ] --END-- [ RunTime:0.000000s ]

[ 2016-07-06T18:41:35+08:00 ] 127.0.0.1 /onethink/index.php?s=/Home/Coupon/index
SQL: SHOW COLUMNS FROM `tea_coupon` [ RunTime:0.000000s ]
SQL: SELECT `identify`,`type`,`discount`,`disprice`,`starttime`,`deadline`,`status`,`usetime`,`overprice`,`orderid`,`buyerid` FROM `tea_coupon` INNER JOIN tea_order on tea_order.couponid = tea_coupon.couponid   [ RunTime:0.000000s ]
ERR: 1052:Column 'type' in field list is ambiguous
 [ SQL语句 ] : SELECT `identify`,`type`,`discount`,`disprice`,`starttime`,`deadline`,`status`,`usetime`,`overprice`,`orderid`,`buyerid` FROM `tea_coupon` INNER JOIN tea_order on tea_order.couponid = tea_coupon.couponid  
INFO: [ app_end ] --START--
INFO: Run Behavior\ShowPageTrace [ RunTime:0.000000s ]
INFO: [ app_end ] --END-- [ RunTime:0.000000s ]

[ 2016-07-06T18:41:48+08:00 ] 127.0.0.1 /onethink/index.php?s=/Home/Coupon/index
SQL: SHOW COLUMNS FROM `tea_coupon` [ RunTime:0.015625s ]
SQL: SELECT `couponid`,`identify`,`type`,`discount`,`disprice`,`starttime`,`deadline`,`status`,`usetime`,`overprice` FROM `tea_coupon` INNER JOIN tea_order on tea_order.couponid = tea_coupon.couponid  WHERE ( `available` = 0 )  [ RunTime:0.000000s ]
ERR: 1052:Column 'couponid' in field list is ambiguous
 [ SQL语句 ] : SELECT `couponid`,`identify`,`type`,`discount`,`disprice`,`starttime`,`deadline`,`status`,`usetime`,`overprice` FROM `tea_coupon` INNER JOIN tea_order on tea_order.couponid = tea_coupon.couponid  WHERE ( `available` = 0 ) 
INFO: [ app_end ] --START--
INFO: Run Behavior\ShowPageTrace [ RunTime:0.000000s ]
INFO: [ app_end ] --END-- [ RunTime:0.000000s ]

[ 2016-07-06T18:44:02+08:00 ] 127.0.0.1 /onethink/index.php?s=/Home/Coupon/index
SQL: SHOW COLUMNS FROM `tea_coupon` [ RunTime:0.000000s ]
SQL: SELECT `couponid`,`identify`,`type`,`discount`,`disprice`,`starttime`,`deadline`,`status`,`usetime`,`overprice`,`orderid`,`buyerid` FROM `tea_coupon` INNER JOIN tea_order on tea_order.couponid = tea_coupon.couponid  WHERE ( `available` = 0 )  [ RunTime:0.000000s ]
ERR: 1052:Column 'couponid' in field list is ambiguous
 [ SQL语句 ] : SELECT `couponid`,`identify`,`type`,`discount`,`disprice`,`starttime`,`deadline`,`status`,`usetime`,`overprice`,`orderid`,`buyerid` FROM `tea_coupon` INNER JOIN tea_order on tea_order.couponid = tea_coupon.couponid  WHERE ( `available` = 0 ) 
INFO: [ app_end ] --START--
INFO: Run Behavior\ShowPageTrace [ RunTime:0.000000s ]
INFO: [ app_end ] --END-- [ RunTime:0.000000s ]

[ 2016-07-06T18:53:15+08:00 ] 127.0.0.1 /onethink/index.php?s=/Home/Coupon/index
SQL: SHOW COLUMNS FROM `tea_coupon` [ RunTime:0.000000s ]
NOTIC: [8] Use of undefined constant buyerid - assumed 'buyerid' E:\Vista\projects\onethink\Application\Home\Controller\CouponController.class.php 第 83 行.
SQL: SHOW COLUMNS FROM `tea_order` [ RunTime:0.000000s ]
SQL: SELECT * FROM `tea_order` WHERE ( `buyerid` = 10002 )  [ RunTime:0.000000s ]
NOTIC: [8] Undefined variable: queryresult E:\Vista\projects\onethink\Application\Home\Controller\CouponController.class.php 第 92 行.
INFO: [ app_end ] --START--
INFO: Run Behavior\ShowPageTrace [ RunTime:0.000000s ]
INFO: [ app_end ] --END-- [ RunTime:0.000000s ]

[ 2016-07-06T18:53:53+08:00 ] 127.0.0.1 /onethink/index.php?s=/Home/Coupon/index
SQL: SHOW COLUMNS FROM `tea_coupon` [ RunTime:0.015625s ]
NOTIC: [8] Use of undefined constant buyerid - assumed 'buyerid' E:\Vista\projects\onethink\Application\Home\Controller\CouponController.class.php 第 83 行.
SQL: SHOW COLUMNS FROM `tea_order` [ RunTime:0.000000s ]
SQL: SELECT `couponid` FROM `tea_order` WHERE ( `buyerid` = 10002 )  [ RunTime:0.000000s ]
NOTIC: [8] Undefined variable: queryresult E:\Vista\projects\onethink\Application\Home\Controller\CouponController.class.php 第 92 行.
INFO: [ app_end ] --START--
INFO: Run Behavior\ShowPageTrace [ RunTime:0.000000s ]
INFO: [ app_end ] --END-- [ RunTime:0.000000s ]

[ 2016-07-06T19:09:19+08:00 ] 127.0.0.1 /onethink/index.php?s=/Home/Coupon/index
SQL: SHOW COLUMNS FROM `tea_coupon` [ RunTime:0.015625s ]
NOTIC: [8] Use of undefined constant buyerid - assumed 'buyerid' E:\Vista\projects\onethink\Application\Home\Controller\CouponController.class.php 第 81 行.
SQL: SELECT * FROM `tea_coupon` INNER JOIN tea_order on tea_order.couponid = tea_coupon.couponid   [ RunTime:0.000000s ]

[ 2016-07-06T19:09:33+08:00 ] 127.0.0.1 /onethink/index.php?s=/Home/Coupon/index
SQL: SHOW COLUMNS FROM `tea_coupon` [ RunTime:0.015625s ]
NOTIC: [8] Use of undefined constant buyerid - assumed 'buyerid' E:\Vista\projects\onethink\Application\Home\Controller\CouponController.class.php 第 81 行.
SQL: SELECT `couponid`,`identify`,`type`,`discount`,`disprice`,`starttime`,`deadline`,`status`,`usetime`,`overprice`,`orderid`,`buyerid` FROM `tea_coupon` INNER JOIN tea_order on tea_order.couponid = tea_coupon.couponid  WHERE ( `available` = 0 ) AND ( `buyerid` = 10002 )  [ RunTime:0.000000s ]
ERR: 1052:Column 'couponid' in field list is ambiguous
 [ SQL语句 ] : SELECT `couponid`,`identify`,`type`,`discount`,`disprice`,`starttime`,`deadline`,`status`,`usetime`,`overprice`,`orderid`,`buyerid` FROM `tea_coupon` INNER JOIN tea_order on tea_order.couponid = tea_coupon.couponid  WHERE ( `available` = 0 ) AND ( `buyerid` = 10002 ) 
INFO: [ app_end ] --START--
INFO: Run Behavior\ShowPageTrace [ RunTime:0.000000s ]
INFO: [ app_end ] --END-- [ RunTime:0.000000s ]

[ 2016-07-06T19:09:55+08:00 ] 127.0.0.1 /onethink/index.php?s=/Home/Coupon/index
SQL: SHOW COLUMNS FROM `tea_coupon` [ RunTime:0.000000s ]
NOTIC: [8] Use of undefined constant buyerid - assumed 'buyerid' E:\Vista\projects\onethink\Application\Home\Controller\CouponController.class.php 第 81 行.
SQL: SELECT `couponid`,`identify`,`type`,`discount`,`disprice`,`starttime`,`deadline`,`status`,`usetime`,`overprice`,`orderid`,`buyerid` FROM `tea_coupon` INNER JOIN tea_order on tea_order.couponid = tea_coupon.couponid  WHERE ( `available` = 0 ) AND ( `buyerid` = 10002 )  [ RunTime:0.000000s ]
ERR: 1052:Column 'couponid' in field list is ambiguous
 [ SQL语句 ] : SELECT `couponid`,`identify`,`type`,`discount`,`disprice`,`starttime`,`deadline`,`status`,`usetime`,`overprice`,`orderid`,`buyerid` FROM `tea_coupon` INNER JOIN tea_order on tea_order.couponid = tea_coupon.couponid  WHERE ( `available` = 0 ) AND ( `buyerid` = 10002 ) 
INFO: [ app_end ] --START--
INFO: Run Behavior\ShowPageTrace [ RunTime:0.000000s ]
INFO: [ app_end ] --END-- [ RunTime:0.000000s ]

[ 2016-07-06T19:10:27+08:00 ] 127.0.0.1 /onethink/index.php?s=/Home/Coupon/index
SQL: SHOW COLUMNS FROM `tea_coupon` [ RunTime:0.015625s ]
NOTIC: [8] Use of undefined constant buyerid - assumed 'buyerid' E:\Vista\projects\onethink\Application\Home\Controller\CouponController.class.php 第 81 行.
SQL: SELECT `couponid`,`identify`,`type`,`discount`,`disprice`,`starttime`,`deadline`,`status`,`usetime`,`overprice`,`orderid`,`buyerid` FROM `tea_coupon` INNER JOIN tea_order on tea_order.couponid = tea_coupon.couponid  WHERE ( `available` = 0 ) AND ( `buyerid` = null )  [ RunTime:0.000000s ]
ERR: 1052:Column 'couponid' in field list is ambiguous
 [ SQL语句 ] : SELECT `couponid`,`identify`,`type`,`discount`,`disprice`,`starttime`,`deadline`,`status`,`usetime`,`overprice`,`orderid`,`buyerid` FROM `tea_coupon` INNER JOIN tea_order on tea_order.couponid = tea_coupon.couponid  WHERE ( `available` = 0 ) AND ( `buyerid` = null ) 
INFO: [ app_end ] --START--
INFO: Run Behavior\ShowPageTrace [ RunTime:0.000000s ]
INFO: [ app_end ] --END-- [ RunTime:0.000000s ]

[ 2016-07-06T19:10:51+08:00 ] 127.0.0.1 /onethink/index.php?s=/Home/Coupon/index
SQL: SHOW COLUMNS FROM `tea_coupon` [ RunTime:0.015625s ]
SQL: SELECT `couponid`,`identify`,`type`,`discount`,`disprice`,`starttime`,`deadline`,`status`,`usetime`,`overprice`,`orderid`,`buyerid` FROM `tea_coupon` INNER JOIN tea_order on tea_order.couponid = tea_coupon.couponid  WHERE ( `available` = 0 )  [ RunTime:0.000000s ]
ERR: 1052:Column 'couponid' in field list is ambiguous
 [ SQL语句 ] : SELECT `couponid`,`identify`,`type`,`discount`,`disprice`,`starttime`,`deadline`,`status`,`usetime`,`overprice`,`orderid`,`buyerid` FROM `tea_coupon` INNER JOIN tea_order on tea_order.couponid = tea_coupon.couponid  WHERE ( `available` = 0 ) 
INFO: [ app_end ] --START--
INFO: Run Behavior\ShowPageTrace [ RunTime:0.000000s ]
INFO: [ app_end ] --END-- [ RunTime:0.000000s ]

[ 2016-07-06T19:11:02+08:00 ] 127.0.0.1 /onethink/index.php?s=/Home/Coupon/index
SQL: SHOW COLUMNS FROM `tea_coupon` [ RunTime:0.000000s ]
SQL: SELECT * FROM `tea_coupon` INNER JOIN tea_order on tea_order.couponid = tea_coupon.couponid   [ RunTime:0.000000s ]
INFO: [ app_end ] --START--
INFO: Run Behavior\ShowPageTrace [ RunTime:0.000000s ]
INFO: [ app_end ] --END-- [ RunTime:0.000000s ]

[ 2016-07-06T19:11:37+08:00 ] 127.0.0.1 /onethink/index.php?s=/Home/Coupon/index
SQL: SHOW COLUMNS FROM `tea_coupon` [ RunTime:0.015625s ]
SQL: SELECT `couponid`,`identify` FROM `tea_coupon` INNER JOIN tea_order on tea_order.couponid = tea_coupon.couponid   [ RunTime:0.000000s ]
ERR: 1052:Column 'couponid' in field list is ambiguous
 [ SQL语句 ] : SELECT `couponid`,`identify` FROM `tea_coupon` INNER JOIN tea_order on tea_order.couponid = tea_coupon.couponid  
INFO: [ app_end ] --START--
INFO: Run Behavior\ShowPageTrace [ RunTime:0.000000s ]
INFO: [ app_end ] --END-- [ RunTime:0.000000s ]

[ 2016-07-06T19:11:43+08:00 ] 127.0.0.1 /onethink/index.php?s=/Home/Coupon/index
SQL: SHOW COLUMNS FROM `tea_coupon` [ RunTime:0.000000s ]
SQL: SELECT `identify` FROM `tea_coupon` INNER JOIN tea_order on tea_order.couponid = tea_coupon.couponid   [ RunTime:0.015625s ]
INFO: [ app_end ] --START--
INFO: Run Behavior\ShowPageTrace [ RunTime:0.000000s ]
INFO: [ app_end ] --END-- [ RunTime:0.000000s ]

[ 2016-07-06T19:11:54+08:00 ] 127.0.0.1 /onethink/index.php?s=/Home/Coupon/index
SQL: SHOW COLUMNS FROM `tea_coupon` [ RunTime:0.015625s ]
SQL: SELECT `identify`,`type`,`discount` FROM `tea_coupon` INNER JOIN tea_order on tea_order.couponid = tea_coupon.couponid   [ RunTime:0.000000s ]
ERR: 1052:Column 'type' in field list is ambiguous
 [ SQL语句 ] : SELECT `identify`,`type`,`discount` FROM `tea_coupon` INNER JOIN tea_order on tea_order.couponid = tea_coupon.couponid  
INFO: [ app_end ] --START--
INFO: Run Behavior\ShowPageTrace [ RunTime:0.000000s ]
INFO: [ app_end ] --END-- [ RunTime:0.000000s ]

[ 2016-07-06T19:12:07+08:00 ] 127.0.0.1 /onethink/index.php?s=/Home/Coupon/index
SQL: SHOW COLUMNS FROM `tea_coupon` [ RunTime:0.000000s ]
SQL: SELECT `identify`,`type` FROM `tea_coupon` INNER JOIN tea_order on tea_order.couponid = tea_coupon.couponid   [ RunTime:0.000000s ]
ERR: 1052:Column 'type' in field list is ambiguous
 [ SQL语句 ] : SELECT `identify`,`type` FROM `tea_coupon` INNER JOIN tea_order on tea_order.couponid = tea_coupon.couponid  
INFO: [ app_end ] --START--
INFO: Run Behavior\ShowPageTrace [ RunTime:0.000000s ]
INFO: [ app_end ] --END-- [ RunTime:0.000000s ]

[ 2016-07-06T19:12:19+08:00 ] 127.0.0.1 /onethink/index.php?s=/Home/Coupon/index
SQL: SHOW COLUMNS FROM `tea_coupon` [ RunTime:0.015625s ]
SQL: SELECT `discount` FROM `tea_coupon` INNER JOIN tea_order on tea_order.couponid = tea_coupon.couponid   [ RunTime:0.000000s ]
INFO: [ app_end ] --START--
INFO: Run Behavior\ShowPageTrace [ RunTime:0.000000s ]
INFO: [ app_end ] --END-- [ RunTime:0.000000s ]

[ 2016-07-06T19:15:52+08:00 ] 127.0.0.1 /onethink/index.php?s=/Home/Coupon/index
SQL: SHOW COLUMNS FROM `tea_coupon` [ RunTime:0.015625s ]
SQL: SELECT tea_coupon.couponid,tea_coupon.discount FROM `tea_coupon` INNER JOIN tea_order on tea_order.couponid = tea_coupon.couponid   [ RunTime:0.015625s ]
INFO: [ app_end ] --START--
INFO: Run Behavior\ShowPageTrace [ RunTime:0.000000s ]
INFO: [ app_end ] --END-- [ RunTime:0.000000s ]

[ 2016-07-06T19:16:33+08:00 ] 127.0.0.1 /onethink/index.php?s=/Home/Coupon/index
SQL: SHOW COLUMNS FROM `tea_coupon` [ RunTime:0.000000s ]
SQL: SELECT tea_coupon.couponid,tea_coupon.discount FROM `tea_coupon` INNER JOIN tea_order on tea_order.couponid = tea_coupon.couponid   [ RunTime:0.015625s ]
INFO: [ app_end ] --START--
INFO: Run Behavior\ShowPageTrace [ RunTime:0.000000s ]
INFO: [ app_end ] --END-- [ RunTime:0.000000s ]

[ 2016-07-06T19:16:51+08:00 ] 127.0.0.1 /onethink/index.php?s=/Home/Coupon/index
SQL: SHOW COLUMNS FROM `tea_coupon` [ RunTime:0.000000s ]
SQL: SELECT tea_coupon.couponid,tea_coupon.discount FROM `tea_coupon` INNER JOIN tea_order on tea_order.couponid = tea_coupon.couponid   [ RunTime:0.000000s ]
INFO: [ app_end ] --START--
INFO: Run Behavior\ShowPageTrace [ RunTime:0.000000s ]
INFO: [ app_end ] --END-- [ RunTime:0.000000s ]

[ 2016-07-06T19:18:53+08:00 ] 127.0.0.1 /onethink/index.php?s=/Home/Coupon/index
SQL: SHOW COLUMNS FROM `tea_coupon` [ RunTime:0.015625s ]
SQL: SELECT __COUPON__.couponid,__COUPON__.discount,__COUPON__.available FROM `tea_coupon` INNER JOIN tea_order on tea_order.couponid = tea_coupon.couponid  WHERE (  )  [ RunTime:0.000000s ]
ERR: 1064:You have an error in your SQL syntax; check the manual that corresponds to your MySQL server version for the right syntax to use near ')' at line 1
 [ SQL语句 ] : SELECT __COUPON__.couponid,__COUPON__.discount,__COUPON__.available FROM `tea_coupon` INNER JOIN tea_order on tea_order.couponid = tea_coupon.couponid  WHERE (  ) 
INFO: [ app_end ] --START--
INFO: Run Behavior\ShowPageTrace [ RunTime:0.000000s ]
INFO: [ app_end ] --END-- [ RunTime:0.000000s ]

[ 2016-07-06T19:19:11+08:00 ] 127.0.0.1 /onethink/index.php?s=/Home/Coupon/index
SQL: SHOW COLUMNS FROM `tea_coupon` [ RunTime:0.000000s ]
SQL: SELECT * FROM `tea_coupon` INNER JOIN tea_order on tea_order.couponid = tea_coupon.couponid  WHERE (  )  [ RunTime:0.000000s ]
ERR: 1064:You have an error in your SQL syntax; check the manual that corresponds to your MySQL server version for the right syntax to use near ')' at line 1
 [ SQL语句 ] : SELECT * FROM `tea_coupon` INNER JOIN tea_order on tea_order.couponid = tea_coupon.couponid  WHERE (  ) 
INFO: [ app_end ] --START--
INFO: Run Behavior\ShowPageTrace [ RunTime:0.015625s ]
INFO: [ app_end ] --END-- [ RunTime:0.015625s ]

[ 2016-07-06T19:19:19+08:00 ] 127.0.0.1 /onethink/index.php?s=/Home/Coupon/index
SQL: SHOW COLUMNS FROM `tea_coupon` [ RunTime:0.000000s ]
SQL: SELECT * FROM `tea_coupon` INNER JOIN tea_order on tea_order.couponid = tea_coupon.couponid  WHERE ( tea_coupon.available = 0 )  [ RunTime:0.000000s ]
INFO: [ app_end ] --START--
INFO: Run Behavior\ShowPageTrace [ RunTime:0.000000s ]
INFO: [ app_end ] --END-- [ RunTime:0.000000s ]

[ 2016-07-06T19:19:37+08:00 ] 127.0.0.1 /onethink/index.php?s=/Home/Coupon/index
SQL: SHOW COLUMNS FROM `tea_coupon` [ RunTime:0.000000s ]
SQL: SELECT * FROM `tea_coupon` INNER JOIN tea_order on tea_order.couponid = tea_coupon.couponid  WHERE (  )  [ RunTime:0.000000s ]
ERR: 1064:You have an error in your SQL syntax; check the manual that corresponds to your MySQL server version for the right syntax to use near ')' at line 1
 [ SQL语句 ] : SELECT * FROM `tea_coupon` INNER JOIN tea_order on tea_order.couponid = tea_coupon.couponid  WHERE (  ) 
INFO: [ app_end ] --START--
INFO: Run Behavior\ShowPageTrace [ RunTime:0.000000s ]
INFO: [ app_end ] --END-- [ RunTime:0.000000s ]

[ 2016-07-06T19:22:59+08:00 ] 127.0.0.1 /onethink/index.php?s=/Home/Coupon/index
SQL: SHOW COLUMNS FROM `tea_coupon` [ RunTime:0.000000s ]
SQL: SELECT * FROM `tea_coupon` INNER JOIN tea_order on tea_order.couponid = tea_coupon.couponid  WHERE ( tea_coupon.available = 0 )  [ RunTime:0.000000s ]
INFO: [ app_end ] --START--
INFO: Run Behavior\ShowPageTrace [ RunTime:0.000000s ]
INFO: [ app_end ] --END-- [ RunTime:0.000000s ]

[ 2016-07-06T19:26:19+08:00 ] 127.0.0.1 /onethink/index.php?s=/Home/Coupon/index
SQL: SHOW COLUMNS FROM `tea_coupon` [ RunTime:0.000000s ]
SQL: SELECT tea_coupon.couponid,tea_coupon.identify,tea_coupon.type,tea_coupon.discount,tea_coupon.disprice,tea_coupon.starttime,tea_coupon.deadline,tea_coupon.status,tea_coupon.usetime,tea_coupon.overprice,tea_coupon.available,tea_order.orderid,tea_order.buyerid FROM `tea_coupon` INNER JOIN tea_order on tea_order.couponid = tea_coupon.couponid  WHERE ( tea_coupon.available = 0 )  [ RunTime:0.000000s ]
INFO: [ app_end ] --START--
INFO: Run Behavior\ShowPageTrace [ RunTime:0.000000s ]
INFO: [ app_end ] --END-- [ RunTime:0.000000s ]

[ 2016-07-06T19:28:51+08:00 ] 127.0.0.1 /onethink/index.php?s=/Home/Coupon/index
SQL: SHOW COLUMNS FROM `tea_coupon` [ RunTime:0.015625s ]
SQL: SELECT tea_coupon.couponid,tea_coupon.identify,tea_coupon.type,tea_coupon.discount,tea_coupon.disprice,tea_coupon.starttime,tea_coupon.deadline,tea_coupon.status,tea_coupon.usetime,tea_coupon.overprice,tea_coupon.available,tea_order.orderid,tea_order.buyerid FROM `tea_coupon` INNER JOIN tea_order on tea_order.couponid = tea_coupon.couponid  WHERE ( tea_coupon.available = 0 )  [ RunTime:0.000000s ]
INFO: [ app_end ] --START--
INFO: Run Behavior\ShowPageTrace [ RunTime:0.000000s ]
INFO: [ app_end ] --END-- [ RunTime:0.000000s ]

