[ 2016-07-01T10:23:35+08:00 ] 127.0.0.1 /onethink/
ERR: Unknown database 'onethink'

[ 2016-07-01T11:13:13+08:00 ] 127.0.0.1 /onethink/
ERR: Unknown database 'onethink'

[ 2016-07-01T11:14:24+08:00 ] 127.0.0.1 /onethink/
ERR: Unknown database 'onethink'

[ 2016-07-01T11:16:21+08:00 ] 127.0.0.1 /onethink/
SQL: SHOW COLUMNS FROM `wx_category` [ RunTime:0.000000s ]
SQL: SELECT `id`,`name`,`title`,`pid`,`sort`,`list_row`,`meta_title`,`keywords`,`description`,`template_index`,`template_lists`,`template_detail`,`template_edit`,`model`,`type`,`link_id`,`allow_publish`,`display`,`reply`,`check`,`reply_model`,`extend`,`create_time`,`update_time`,`status`,`icon` FROM `wx_category` WHERE ( `status` = 1 ) ORDER BY sort  [ RunTime:0.000000s ]
SQL: SHOW COLUMNS FROM `wx_document` [ RunTime:0.015625s ]
SQL: SELECT `id`,`uid`,`name`,`title`,`category_id`,`description`,`root`,`pid`,`model_id`,`type`,`position`,`link_id`,`cover_id`,`display`,`deadline`,`attach`,`view`,`comment`,`extend`,`level`,`create_time`,`update_time`,`status` FROM `wx_document` WHERE ( `status` = 1 ) AND ( `pid` = 0 ) AND ( `create_time` < 1467342981 ) AND ( deadline = 0 OR deadline > 1467342981 ) ORDER BY `id` DESC  [ RunTime:0.000000s ]
INFO: [ view_parse ] --START--
INFO: [ template_filter ] --START--
INFO: Run Behavior\ContentReplace [ RunTime:0.000000s ]
INFO: [ template_filter ] --END-- [ RunTime:0.015625s ]
SQL: SHOW COLUMNS FROM `wx_channel` [ RunTime:0.000000s ]
SQL: SELECT `id`,`pid`,`title`,`url`,`sort`,`create_time`,`update_time`,`status`,`target` FROM `wx_channel` WHERE ( status=1 ) ORDER BY sort  [ RunTime:0.000000s ]
SQL: SELECT `id`,`name`,`title`,`pid`,`sort`,`list_row`,`meta_title`,`keywords`,`description`,`template_index`,`template_lists`,`template_detail`,`template_edit`,`model`,`type`,`link_id`,`allow_publish`,`display`,`reply`,`check`,`reply_model`,`extend`,`create_time`,`update_time`,`status`,`icon` FROM `wx_category` WHERE ( `id` = 1 ) LIMIT 1   [ RunTime:0.000000s ]
SQL: SELECT `id`,`name`,`pid`,`title`,`link_id` FROM `wx_category` WHERE ( `status` = 1 ) ORDER BY sort  [ RunTime:0.000000s ]
INFO: [ view_parse ] --START--
INFO: [ template_filter ] --START--
INFO: Run Behavior\ContentReplace [ RunTime:0.000000s ]
INFO: [ template_filter ] --END-- [ RunTime:-0.031250s ]
INFO: Run Behavior\ParseTemplate [ RunTime:0.015625s ]
INFO: [ view_parse ] --END-- [ RunTime:0.015625s ]
INFO: [ view_filter ] --START--
INFO: Run Behavior\WriteHtmlCache [ RunTime:0.000000s ]
INFO: [ view_filter ] --END-- [ RunTime:0.000000s ]
SQL: SELECT `id`,`name`,`title`,`pid`,`sort`,`list_row`,`meta_title`,`keywords`,`description`,`template_index`,`template_lists`,`template_detail`,`template_edit`,`model`,`type`,`link_id`,`allow_publish`,`display`,`reply`,`check`,`reply_model`,`extend`,`create_time`,`update_time`,`status`,`icon` FROM `wx_category` WHERE ( `id` = 1 ) LIMIT 1   [ RunTime:0.000000s ]
SQL: SELECT `id`,`name`,`pid`,`title`,`link_id` FROM `wx_category` WHERE ( `status` = 1 ) ORDER BY sort  [ RunTime:0.000000s ]
SQL: SELECT `id`,`uid`,`name`,`title`,`category_id`,`description`,`root`,`pid`,`model_id`,`type`,`position`,`link_id`,`cover_id`,`display`,`deadline`,`attach`,`view`,`comment`,`extend`,`level`,`create_time`,`update_time`,`status` FROM `wx_document` WHERE ( `status` = 1 ) AND ( `pid` = 0 ) AND ( `category_id` = 2 ) AND ( `create_time` < 1467342981 ) AND ( deadline = 0 OR deadline > 1467342981 ) ORDER BY `level` DESC,`id` DESC LIMIT 0,10   [ RunTime:0.015625s ]
INFO: Run Behavior\ParseTemplate [ RunTime:0.031250s ]
INFO: [ view_parse ] --END-- [ RunTime:0.015625s ]
INFO: [ view_filter ] --START--
INFO: Run Behavior\WriteHtmlCache [ RunTime:0.000000s ]
INFO: [ view_filter ] --END-- [ RunTime:-0.015625s ]
INFO: [ app_end ] --START--
INFO: Run Behavior\ShowPageTrace [ RunTime:0.000000s ]
INFO: [ app_end ] --END-- [ RunTime:0.000000s ]

[ 2016-07-01T11:21:09+08:00 ] 127.0.0.1 /onethink/index.php?s=/Home/Index/index.html
SQL: SHOW COLUMNS FROM `wx_category` [ RunTime:0.015625s ]
SQL: SELECT `id`,`name`,`title`,`pid`,`sort`,`list_row`,`meta_title`,`keywords`,`description`,`template_index`,`template_lists`,`template_detail`,`template_edit`,`model`,`type`,`link_id`,`allow_publish`,`display`,`reply`,`check`,`reply_model`,`extend`,`create_time`,`update_time`,`status`,`icon` FROM `wx_category` WHERE ( `status` = 1 ) ORDER BY sort  [ RunTime:0.000000s ]
SQL: SHOW COLUMNS FROM `wx_document` [ RunTime:0.015625s ]
SQL: SELECT `id`,`uid`,`name`,`title`,`category_id`,`description`,`root`,`pid`,`model_id`,`type`,`position`,`link_id`,`cover_id`,`display`,`deadline`,`attach`,`view`,`comment`,`extend`,`level`,`create_time`,`update_time`,`status` FROM `wx_document` WHERE ( `status` = 1 ) AND ( `pid` = 0 ) AND ( `create_time` < 1467343269 ) AND ( deadline = 0 OR deadline > 1467343269 ) ORDER BY `id` DESC  [ RunTime:0.000000s ]
INFO: [ view_parse ] --START--
INFO: [ template_filter ] --START--
INFO: Run Behavior\ContentReplace [ RunTime:0.000000s ]
INFO: [ template_filter ] --END-- [ RunTime:0.000000s ]
SQL: SHOW COLUMNS FROM `wx_channel` [ RunTime:0.000000s ]
SQL: SELECT `id`,`pid`,`title`,`url`,`sort`,`create_time`,`update_time`,`status`,`target` FROM `wx_channel` WHERE ( status=1 ) ORDER BY sort  [ RunTime:0.000000s ]
SQL: SELECT `id`,`name`,`title`,`pid`,`sort`,`list_row`,`meta_title`,`keywords`,`description`,`template_index`,`template_lists`,`template_detail`,`template_edit`,`model`,`type`,`link_id`,`allow_publish`,`display`,`reply`,`check`,`reply_model`,`extend`,`create_time`,`update_time`,`status`,`icon` FROM `wx_category` WHERE ( `id` = 1 ) LIMIT 1   [ RunTime:0.000000s ]
SQL: SELECT `id`,`name`,`pid`,`title`,`link_id` FROM `wx_category` WHERE ( `status` = 1 ) ORDER BY sort  [ RunTime:0.000000s ]
INFO: [ view_parse ] --START--
INFO: [ template_filter ] --START--
INFO: Run Behavior\ContentReplace [ RunTime:0.000000s ]
INFO: [ template_filter ] --END-- [ RunTime:-0.031250s ]
INFO: Run Behavior\ParseTemplate [ RunTime:0.000000s ]
INFO: [ view_parse ] --END-- [ RunTime:0.000000s ]
INFO: [ view_filter ] --START--
INFO: Run Behavior\WriteHtmlCache [ RunTime:0.000000s ]
INFO: [ view_filter ] --END-- [ RunTime:0.000000s ]
SQL: SELECT `id`,`name`,`title`,`pid`,`sort`,`list_row`,`meta_title`,`keywords`,`description`,`template_index`,`template_lists`,`template_detail`,`template_edit`,`model`,`type`,`link_id`,`allow_publish`,`display`,`reply`,`check`,`reply_model`,`extend`,`create_time`,`update_time`,`status`,`icon` FROM `wx_category` WHERE ( `id` = 1 ) LIMIT 1   [ RunTime:0.000000s ]
SQL: SELECT `id`,`name`,`pid`,`title`,`link_id` FROM `wx_category` WHERE ( `status` = 1 ) ORDER BY sort  [ RunTime:0.000000s ]
SQL: SELECT `id`,`uid`,`name`,`title`,`category_id`,`description`,`root`,`pid`,`model_id`,`type`,`position`,`link_id`,`cover_id`,`display`,`deadline`,`attach`,`view`,`comment`,`extend`,`level`,`create_time`,`update_time`,`status` FROM `wx_document` WHERE ( `status` = 1 ) AND ( `pid` = 0 ) AND ( `category_id` = 2 ) AND ( `create_time` < 1467343269 ) AND ( deadline = 0 OR deadline > 1467343269 ) ORDER BY `level` DESC,`id` DESC LIMIT 0,10   [ RunTime:0.000000s ]
INFO: Run Behavior\ParseTemplate [ RunTime:0.015625s ]
INFO: [ view_parse ] --END-- [ RunTime:0.000000s ]
INFO: [ view_filter ] --START--
INFO: Run Behavior\WriteHtmlCache [ RunTime:0.000000s ]
INFO: [ view_filter ] --END-- [ RunTime:0.000000s ]
INFO: [ app_end ] --START--
INFO: Run Behavior\ShowPageTrace [ RunTime:0.000000s ]
INFO: [ app_end ] --END-- [ RunTime:0.000000s ]

[ 2016-07-01T11:21:11+08:00 ] 127.0.0.1 /onethink/index.php?s=/Home/Article/index/category/blog.html
SQL: SHOW COLUMNS FROM `wx_category` [ RunTime:0.000000s ]
SQL: SELECT `id`,`name`,`title`,`pid`,`sort`,`list_row`,`meta_title`,`keywords`,`description`,`template_index`,`template_lists`,`template_detail`,`template_edit`,`model`,`type`,`link_id`,`allow_publish`,`display`,`reply`,`check`,`reply_model`,`extend`,`create_time`,`update_time`,`status`,`icon` FROM `wx_category` WHERE ( `name` = 'blog' ) LIMIT 1   [ RunTime:0.000000s ]
INFO: [ view_parse ] --START--
INFO: [ template_filter ] --START--
INFO: Run Behavior\ContentReplace [ RunTime:0.000000s ]
INFO: [ template_filter ] --END-- [ RunTime:0.000000s ]
SQL: SHOW COLUMNS FROM `wx_channel` [ RunTime:0.000000s ]
SQL: SELECT `id`,`pid`,`title`,`url`,`sort`,`create_time`,`update_time`,`status`,`target` FROM `wx_channel` WHERE ( status=1 ) ORDER BY sort  [ RunTime:0.000000s ]
SQL: SELECT `id`,`name`,`title`,`pid`,`sort`,`list_row`,`meta_title`,`keywords`,`description`,`template_index`,`template_lists`,`template_detail`,`template_edit`,`model`,`type`,`link_id`,`allow_publish`,`display`,`reply`,`check`,`reply_model`,`extend`,`create_time`,`update_time`,`status`,`icon` FROM `wx_category` WHERE ( `id` = 1 ) LIMIT 1   [ RunTime:0.000000s ]
SQL: SELECT `id`,`name`,`pid`,`title`,`link_id` FROM `wx_category` WHERE ( `status` = 1 ) ORDER BY sort  [ RunTime:0.000000s ]
INFO: [ view_parse ] --START--
INFO: [ template_filter ] --START--
INFO: Run Behavior\ContentReplace [ RunTime:0.000000s ]
INFO: [ template_filter ] --END-- [ RunTime:-0.031250s ]
INFO: Run Behavior\ParseTemplate [ RunTime:0.000000s ]
INFO: [ view_parse ] --END-- [ RunTime:0.000000s ]
INFO: [ view_filter ] --START--
INFO: Run Behavior\WriteHtmlCache [ RunTime:0.015625s ]
INFO: [ view_filter ] --END-- [ RunTime:0.015625s ]
SQL: SELECT `id`,`name`,`title`,`pid`,`sort`,`list_row`,`meta_title`,`keywords`,`description`,`template_index`,`template_lists`,`template_detail`,`template_edit`,`model`,`type`,`link_id`,`allow_publish`,`display`,`reply`,`check`,`reply_model`,`extend`,`create_time`,`update_time`,`status`,`icon` FROM `wx_category` WHERE ( `id` = 1 ) LIMIT 1   [ RunTime:0.000000s ]
SQL: SELECT `id`,`name`,`pid`,`title`,`link_id` FROM `wx_category` WHERE ( `status` = 1 ) ORDER BY sort  [ RunTime:0.000000s ]
SQL: SHOW COLUMNS FROM `wx_document` [ RunTime:0.000000s ]
SQL: SELECT `id`,`uid`,`name`,`title`,`category_id`,`description`,`root`,`pid`,`model_id`,`type`,`position`,`link_id`,`cover_id`,`display`,`deadline`,`attach`,`view`,`comment`,`extend`,`level`,`create_time`,`update_time`,`status` FROM `wx_document` WHERE ( `status` = 1 ) AND ( `pid` = 0 ) AND ( `category_id` = 2 ) AND ( `create_time` < 1467343271 ) AND ( deadline = 0 OR deadline > 1467343271 ) ORDER BY `level` DESC,`id` DESC LIMIT 0,10   [ RunTime:0.000000s ]
INFO: Run Behavior\ParseTemplate [ RunTime:0.031250s ]
INFO: [ view_parse ] --END-- [ RunTime:0.000000s ]
INFO: [ view_filter ] --START--
INFO: Run Behavior\WriteHtmlCache [ RunTime:0.000000s ]
INFO: [ view_filter ] --END-- [ RunTime:-0.015625s ]
INFO: [ app_end ] --START--
INFO: Run Behavior\ShowPageTrace [ RunTime:0.000000s ]
INFO: [ app_end ] --END-- [ RunTime:0.000000s ]

[ 2016-07-01T11:21:19+08:00 ] 127.0.0.1 /onethink/index.php?s=/Home/Article/detail/id/1.html
SQL: SHOW COLUMNS FROM `wx_document` [ RunTime:0.000000s ]
SQL: SELECT `id`,`uid`,`name`,`title`,`category_id`,`description`,`root`,`pid`,`model_id`,`type`,`position`,`link_id`,`cover_id`,`display`,`deadline`,`attach`,`view`,`comment`,`extend`,`level`,`create_time`,`update_time`,`status` FROM `wx_document` WHERE ( `id` = 1 ) LIMIT 1   [ RunTime:0.000000s ]
SQL: SHOW COLUMNS FROM `wx_model` [ RunTime:0.000000s ]
SQL: SELECT `id`,`name`,`title`,`extend`,`relation`,`need_pk`,`field_sort`,`field_group`,`attribute_list`,`template_list`,`template_add`,`template_edit`,`list_grid`,`list_row`,`search_key`,`search_list`,`create_time`,`update_time`,`status`,`engine_type` FROM `wx_model` WHERE ( `status` = 1 ) AND ( `extend` = 1 )  [ RunTime:0.000000s ]
SQL: SHOW COLUMNS FROM `wx_document_article` [ RunTime:0.000000s ]
SQL: SELECT `id`,`parse`,`content`,`template`,`bookmark` FROM `wx_document_article` WHERE ( `id` = 1 ) LIMIT 1   [ RunTime:0.000000s ]
SQL: SHOW COLUMNS FROM `wx_category` [ RunTime:0.000000s ]
SQL: SELECT `id`,`name`,`title`,`pid`,`sort`,`list_row`,`meta_title`,`keywords`,`description`,`template_index`,`template_lists`,`template_detail`,`template_edit`,`model`,`type`,`link_id`,`allow_publish`,`display`,`reply`,`check`,`reply_model`,`extend`,`create_time`,`update_time`,`status`,`icon` FROM `wx_category` WHERE ( `id` = 2 ) LIMIT 1   [ RunTime:0.000000s ]
SQL: UPDATE `wx_document` SET `view`=view+1 WHERE ( `id` = 1 ) [ RunTime:0.000000s ]
INFO: [ view_parse ] --START--
INFO: [ template_filter ] --START--
INFO: Run Behavior\ContentReplace [ RunTime:0.000000s ]
INFO: [ template_filter ] --END-- [ RunTime:0.000000s ]
SQL: SHOW COLUMNS FROM `wx_channel` [ RunTime:0.000000s ]
SQL: SELECT `id`,`pid`,`title`,`url`,`sort`,`create_time`,`update_time`,`status`,`target` FROM `wx_channel` WHERE ( status=1 ) ORDER BY sort  [ RunTime:0.000000s ]
SQL: SELECT `id`,`uid`,`name`,`title`,`category_id`,`description`,`root`,`pid`,`model_id`,`type`,`position`,`link_id`,`cover_id`,`display`,`deadline`,`attach`,`view`,`comment`,`extend`,`level`,`create_time`,`update_time`,`status` FROM `wx_document` WHERE ( `id` < '1' ) AND ( `pid` = 0 ) AND ( `category_id` = 2 ) AND ( `status` = 1 ) ORDER BY id DESC LIMIT 1   [ RunTime:0.000000s ]
SQL: SELECT `id`,`uid`,`name`,`title`,`category_id`,`description`,`root`,`pid`,`model_id`,`type`,`position`,`link_id`,`cover_id`,`display`,`deadline`,`attach`,`view`,`comment`,`extend`,`level`,`create_time`,`update_time`,`status` FROM `wx_document` WHERE ( `id` > '1' ) AND ( `pid` = 0 ) AND ( `category_id` = 2 ) AND ( `status` = 1 ) ORDER BY id LIMIT 1   [ RunTime:0.000000s ]
SQL: SELECT `pid` FROM `wx_category` WHERE ( `id` = 2 ) LIMIT 1   [ RunTime:0.000000s ]
SQL: SELECT `id`,`name`,`pid`,`title`,`link_id` FROM `wx_category` WHERE ( `pid` = 1 ) AND ( `status` = 1 ) ORDER BY sort  [ RunTime:0.000000s ]
INFO: [ view_parse ] --START--
INFO: [ template_filter ] --START--
INFO: Run Behavior\ContentReplace [ RunTime:0.000000s ]
INFO: [ template_filter ] --END-- [ RunTime:-0.046875s ]
INFO: Run Behavior\ParseTemplate [ RunTime:0.015625s ]
INFO: [ view_parse ] --END-- [ RunTime:0.015625s ]
INFO: [ view_filter ] --START--
INFO: Run Behavior\WriteHtmlCache [ RunTime:0.000000s ]
INFO: [ view_filter ] --END-- [ RunTime:0.000000s ]
INFO: [ documentDetailAfter ] --START--
SQL: SHOW COLUMNS FROM `wx_attachment` [ RunTime:0.015625s ]
SQL: SELECT `id`,`uid`,`title`,`type`,`source`,`record_id`,`download`,`size`,`dir`,`sort`,`create_time`,`update_time`,`status` FROM `wx_attachment` WHERE ( `record_id` = 1 ) AND ( `status` = 1 )  [ RunTime:0.000000s ]
INFO: Run Attachment [ RunTime:0.046875s ]
SQL: SHOW COLUMNS FROM `wx_addons` [ RunTime:0.000000s ]
SQL: SELECT `config` FROM `wx_addons` WHERE ( `name` = 'SocialComment' ) AND ( `status` = 1 ) LIMIT 1   [ RunTime:0.000000s ]
INFO: [ view_parse ] --START--
INFO: [ template_filter ] --START--
INFO: Run Behavior\ContentReplace [ RunTime:0.000000s ]
INFO: [ template_filter ] --END-- [ RunTime:-0.109375s ]
NOTIC: [8] Undefined variable: addons E:\Vista\projects\onethink\Runtime\Cache\Home\58bd718024fb066be57959b1979e41a4.php 第 3 行.
INFO: Run Behavior\ParseTemplate [ RunTime:0.000000s ]
INFO: [ view_parse ] --END-- [ RunTime:-0.062500s ]
INFO: [ view_filter ] --START--
INFO: Run Behavior\WriteHtmlCache [ RunTime:0.000000s ]
INFO: [ view_filter ] --END-- [ RunTime:-0.062500s ]
INFO: Run SocialComment [ RunTime:0.015625s ]
INFO: [ documentDetailAfter ] --END-- [ RunTime:0.062500s ]
INFO: Run Behavior\ParseTemplate [ RunTime:0.000000s ]
INFO: [ view_parse ] --END-- [ RunTime:-0.062500s ]
INFO: [ view_filter ] --START--
INFO: Run Behavior\WriteHtmlCache [ RunTime:0.000000s ]
INFO: [ view_filter ] --END-- [ RunTime:-0.062500s ]
INFO: [ app_end ] --START--
INFO: Run Behavior\ShowPageTrace [ RunTime:0.015625s ]
INFO: [ app_end ] --END-- [ RunTime:0.015625s ]

[ 2016-07-01T11:21:30+08:00 ] 127.0.0.1 /onethink/index.php?s=/Home/Index/index.html
SQL: SHOW COLUMNS FROM `wx_category` [ RunTime:0.000000s ]
SQL: SELECT `id`,`name`,`title`,`pid`,`sort`,`list_row`,`meta_title`,`keywords`,`description`,`template_index`,`template_lists`,`template_detail`,`template_edit`,`model`,`type`,`link_id`,`allow_publish`,`display`,`reply`,`check`,`reply_model`,`extend`,`create_time`,`update_time`,`status`,`icon` FROM `wx_category` WHERE ( `status` = 1 ) ORDER BY sort  [ RunTime:0.000000s ]
SQL: SHOW COLUMNS FROM `wx_document` [ RunTime:0.000000s ]
SQL: SELECT `id`,`uid`,`name`,`title`,`category_id`,`description`,`root`,`pid`,`model_id`,`type`,`position`,`link_id`,`cover_id`,`display`,`deadline`,`attach`,`view`,`comment`,`extend`,`level`,`create_time`,`update_time`,`status` FROM `wx_document` WHERE ( `status` = 1 ) AND ( `pid` = 0 ) AND ( `create_time` < 1467343290 ) AND ( deadline = 0 OR deadline > 1467343290 ) ORDER BY `id` DESC  [ RunTime:0.000000s ]
INFO: [ view_parse ] --START--
INFO: [ template_filter ] --START--
INFO: Run Behavior\ContentReplace [ RunTime:0.000000s ]
INFO: [ template_filter ] --END-- [ RunTime:0.000000s ]
SQL: SHOW COLUMNS FROM `wx_channel` [ RunTime:0.015625s ]
SQL: SELECT `id`,`pid`,`title`,`url`,`sort`,`create_time`,`update_time`,`status`,`target` FROM `wx_channel` WHERE ( status=1 ) ORDER BY sort  [ RunTime:0.000000s ]
SQL: SELECT `id`,`name`,`title`,`pid`,`sort`,`list_row`,`meta_title`,`keywords`,`description`,`template_index`,`template_lists`,`template_detail`,`template_edit`,`model`,`type`,`link_id`,`allow_publish`,`display`,`reply`,`check`,`reply_model`,`extend`,`create_time`,`update_time`,`status`,`icon` FROM `wx_category` WHERE ( `id` = 1 ) LIMIT 1   [ RunTime:0.000000s ]
SQL: SELECT `id`,`name`,`pid`,`title`,`link_id` FROM `wx_category` WHERE ( `status` = 1 ) ORDER BY sort  [ RunTime:0.000000s ]
INFO: [ view_parse ] --START--
INFO: [ template_filter ] --START--
INFO: Run Behavior\ContentReplace [ RunTime:0.000000s ]
INFO: [ template_filter ] --END-- [ RunTime:-0.046875s ]
INFO: Run Behavior\ParseTemplate [ RunTime:0.015625s ]
INFO: [ view_parse ] --END-- [ RunTime:0.015625s ]
INFO: [ view_filter ] --START--
INFO: Run Behavior\WriteHtmlCache [ RunTime:0.000000s ]
INFO: [ view_filter ] --END-- [ RunTime:0.000000s ]
SQL: SELECT `id`,`name`,`title`,`pid`,`sort`,`list_row`,`meta_title`,`keywords`,`description`,`template_index`,`template_lists`,`template_detail`,`template_edit`,`model`,`type`,`link_id`,`allow_publish`,`display`,`reply`,`check`,`reply_model`,`extend`,`create_time`,`update_time`,`status`,`icon` FROM `wx_category` WHERE ( `id` = 1 ) LIMIT 1   [ RunTime:0.000000s ]
SQL: SELECT `id`,`name`,`pid`,`title`,`link_id` FROM `wx_category` WHERE ( `status` = 1 ) ORDER BY sort  [ RunTime:0.000000s ]
SQL: SELECT `id`,`uid`,`name`,`title`,`category_id`,`description`,`root`,`pid`,`model_id`,`type`,`position`,`link_id`,`cover_id`,`display`,`deadline`,`attach`,`view`,`comment`,`extend`,`level`,`create_time`,`update_time`,`status` FROM `wx_document` WHERE ( `status` = 1 ) AND ( `pid` = 0 ) AND ( `category_id` = 2 ) AND ( `create_time` < 1467343290 ) AND ( deadline = 0 OR deadline > 1467343290 ) ORDER BY `level` DESC,`id` DESC LIMIT 0,10   [ RunTime:0.000000s ]
INFO: Run Behavior\ParseTemplate [ RunTime:0.031250s ]
INFO: [ view_parse ] --END-- [ RunTime:0.015625s ]
INFO: [ view_filter ] --START--
INFO: Run Behavior\WriteHtmlCache [ RunTime:0.000000s ]
INFO: [ view_filter ] --END-- [ RunTime:-0.015625s ]
INFO: [ app_end ] --START--
INFO: Run Behavior\ShowPageTrace [ RunTime:0.000000s ]
INFO: [ app_end ] --END-- [ RunTime:0.000000s ]

[ 2016-07-01T11:45:34+08:00 ] 127.0.0.1 /onethink/index.php?s=/Home/Index/index.html
SQL: SHOW COLUMNS FROM `wx_category` [ RunTime:0.000000s ]
SQL: SELECT `id`,`name`,`title`,`pid`,`sort`,`list_row`,`meta_title`,`keywords`,`description`,`template_index`,`template_lists`,`template_detail`,`template_edit`,`model`,`type`,`link_id`,`allow_publish`,`display`,`reply`,`check`,`reply_model`,`extend`,`create_time`,`update_time`,`status`,`icon` FROM `wx_category` WHERE ( `status` = 1 ) ORDER BY sort  [ RunTime:0.000000s ]
SQL: SHOW COLUMNS FROM `wx_document` [ RunTime:0.000000s ]
SQL: SELECT `id`,`uid`,`name`,`title`,`category_id`,`description`,`root`,`pid`,`model_id`,`type`,`position`,`link_id`,`cover_id`,`display`,`deadline`,`attach`,`view`,`comment`,`extend`,`level`,`create_time`,`update_time`,`status` FROM `wx_document` WHERE ( `status` = 1 ) AND ( `pid` = 0 ) AND ( `create_time` < 1467344734 ) AND ( deadline = 0 OR deadline > 1467344734 ) ORDER BY `id` DESC  [ RunTime:0.000000s ]
INFO: [ view_parse ] --START--
INFO: [ template_filter ] --START--
INFO: Run Behavior\ContentReplace [ RunTime:0.000000s ]
INFO: [ template_filter ] --END-- [ RunTime:0.000000s ]
SQL: SHOW COLUMNS FROM `wx_channel` [ RunTime:0.015625s ]
SQL: SELECT `id`,`pid`,`title`,`url`,`sort`,`create_time`,`update_time`,`status`,`target` FROM `wx_channel` WHERE ( status=1 ) ORDER BY sort  [ RunTime:0.000000s ]
SQL: SELECT `id`,`name`,`title`,`pid`,`sort`,`list_row`,`meta_title`,`keywords`,`description`,`template_index`,`template_lists`,`template_detail`,`template_edit`,`model`,`type`,`link_id`,`allow_publish`,`display`,`reply`,`check`,`reply_model`,`extend`,`create_time`,`update_time`,`status`,`icon` FROM `wx_category` WHERE ( `id` = 1 ) LIMIT 1   [ RunTime:0.000000s ]
SQL: SELECT `id`,`name`,`pid`,`title`,`link_id` FROM `wx_category` WHERE ( `status` = 1 ) ORDER BY sort  [ RunTime:0.000000s ]
INFO: [ view_parse ] --START--
INFO: [ template_filter ] --START--
INFO: Run Behavior\ContentReplace [ RunTime:0.000000s ]
INFO: [ template_filter ] --END-- [ RunTime:-0.031250s ]
INFO: Run Behavior\ParseTemplate [ RunTime:0.015625s ]
INFO: [ view_parse ] --END-- [ RunTime:0.015625s ]
INFO: [ view_filter ] --START--
INFO: Run Behavior\WriteHtmlCache [ RunTime:0.000000s ]
INFO: [ view_filter ] --END-- [ RunTime:0.000000s ]
SQL: SELECT `id`,`name`,`title`,`pid`,`sort`,`list_row`,`meta_title`,`keywords`,`description`,`template_index`,`template_lists`,`template_detail`,`template_edit`,`model`,`type`,`link_id`,`allow_publish`,`display`,`reply`,`check`,`reply_model`,`extend`,`create_time`,`update_time`,`status`,`icon` FROM `wx_category` WHERE ( `id` = 1 ) LIMIT 1   [ RunTime:0.000000s ]
SQL: SELECT `id`,`name`,`pid`,`title`,`link_id` FROM `wx_category` WHERE ( `status` = 1 ) ORDER BY sort  [ RunTime:0.000000s ]
SQL: SELECT `id`,`uid`,`name`,`title`,`category_id`,`description`,`root`,`pid`,`model_id`,`type`,`position`,`link_id`,`cover_id`,`display`,`deadline`,`attach`,`view`,`comment`,`extend`,`level`,`create_time`,`update_time`,`status` FROM `wx_document` WHERE ( `status` = 1 ) AND ( `pid` = 0 ) AND ( `category_id` = 2 ) AND ( `create_time` < 1467344734 ) AND ( deadline = 0 OR deadline > 1467344734 ) ORDER BY `level` DESC,`id` DESC LIMIT 0,10   [ RunTime:0.000000s ]
INFO: Run Behavior\ParseTemplate [ RunTime:0.031250s ]
INFO: [ view_parse ] --END-- [ RunTime:0.015625s ]
INFO: [ view_filter ] --START--
INFO: Run Behavior\WriteHtmlCache [ RunTime:0.000000s ]
INFO: [ view_filter ] --END-- [ RunTime:-0.015625s ]
INFO: [ app_end ] --START--
INFO: Run Behavior\ShowPageTrace [ RunTime:0.000000s ]
INFO: [ app_end ] --END-- [ RunTime:0.000000s ]

[ 2016-07-01T11:45:36+08:00 ] 127.0.0.1 /onethink/index.php?s=/Home/Article/lists/category/default_blog.html
SQL: SHOW COLUMNS FROM `wx_category` [ RunTime:0.015625s ]
SQL: SELECT `id`,`name`,`title`,`pid`,`sort`,`list_row`,`meta_title`,`keywords`,`description`,`template_index`,`template_lists`,`template_detail`,`template_edit`,`model`,`type`,`link_id`,`allow_publish`,`display`,`reply`,`check`,`reply_model`,`extend`,`create_time`,`update_time`,`status`,`icon` FROM `wx_category` WHERE ( `name` = 'default_blog' ) LIMIT 1   [ RunTime:0.000000s ]
SQL: SHOW COLUMNS FROM `wx_document` [ RunTime:0.000000s ]
SQL: SELECT `id`,`uid`,`name`,`title`,`category_id`,`description`,`root`,`pid`,`model_id`,`type`,`position`,`link_id`,`cover_id`,`display`,`deadline`,`attach`,`view`,`comment`,`extend`,`level`,`create_time`,`update_time`,`status` FROM `wx_document` WHERE ( `status` = 1 ) AND ( `pid` = 0 ) AND ( `category_id` = 2 ) AND ( `create_time` < 1467344736 ) AND ( deadline = 0 OR deadline > 1467344736 ) ORDER BY `id` DESC LIMIT 0,10   [ RunTime:0.000000s ]
INFO: [ view_parse ] --START--
INFO: [ template_filter ] --START--
INFO: Run Behavior\ContentReplace [ RunTime:0.015625s ]
INFO: [ template_filter ] --END-- [ RunTime:0.015625s ]
SQL: SHOW COLUMNS FROM `wx_channel` [ RunTime:0.000000s ]
SQL: SELECT `id`,`pid`,`title`,`url`,`sort`,`create_time`,`update_time`,`status`,`target` FROM `wx_channel` WHERE ( status=1 ) ORDER BY sort  [ RunTime:0.000000s ]
SQL: SELECT `pid` FROM `wx_category` WHERE ( `id` = 2 ) LIMIT 1   [ RunTime:0.000000s ]
SQL: SELECT `id`,`name`,`pid`,`title`,`link_id` FROM `wx_category` WHERE ( `pid` = 1 ) AND ( `status` = 1 ) ORDER BY sort  [ RunTime:0.000000s ]
INFO: [ view_parse ] --START--
INFO: [ template_filter ] --START--
INFO: Run Behavior\ContentReplace [ RunTime:0.000000s ]
INFO: [ template_filter ] --END-- [ RunTime:-0.031250s ]
INFO: Run Behavior\ParseTemplate [ RunTime:0.015625s ]
INFO: [ view_parse ] --END-- [ RunTime:0.015625s ]
INFO: [ view_filter ] --START--
INFO: Run Behavior\WriteHtmlCache [ RunTime:0.000000s ]
INFO: [ view_filter ] --END-- [ RunTime:0.000000s ]
SQL: SELECT COUNT(id) AS tp_count FROM `wx_document` WHERE ( `status` = 1 ) AND ( `pid` = 0 ) AND ( `category_id` = 2 ) AND ( `create_time` < 1467344736 ) AND ( deadline = 0 OR deadline > 1467344736 ) LIMIT 1   [ RunTime:0.000000s ]
INFO: Run Behavior\ParseTemplate [ RunTime:0.031250s ]
INFO: [ view_parse ] --END-- [ RunTime:0.015625s ]
INFO: [ view_filter ] --START--
INFO: Run Behavior\WriteHtmlCache [ RunTime:0.000000s ]
INFO: [ view_filter ] --END-- [ RunTime:-0.015625s ]
INFO: [ app_end ] --START--
INFO: Run Behavior\ShowPageTrace [ RunTime:0.000000s ]
INFO: [ app_end ] --END-- [ RunTime:0.000000s ]

[ 2016-07-01T11:45:38+08:00 ] 127.0.0.1 /onethink/index.php?s=/Home/Article/lists/category/default_blog.html
SQL: SHOW COLUMNS FROM `wx_category` [ RunTime:0.000000s ]
SQL: SELECT `id`,`name`,`title`,`pid`,`sort`,`list_row`,`meta_title`,`keywords`,`description`,`template_index`,`template_lists`,`template_detail`,`template_edit`,`model`,`type`,`link_id`,`allow_publish`,`display`,`reply`,`check`,`reply_model`,`extend`,`create_time`,`update_time`,`status`,`icon` FROM `wx_category` WHERE ( `name` = 'default_blog' ) LIMIT 1   [ RunTime:0.000000s ]
SQL: SHOW COLUMNS FROM `wx_document` [ RunTime:0.000000s ]
SQL: SELECT `id`,`uid`,`name`,`title`,`category_id`,`description`,`root`,`pid`,`model_id`,`type`,`position`,`link_id`,`cover_id`,`display`,`deadline`,`attach`,`view`,`comment`,`extend`,`level`,`create_time`,`update_time`,`status` FROM `wx_document` WHERE ( `status` = 1 ) AND ( `pid` = 0 ) AND ( `category_id` = 2 ) AND ( `create_time` < 1467344738 ) AND ( deadline = 0 OR deadline > 1467344738 ) ORDER BY `id` DESC LIMIT 0,10   [ RunTime:0.000000s ]
INFO: [ view_parse ] --START--
INFO: [ template_filter ] --START--
INFO: Run Behavior\ContentReplace [ RunTime:0.000000s ]
INFO: [ template_filter ] --END-- [ RunTime:0.000000s ]
SQL: SHOW COLUMNS FROM `wx_channel` [ RunTime:0.015625s ]
SQL: SELECT `id`,`pid`,`title`,`url`,`sort`,`create_time`,`update_time`,`status`,`target` FROM `wx_channel` WHERE ( status=1 ) ORDER BY sort  [ RunTime:0.000000s ]
SQL: SELECT `pid` FROM `wx_category` WHERE ( `id` = 2 ) LIMIT 1   [ RunTime:0.000000s ]
SQL: SELECT `id`,`name`,`pid`,`title`,`link_id` FROM `wx_category` WHERE ( `pid` = 1 ) AND ( `status` = 1 ) ORDER BY sort  [ RunTime:0.000000s ]
INFO: [ view_parse ] --START--
INFO: [ template_filter ] --START--
INFO: Run Behavior\ContentReplace [ RunTime:0.000000s ]
INFO: [ template_filter ] --END-- [ RunTime:-0.031250s ]
INFO: Run Behavior\ParseTemplate [ RunTime:0.015625s ]
INFO: [ view_parse ] --END-- [ RunTime:0.015625s ]
INFO: [ view_filter ] --START--
INFO: Run Behavior\WriteHtmlCache [ RunTime:0.000000s ]
INFO: [ view_filter ] --END-- [ RunTime:0.000000s ]
SQL: SELECT COUNT(id) AS tp_count FROM `wx_document` WHERE ( `status` = 1 ) AND ( `pid` = 0 ) AND ( `category_id` = 2 ) AND ( `create_time` < 1467344738 ) AND ( deadline = 0 OR deadline > 1467344738 ) LIMIT 1   [ RunTime:0.000000s ]
INFO: Run Behavior\ParseTemplate [ RunTime:0.031250s ]
INFO: [ view_parse ] --END-- [ RunTime:0.015625s ]
INFO: [ view_filter ] --START--
INFO: Run Behavior\WriteHtmlCache [ RunTime:0.000000s ]
INFO: [ view_filter ] --END-- [ RunTime:-0.015625s ]
INFO: [ app_end ] --START--
INFO: Run Behavior\ShowPageTrace [ RunTime:0.000000s ]
INFO: [ app_end ] --END-- [ RunTime:0.000000s ]

[ 2016-07-01T11:45:43+08:00 ] 127.0.0.1 /onethink/index.php?s=/Home/Article/detail/id/1.html
SQL: SHOW COLUMNS FROM `wx_document` [ RunTime:0.000000s ]
SQL: SELECT `id`,`uid`,`name`,`title`,`category_id`,`description`,`root`,`pid`,`model_id`,`type`,`position`,`link_id`,`cover_id`,`display`,`deadline`,`attach`,`view`,`comment`,`extend`,`level`,`create_time`,`update_time`,`status` FROM `wx_document` WHERE ( `id` = 1 ) LIMIT 1   [ RunTime:0.000000s ]
SQL: SHOW COLUMNS FROM `wx_document_article` [ RunTime:0.015625s ]
SQL: SELECT `id`,`parse`,`content`,`template`,`bookmark` FROM `wx_document_article` WHERE ( `id` = 1 ) LIMIT 1   [ RunTime:0.000000s ]
SQL: SHOW COLUMNS FROM `wx_category` [ RunTime:0.000000s ]
SQL: SELECT `id`,`name`,`title`,`pid`,`sort`,`list_row`,`meta_title`,`keywords`,`description`,`template_index`,`template_lists`,`template_detail`,`template_edit`,`model`,`type`,`link_id`,`allow_publish`,`display`,`reply`,`check`,`reply_model`,`extend`,`create_time`,`update_time`,`status`,`icon` FROM `wx_category` WHERE ( `id` = 2 ) LIMIT 1   [ RunTime:0.000000s ]
SQL: UPDATE `wx_document` SET `view`=view+1 WHERE ( `id` = 1 ) [ RunTime:0.000000s ]
INFO: [ view_parse ] --START--
INFO: [ template_filter ] --START--
INFO: Run Behavior\ContentReplace [ RunTime:0.000000s ]
INFO: [ template_filter ] --END-- [ RunTime:0.000000s ]
SQL: SHOW COLUMNS FROM `wx_channel` [ RunTime:0.015625s ]
SQL: SELECT `id`,`pid`,`title`,`url`,`sort`,`create_time`,`update_time`,`status`,`target` FROM `wx_channel` WHERE ( status=1 ) ORDER BY sort  [ RunTime:0.000000s ]
SQL: SELECT `id`,`uid`,`name`,`title`,`category_id`,`description`,`root`,`pid`,`model_id`,`type`,`position`,`link_id`,`cover_id`,`display`,`deadline`,`attach`,`view`,`comment`,`extend`,`level`,`create_time`,`update_time`,`status` FROM `wx_document` WHERE ( `id` < '1' ) AND ( `pid` = 0 ) AND ( `category_id` = 2 ) AND ( `status` = 1 ) ORDER BY id DESC LIMIT 1   [ RunTime:0.000000s ]
SQL: SELECT `id`,`uid`,`name`,`title`,`category_id`,`description`,`root`,`pid`,`model_id`,`type`,`position`,`link_id`,`cover_id`,`display`,`deadline`,`attach`,`view`,`comment`,`extend`,`level`,`create_time`,`update_time`,`status` FROM `wx_document` WHERE ( `id` > '1' ) AND ( `pid` = 0 ) AND ( `category_id` = 2 ) AND ( `status` = 1 ) ORDER BY id LIMIT 1   [ RunTime:0.000000s ]
SQL: SELECT `pid` FROM `wx_category` WHERE ( `id` = 2 ) LIMIT 1   [ RunTime:0.000000s ]
SQL: SELECT `id`,`name`,`pid`,`title`,`link_id` FROM `wx_category` WHERE ( `pid` = 1 ) AND ( `status` = 1 ) ORDER BY sort  [ RunTime:0.000000s ]
INFO: [ view_parse ] --START--
INFO: [ template_filter ] --START--
INFO: Run Behavior\ContentReplace [ RunTime:0.000000s ]
INFO: [ template_filter ] --END-- [ RunTime:-0.031250s ]
INFO: Run Behavior\ParseTemplate [ RunTime:0.000000s ]
INFO: [ view_parse ] --END-- [ RunTime:0.015625s ]
INFO: [ view_filter ] --START--
INFO: Run Behavior\WriteHtmlCache [ RunTime:0.000000s ]
INFO: [ view_filter ] --END-- [ RunTime:0.000000s ]
INFO: [ documentDetailAfter ] --START--
SQL: SHOW COLUMNS FROM `wx_attachment` [ RunTime:0.000000s ]
SQL: SELECT `id`,`uid`,`title`,`type`,`source`,`record_id`,`download`,`size`,`dir`,`sort`,`create_time`,`update_time`,`status` FROM `wx_attachment` WHERE ( `record_id` = 1 ) AND ( `status` = 1 )  [ RunTime:0.000000s ]
INFO: Run Attachment [ RunTime:0.000000s ]
SQL: SHOW COLUMNS FROM `wx_addons` [ RunTime:0.000000s ]
SQL: SELECT `config` FROM `wx_addons` WHERE ( `name` = 'SocialComment' ) AND ( `status` = 1 ) LIMIT 1   [ RunTime:0.000000s ]
INFO: [ view_parse ] --START--
INFO: [ template_filter ] --START--
INFO: Run Behavior\ContentReplace [ RunTime:0.000000s ]
INFO: [ template_filter ] --END-- [ RunTime:-0.062500s ]
NOTIC: [8] Undefined variable: addons E:\Vista\projects\onethink\Runtime\Cache\Home\58bd718024fb066be57959b1979e41a4.php 第 3 行.
INFO: Run Behavior\ParseTemplate [ RunTime:0.015625s ]
INFO: [ view_parse ] --END-- [ RunTime:-0.015625s ]
INFO: [ view_filter ] --START--
INFO: Run Behavior\WriteHtmlCache [ RunTime:0.000000s ]
INFO: [ view_filter ] --END-- [ RunTime:-0.031250s ]
INFO: Run SocialComment [ RunTime:0.015625s ]
INFO: [ documentDetailAfter ] --END-- [ RunTime:0.031250s ]
INFO: Run Behavior\ParseTemplate [ RunTime:0.015625s ]
INFO: [ view_parse ] --END-- [ RunTime:-0.015625s ]
INFO: [ view_filter ] --START--
INFO: Run Behavior\WriteHtmlCache [ RunTime:0.000000s ]
INFO: [ view_filter ] --END-- [ RunTime:-0.031250s ]
INFO: [ app_end ] --START--
INFO: Run Behavior\ShowPageTrace [ RunTime:0.000000s ]
INFO: [ app_end ] --END-- [ RunTime:0.000000s ]

[ 2016-07-01T11:45:59+08:00 ] 127.0.0.1 /onethink/index.php?s=/Home/Article/index/category/blog.html
SQL: SHOW COLUMNS FROM `wx_category` [ RunTime:0.000000s ]
SQL: SELECT `id`,`name`,`title`,`pid`,`sort`,`list_row`,`meta_title`,`keywords`,`description`,`template_index`,`template_lists`,`template_detail`,`template_edit`,`model`,`type`,`link_id`,`allow_publish`,`display`,`reply`,`check`,`reply_model`,`extend`,`create_time`,`update_time`,`status`,`icon` FROM `wx_category` WHERE ( `name` = 'blog' ) LIMIT 1   [ RunTime:0.000000s ]
INFO: [ view_parse ] --START--
INFO: [ template_filter ] --START--
INFO: Run Behavior\ContentReplace [ RunTime:0.000000s ]
INFO: [ template_filter ] --END-- [ RunTime:0.000000s ]
SQL: SHOW COLUMNS FROM `wx_channel` [ RunTime:0.000000s ]
SQL: SELECT `id`,`pid`,`title`,`url`,`sort`,`create_time`,`update_time`,`status`,`target` FROM `wx_channel` WHERE ( status=1 ) ORDER BY sort  [ RunTime:0.015625s ]
SQL: SELECT `id`,`name`,`title`,`pid`,`sort`,`list_row`,`meta_title`,`keywords`,`description`,`template_index`,`template_lists`,`template_detail`,`template_edit`,`model`,`type`,`link_id`,`allow_publish`,`display`,`reply`,`check`,`reply_model`,`extend`,`create_time`,`update_time`,`status`,`icon` FROM `wx_category` WHERE ( `id` = 1 ) LIMIT 1   [ RunTime:0.000000s ]
SQL: SELECT `id`,`name`,`pid`,`title`,`link_id` FROM `wx_category` WHERE ( `status` = 1 ) ORDER BY sort  [ RunTime:0.000000s ]
INFO: [ view_parse ] --START--
INFO: [ template_filter ] --START--
INFO: Run Behavior\ContentReplace [ RunTime:0.000000s ]
INFO: [ template_filter ] --END-- [ RunTime:-0.046875s ]
INFO: Run Behavior\ParseTemplate [ RunTime:0.015625s ]
INFO: [ view_parse ] --END-- [ RunTime:0.015625s ]
INFO: [ view_filter ] --START--
INFO: Run Behavior\WriteHtmlCache [ RunTime:0.000000s ]
INFO: [ view_filter ] --END-- [ RunTime:0.000000s ]
SQL: SELECT `id`,`name`,`title`,`pid`,`sort`,`list_row`,`meta_title`,`keywords`,`description`,`template_index`,`template_lists`,`template_detail`,`template_edit`,`model`,`type`,`link_id`,`allow_publish`,`display`,`reply`,`check`,`reply_model`,`extend`,`create_time`,`update_time`,`status`,`icon` FROM `wx_category` WHERE ( `id` = 1 ) LIMIT 1   [ RunTime:0.000000s ]
SQL: SELECT `id`,`name`,`pid`,`title`,`link_id` FROM `wx_category` WHERE ( `status` = 1 ) ORDER BY sort  [ RunTime:0.000000s ]
SQL: SHOW COLUMNS FROM `wx_document` [ RunTime:0.000000s ]
SQL: SELECT `id`,`uid`,`name`,`title`,`category_id`,`description`,`root`,`pid`,`model_id`,`type`,`position`,`link_id`,`cover_id`,`display`,`deadline`,`attach`,`view`,`comment`,`extend`,`level`,`create_time`,`update_time`,`status` FROM `wx_document` WHERE ( `status` = 1 ) AND ( `pid` = 0 ) AND ( `category_id` = 2 ) AND ( `create_time` < 1467344759 ) AND ( deadline = 0 OR deadline > 1467344759 ) ORDER BY `level` DESC,`id` DESC LIMIT 0,10   [ RunTime:0.000000s ]
INFO: Run Behavior\ParseTemplate [ RunTime:0.046875s ]
INFO: [ view_parse ] --END-- [ RunTime:0.015625s ]
INFO: [ view_filter ] --START--
INFO: Run Behavior\WriteHtmlCache [ RunTime:0.000000s ]
INFO: [ view_filter ] --END-- [ RunTime:-0.031250s ]
INFO: [ app_end ] --START--
INFO: Run Behavior\ShowPageTrace [ RunTime:0.000000s ]
INFO: [ app_end ] --END-- [ RunTime:0.000000s ]

[ 2016-07-01T11:46:01+08:00 ] 127.0.0.1 /onethink/index.php?s=/Home/Article/detail/id/1.html
SQL: SHOW COLUMNS FROM `wx_document` [ RunTime:0.015625s ]
SQL: SELECT `id`,`uid`,`name`,`title`,`category_id`,`description`,`root`,`pid`,`model_id`,`type`,`position`,`link_id`,`cover_id`,`display`,`deadline`,`attach`,`view`,`comment`,`extend`,`level`,`create_time`,`update_time`,`status` FROM `wx_document` WHERE ( `id` = 1 ) LIMIT 1   [ RunTime:0.000000s ]
SQL: SHOW COLUMNS FROM `wx_document_article` [ RunTime:0.000000s ]
SQL: SELECT `id`,`parse`,`content`,`template`,`bookmark` FROM `wx_document_article` WHERE ( `id` = 1 ) LIMIT 1   [ RunTime:0.000000s ]
SQL: SHOW COLUMNS FROM `wx_category` [ RunTime:0.000000s ]
SQL: SELECT `id`,`name`,`title`,`pid`,`sort`,`list_row`,`meta_title`,`keywords`,`description`,`template_index`,`template_lists`,`template_detail`,`template_edit`,`model`,`type`,`link_id`,`allow_publish`,`display`,`reply`,`check`,`reply_model`,`extend`,`create_time`,`update_time`,`status`,`icon` FROM `wx_category` WHERE ( `id` = 2 ) LIMIT 1   [ RunTime:0.000000s ]
SQL: UPDATE `wx_document` SET `view`=view+1 WHERE ( `id` = 1 ) [ RunTime:0.000000s ]
INFO: [ view_parse ] --START--
INFO: [ template_filter ] --START--
INFO: Run Behavior\ContentReplace [ RunTime:0.000000s ]
INFO: [ template_filter ] --END-- [ RunTime:0.000000s ]
SQL: SHOW COLUMNS FROM `wx_channel` [ RunTime:0.000000s ]
SQL: SELECT `id`,`pid`,`title`,`url`,`sort`,`create_time`,`update_time`,`status`,`target` FROM `wx_channel` WHERE ( status=1 ) ORDER BY sort  [ RunTime:0.000000s ]
SQL: SELECT `id`,`uid`,`name`,`title`,`category_id`,`description`,`root`,`pid`,`model_id`,`type`,`position`,`link_id`,`cover_id`,`display`,`deadline`,`attach`,`view`,`comment`,`extend`,`level`,`create_time`,`update_time`,`status` FROM `wx_document` WHERE ( `id` < '1' ) AND ( `pid` = 0 ) AND ( `category_id` = 2 ) AND ( `status` = 1 ) ORDER BY id DESC LIMIT 1   [ RunTime:0.000000s ]
SQL: SELECT `id`,`uid`,`name`,`title`,`category_id`,`description`,`root`,`pid`,`model_id`,`type`,`position`,`link_id`,`cover_id`,`display`,`deadline`,`attach`,`view`,`comment`,`extend`,`level`,`create_time`,`update_time`,`status` FROM `wx_document` WHERE ( `id` > '1' ) AND ( `pid` = 0 ) AND ( `category_id` = 2 ) AND ( `status` = 1 ) ORDER BY id LIMIT 1   [ RunTime:0.000000s ]
SQL: SELECT `pid` FROM `wx_category` WHERE ( `id` = 2 ) LIMIT 1   [ RunTime:0.000000s ]
SQL: SELECT `id`,`name`,`pid`,`title`,`link_id` FROM `wx_category` WHERE ( `pid` = 1 ) AND ( `status` = 1 ) ORDER BY sort  [ RunTime:0.000000s ]
INFO: [ view_parse ] --START--
INFO: [ template_filter ] --START--
INFO: Run Behavior\ContentReplace [ RunTime:0.000000s ]
INFO: [ template_filter ] --END-- [ RunTime:-0.046875s ]
INFO: Run Behavior\ParseTemplate [ RunTime:0.015625s ]
INFO: [ view_parse ] --END-- [ RunTime:0.015625s ]
INFO: [ view_filter ] --START--
INFO: Run Behavior\WriteHtmlCache [ RunTime:0.000000s ]
INFO: [ view_filter ] --END-- [ RunTime:0.000000s ]
INFO: [ documentDetailAfter ] --START--
SQL: SHOW COLUMNS FROM `wx_attachment` [ RunTime:0.000000s ]
SQL: SELECT `id`,`uid`,`title`,`type`,`source`,`record_id`,`download`,`size`,`dir`,`sort`,`create_time`,`update_time`,`status` FROM `wx_attachment` WHERE ( `record_id` = 1 ) AND ( `status` = 1 )  [ RunTime:0.000000s ]
INFO: Run Attachment [ RunTime:0.015625s ]
SQL: SHOW COLUMNS FROM `wx_addons` [ RunTime:0.015625s ]
SQL: SELECT `config` FROM `wx_addons` WHERE ( `name` = 'SocialComment' ) AND ( `status` = 1 ) LIMIT 1   [ RunTime:0.000000s ]
INFO: [ view_parse ] --START--
INFO: [ template_filter ] --START--
INFO: Run Behavior\ContentReplace [ RunTime:0.000000s ]
INFO: [ template_filter ] --END-- [ RunTime:-0.078125s ]
NOTIC: [8] Undefined variable: addons E:\Vista\projects\onethink\Runtime\Cache\Home\58bd718024fb066be57959b1979e41a4.php 第 3 行.
INFO: Run Behavior\ParseTemplate [ RunTime:0.015625s ]
INFO: [ view_parse ] --END-- [ RunTime:-0.031250s ]
INFO: [ view_filter ] --START--
INFO: Run Behavior\WriteHtmlCache [ RunTime:0.000000s ]
INFO: [ view_filter ] --END-- [ RunTime:-0.046875s ]
INFO: Run SocialComment [ RunTime:0.031250s ]
INFO: [ documentDetailAfter ] --END-- [ RunTime:0.046875s ]
INFO: Run Behavior\ParseTemplate [ RunTime:0.015625s ]
INFO: [ view_parse ] --END-- [ RunTime:-0.031250s ]
INFO: [ view_filter ] --START--
INFO: Run Behavior\WriteHtmlCache [ RunTime:0.000000s ]
INFO: [ view_filter ] --END-- [ RunTime:-0.046875s ]
INFO: [ app_end ] --START--
INFO: Run Behavior\ShowPageTrace [ RunTime:0.000000s ]
INFO: [ app_end ] --END-- [ RunTime:0.000000s ]

[ 2016-07-01T11:46:05+08:00 ] 127.0.0.1 /onethink/index.php?s=/Home/Index/index.html
SQL: SHOW COLUMNS FROM `wx_category` [ RunTime:0.015625s ]
SQL: SELECT `id`,`name`,`title`,`pid`,`sort`,`list_row`,`meta_title`,`keywords`,`description`,`template_index`,`template_lists`,`template_detail`,`template_edit`,`model`,`type`,`link_id`,`allow_publish`,`display`,`reply`,`check`,`reply_model`,`extend`,`create_time`,`update_time`,`status`,`icon` FROM `wx_category` WHERE ( `status` = 1 ) ORDER BY sort  [ RunTime:0.000000s ]
SQL: SHOW COLUMNS FROM `wx_document` [ RunTime:0.015625s ]
SQL: SELECT `id`,`uid`,`name`,`title`,`category_id`,`description`,`root`,`pid`,`model_id`,`type`,`position`,`link_id`,`cover_id`,`display`,`deadline`,`attach`,`view`,`comment`,`extend`,`level`,`create_time`,`update_time`,`status` FROM `wx_document` WHERE ( `status` = 1 ) AND ( `pid` = 0 ) AND ( `create_time` < 1467344764 ) AND ( deadline = 0 OR deadline > 1467344764 ) ORDER BY `id` DESC  [ RunTime:0.000000s ]
INFO: [ view_parse ] --START--
INFO: [ template_filter ] --START--
INFO: Run Behavior\ContentReplace [ RunTime:0.000000s ]
INFO: [ template_filter ] --END-- [ RunTime:0.000000s ]
SQL: SHOW COLUMNS FROM `wx_channel` [ RunTime:0.000000s ]
SQL: SELECT `id`,`pid`,`title`,`url`,`sort`,`create_time`,`update_time`,`status`,`target` FROM `wx_channel` WHERE ( status=1 ) ORDER BY sort  [ RunTime:0.000000s ]
SQL: SELECT `id`,`name`,`title`,`pid`,`sort`,`list_row`,`meta_title`,`keywords`,`description`,`template_index`,`template_lists`,`template_detail`,`template_edit`,`model`,`type`,`link_id`,`allow_publish`,`display`,`reply`,`check`,`reply_model`,`extend`,`create_time`,`update_time`,`status`,`icon` FROM `wx_category` WHERE ( `id` = 1 ) LIMIT 1   [ RunTime:0.000000s ]
SQL: SELECT `id`,`name`,`pid`,`title`,`link_id` FROM `wx_category` WHERE ( `status` = 1 ) ORDER BY sort  [ RunTime:0.000000s ]
INFO: [ view_parse ] --START--
INFO: [ template_filter ] --START--
INFO: Run Behavior\ContentReplace [ RunTime:0.000000s ]
INFO: [ template_filter ] --END-- [ RunTime:-0.031250s ]
INFO: Run Behavior\ParseTemplate [ RunTime:0.015625s ]
INFO: [ view_parse ] --END-- [ RunTime:0.015625s ]
INFO: [ view_filter ] --START--
INFO: Run Behavior\WriteHtmlCache [ RunTime:0.000000s ]
INFO: [ view_filter ] --END-- [ RunTime:0.000000s ]
SQL: SELECT `id`,`name`,`title`,`pid`,`sort`,`list_row`,`meta_title`,`keywords`,`description`,`template_index`,`template_lists`,`template_detail`,`template_edit`,`model`,`type`,`link_id`,`allow_publish`,`display`,`reply`,`check`,`reply_model`,`extend`,`create_time`,`update_time`,`status`,`icon` FROM `wx_category` WHERE ( `id` = 1 ) LIMIT 1   [ RunTime:0.000000s ]
SQL: SELECT `id`,`name`,`pid`,`title`,`link_id` FROM `wx_category` WHERE ( `status` = 1 ) ORDER BY sort  [ RunTime:0.000000s ]
SQL: SELECT `id`,`uid`,`name`,`title`,`category_id`,`description`,`root`,`pid`,`model_id`,`type`,`position`,`link_id`,`cover_id`,`display`,`deadline`,`attach`,`view`,`comment`,`extend`,`level`,`create_time`,`update_time`,`status` FROM `wx_document` WHERE ( `status` = 1 ) AND ( `pid` = 0 ) AND ( `category_id` = 2 ) AND ( `create_time` < 1467344764 ) AND ( deadline = 0 OR deadline > 1467344764 ) ORDER BY `level` DESC,`id` DESC LIMIT 0,10   [ RunTime:0.000000s ]
INFO: Run Behavior\ParseTemplate [ RunTime:0.031250s ]
INFO: [ view_parse ] --END-- [ RunTime:0.015625s ]
INFO: [ view_filter ] --START--
INFO: Run Behavior\WriteHtmlCache [ RunTime:0.000000s ]
INFO: [ view_filter ] --END-- [ RunTime:-0.015625s ]
INFO: [ app_end ] --START--
INFO: Run Behavior\ShowPageTrace [ RunTime:0.000000s ]
INFO: [ app_end ] --END-- [ RunTime:0.000000s ]

[ 2016-07-01T11:49:53+08:00 ] 127.0.0.1 /onethink/index.php?s=/Home/Index/index.html
SQL: SHOW COLUMNS FROM `wx_category` [ RunTime:0.015625s ]
SQL: SELECT `id`,`name`,`title`,`pid`,`sort`,`list_row`,`meta_title`,`keywords`,`description`,`template_index`,`template_lists`,`template_detail`,`template_edit`,`model`,`type`,`link_id`,`allow_publish`,`display`,`reply`,`check`,`reply_model`,`extend`,`create_time`,`update_time`,`status`,`icon` FROM `wx_category` WHERE ( `status` = 1 ) ORDER BY sort  [ RunTime:0.000000s ]
SQL: SHOW COLUMNS FROM `wx_document` [ RunTime:0.000000s ]
SQL: SELECT `id`,`uid`,`name`,`title`,`category_id`,`description`,`root`,`pid`,`model_id`,`type`,`position`,`link_id`,`cover_id`,`display`,`deadline`,`attach`,`view`,`comment`,`extend`,`level`,`create_time`,`update_time`,`status` FROM `wx_document` WHERE ( `status` = 1 ) AND ( `pid` = 0 ) AND ( `create_time` < 1467344993 ) AND ( deadline = 0 OR deadline > 1467344993 ) ORDER BY `id` DESC  [ RunTime:0.000000s ]
INFO: [ view_parse ] --START--
INFO: [ template_filter ] --START--
INFO: Run Behavior\ContentReplace [ RunTime:0.000000s ]
INFO: [ template_filter ] --END-- [ RunTime:0.000000s ]
SQL: SHOW COLUMNS FROM `wx_channel` [ RunTime:0.000000s ]
SQL: SELECT `id`,`pid`,`title`,`url`,`sort`,`create_time`,`update_time`,`status`,`target` FROM `wx_channel` WHERE ( status=1 ) ORDER BY sort  [ RunTime:0.000000s ]
SQL: SELECT `id`,`name`,`title`,`pid`,`sort`,`list_row`,`meta_title`,`keywords`,`description`,`template_index`,`template_lists`,`template_detail`,`template_edit`,`model`,`type`,`link_id`,`allow_publish`,`display`,`reply`,`check`,`reply_model`,`extend`,`create_time`,`update_time`,`status`,`icon` FROM `wx_category` WHERE ( `id` = 1 ) LIMIT 1   [ RunTime:0.000000s ]
SQL: SELECT `id`,`name`,`pid`,`title`,`link_id` FROM `wx_category` WHERE ( `status` = 1 ) ORDER BY sort  [ RunTime:0.015625s ]
INFO: [ view_parse ] --START--
INFO: [ template_filter ] --START--
INFO: Run Behavior\ContentReplace [ RunTime:0.000000s ]
INFO: [ template_filter ] --END-- [ RunTime:-0.031250s ]
INFO: Run Behavior\ParseTemplate [ RunTime:0.000000s ]
INFO: [ view_parse ] --END-- [ RunTime:0.000000s ]
INFO: [ view_filter ] --START--
INFO: Run Behavior\WriteHtmlCache [ RunTime:0.015625s ]
INFO: [ view_filter ] --END-- [ RunTime:0.015625s ]
SQL: SELECT `id`,`name`,`title`,`pid`,`sort`,`list_row`,`meta_title`,`keywords`,`description`,`template_index`,`template_lists`,`template_detail`,`template_edit`,`model`,`type`,`link_id`,`allow_publish`,`display`,`reply`,`check`,`reply_model`,`extend`,`create_time`,`update_time`,`status`,`icon` FROM `wx_category` WHERE ( `id` = 1 ) LIMIT 1   [ RunTime:0.000000s ]
SQL: SELECT `id`,`name`,`pid`,`title`,`link_id` FROM `wx_category` WHERE ( `status` = 1 ) ORDER BY sort  [ RunTime:0.000000s ]
SQL: SELECT `id`,`uid`,`name`,`title`,`category_id`,`description`,`root`,`pid`,`model_id`,`type`,`position`,`link_id`,`cover_id`,`display`,`deadline`,`attach`,`view`,`comment`,`extend`,`level`,`create_time`,`update_time`,`status` FROM `wx_document` WHERE ( `status` = 1 ) AND ( `pid` = 0 ) AND ( `category_id` = 2 ) AND ( `create_time` < 1467344993 ) AND ( deadline = 0 OR deadline > 1467344993 ) ORDER BY `level` DESC,`id` DESC LIMIT 0,10   [ RunTime:0.000000s ]
INFO: Run Behavior\ParseTemplate [ RunTime:0.015625s ]
INFO: [ view_parse ] --END-- [ RunTime:0.000000s ]
INFO: [ view_filter ] --START--
INFO: Run Behavior\WriteHtmlCache [ RunTime:0.000000s ]
INFO: [ view_filter ] --END-- [ RunTime:0.000000s ]
INFO: [ app_end ] --START--
INFO: Run Behavior\ShowPageTrace [ RunTime:0.000000s ]
INFO: [ app_end ] --END-- [ RunTime:0.000000s ]

[ 2016-07-01T14:56:10+08:00 ] 127.0.0.1 /onethink/index.php?s=/Home/Index/insertgoods
SQL: SHOW COLUMNS FROM `tea_goods` [ RunTime:0.000000s ]
SQL: INSERT INTO `tea_goods` (`goodsid`,`name`,`preprice`,`curprice`,`brief`,`unit`) VALUES (1,'龙井茶',150,120,'好茶啊','新茶组') [ RunTime:0.000000s ]
INFO: [ app_end ] --START--
INFO: Run Behavior\ShowPageTrace [ RunTime:0.000000s ]
INFO: [ app_end ] --END-- [ RunTime:0.000000s ]

[ 2016-07-01T14:56:10+08:00 ] 127.0.0.1 /onethink/index.php?s=/Home/Index/insertgoods
SQL: SHOW COLUMNS FROM `tea_goods` [ RunTime:0.000000s ]
SQL: INSERT INTO `tea_goods` (`goodsid`,`name`,`preprice`,`curprice`,`brief`,`unit`) VALUES (1,'龙井茶',150,120,'好茶啊','新茶组') [ RunTime:0.000000s ]
ERR: 1062:Duplicate entry '1' for key 'PRIMARY'
 [ SQL语句 ] : INSERT INTO `tea_goods` (`goodsid`,`name`,`preprice`,`curprice`,`brief`,`unit`) VALUES (1,'龙井茶',150,120,'好茶啊','新茶组')
INFO: [ app_end ] --START--
INFO: Run Behavior\ShowPageTrace [ RunTime:0.015625s ]
INFO: [ app_end ] --END-- [ RunTime:0.015625s ]

[ 2016-07-01T15:03:25+08:00 ] 127.0.0.1 /onethink/index.php?s=/Home/Index/insertgoods
SQL: SHOW COLUMNS FROM `tea_goods` [ RunTime:0.015625s ]
SQL: INSERT INTO `tea_goods` (`name`,`preprice`,`curprice`,`brief`,`unit`) VALUES ('龙井茶',150,120,'好茶啊','新茶组') [ RunTime:0.000000s ]
INFO: [ app_end ] --START--
INFO: Run Behavior\ShowPageTrace [ RunTime:0.000000s ]
INFO: [ app_end ] --END-- [ RunTime:0.000000s ]

[ 2016-07-01T15:04:12+08:00 ] 127.0.0.1 /onethink/index.php?s=/Home/Index/insertgoods
SQL: SHOW COLUMNS FROM `tea_goods` [ RunTime:0.000000s ]
SQL: INSERT INTO `tea_goods` (`name`,`preprice`,`curprice`,`brief`,`unit`) VALUES ('龙井茶',150,120,'好茶啊','新茶组') [ RunTime:0.000000s ]
INFO: [ app_end ] --START--
INFO: Run Behavior\ShowPageTrace [ RunTime:0.000000s ]
INFO: [ app_end ] --END-- [ RunTime:0.000000s ]

[ 2016-07-01T15:04:14+08:00 ] 127.0.0.1 /onethink/index.php?s=/Home/Index/insertgoods
SQL: SHOW COLUMNS FROM `tea_goods` [ RunTime:0.000000s ]
SQL: INSERT INTO `tea_goods` (`name`,`preprice`,`curprice`,`brief`,`unit`) VALUES ('龙井茶',150,120,'好茶啊','新茶组') [ RunTime:0.000000s ]
INFO: [ app_end ] --START--
INFO: Run Behavior\ShowPageTrace [ RunTime:0.000000s ]
INFO: [ app_end ] --END-- [ RunTime:0.015625s ]

[ 2016-07-01T15:04:14+08:00 ] 127.0.0.1 /onethink/index.php?s=/Home/Index/insertgoods
SQL: SHOW COLUMNS FROM `tea_goods` [ RunTime:0.000000s ]
SQL: INSERT INTO `tea_goods` (`name`,`preprice`,`curprice`,`brief`,`unit`) VALUES ('龙井茶',150,120,'好茶啊','新茶组') [ RunTime:0.000000s ]
INFO: [ app_end ] --START--
INFO: Run Behavior\ShowPageTrace [ RunTime:0.000000s ]
INFO: [ app_end ] --END-- [ RunTime:0.000000s ]

[ 2016-07-01T15:04:15+08:00 ] 127.0.0.1 /onethink/index.php?s=/Home/Index/insertgoods
SQL: SHOW COLUMNS FROM `tea_goods` [ RunTime:0.000000s ]
SQL: INSERT INTO `tea_goods` (`name`,`preprice`,`curprice`,`brief`,`unit`) VALUES ('龙井茶',150,120,'好茶啊','新茶组') [ RunTime:0.000000s ]
INFO: [ app_end ] --START--
INFO: Run Behavior\ShowPageTrace [ RunTime:0.000000s ]
INFO: [ app_end ] --END-- [ RunTime:0.000000s ]

[ 2016-07-01T15:04:16+08:00 ] 127.0.0.1 /onethink/index.php?s=/Home/Index/insertgoods
SQL: SHOW COLUMNS FROM `tea_goods` [ RunTime:0.015625s ]
SQL: INSERT INTO `tea_goods` (`name`,`preprice`,`curprice`,`brief`,`unit`) VALUES ('龙井茶',150,120,'好茶啊','新茶组') [ RunTime:0.000000s ]
INFO: [ app_end ] --START--
INFO: Run Behavior\ShowPageTrace [ RunTime:0.000000s ]
INFO: [ app_end ] --END-- [ RunTime:0.000000s ]

[ 2016-07-01T15:04:17+08:00 ] 127.0.0.1 /onethink/index.php?s=/Home/Index/insertgoods
SQL: SHOW COLUMNS FROM `tea_goods` [ RunTime:0.000000s ]
SQL: INSERT INTO `tea_goods` (`name`,`preprice`,`curprice`,`brief`,`unit`) VALUES ('龙井茶',150,120,'好茶啊','新茶组') [ RunTime:0.015625s ]
INFO: [ app_end ] --START--
INFO: Run Behavior\ShowPageTrace [ RunTime:0.000000s ]
INFO: [ app_end ] --END-- [ RunTime:0.000000s ]

[ 2016-07-01T15:04:42+08:00 ] 127.0.0.1 /onethink/index.php?s=/Home/Index/insertgoods
SQL: SHOW COLUMNS FROM `tea_goods` [ RunTime:0.015625s ]
SQL: INSERT INTO `tea_goods` (`name`,`preprice`,`curprice`,`brief`,`unit`) VALUES ('龙井茶',150,120,'好茶啊','新茶组') [ RunTime:0.000000s ]
INFO: [ app_end ] --START--
INFO: Run Behavior\ShowPageTrace [ RunTime:0.000000s ]
INFO: [ app_end ] --END-- [ RunTime:0.000000s ]

[ 2016-07-01T15:04:56+08:00 ] 127.0.0.1 /onethink/index.php?s=/Home/Index/insertgoods
SQL: SHOW COLUMNS FROM `tea_goods` [ RunTime:0.015625s ]
SQL: INSERT INTO `tea_goods` (`name`,`preprice`,`curprice`,`brief`,`unit`) VALUES ('龙井茶',150,120,'好茶啊','新茶组') [ RunTime:0.000000s ]
INFO: [ app_end ] --START--
INFO: Run Behavior\ShowPageTrace [ RunTime:0.000000s ]
INFO: [ app_end ] --END-- [ RunTime:0.000000s ]

[ 2016-07-01T15:06:59+08:00 ] 127.0.0.1 /onethink/index.php?s=/Home/Index/insertgoods
SQL: SHOW COLUMNS FROM `tea_goods` [ RunTime:0.000000s ]
SQL: INSERT INTO `tea_goods` (`goodsid`,`name`,`preprice`,`curprice`,`brief`,`unit`) VALUES (100,'龙井茶',150,120,'好茶啊','新茶组') [ RunTime:0.015625s ]
INFO: [ app_end ] --START--
INFO: Run Behavior\ShowPageTrace [ RunTime:0.000000s ]
INFO: [ app_end ] --END-- [ RunTime:0.000000s ]

[ 2016-07-01T15:07:16+08:00 ] 127.0.0.1 /onethink/index.php?s=/Home/Index/insertgoods
SQL: SHOW COLUMNS FROM `tea_goods` [ RunTime:0.000000s ]
SQL: INSERT INTO `tea_goods` (`name`,`preprice`,`curprice`,`brief`,`unit`) VALUES ('龙井茶',150,120,'好茶啊','新茶组') [ RunTime:0.000000s ]
INFO: [ app_end ] --START--
INFO: Run Behavior\ShowPageTrace [ RunTime:0.000000s ]
INFO: [ app_end ] --END-- [ RunTime:0.000000s ]

[ 2016-07-01T15:15:19+08:00 ] 127.0.0.1 /onethink/index.php?s=/Home/Index/insertgoods
SQL: SHOW COLUMNS FROM `tea_goods` [ RunTime:0.015625s ]
SQL: SELECT `goodsid` FROM `tea_goods`  [ RunTime:0.000000s ]
NOTIC: [8] Undefined offset: 0 E:\Vista\projects\onethink\ThinkPHP\Library\Think\Db.class.php 第 690 行.
SQL: INSERT INTO `tea_goods` (`name`,`preprice`,`curprice`,`brief`,`unit`) VALUES ('龙井茶',150,120,'好茶啊','新茶组') [ RunTime:0.000000s ]
INFO: [ app_end ] --START--
INFO: Run Behavior\ShowPageTrace [ RunTime:0.015625s ]
INFO: [ app_end ] --END-- [ RunTime:0.015625s ]

[ 2016-07-01T15:16:12+08:00 ] 127.0.0.1 /onethink/index.php?s=/Home/Index/insertgoods
SQL: SHOW COLUMNS FROM `tea_goods` [ RunTime:0.000000s ]
SQL: SELECT `goodsid` FROM `tea_goods`  [ RunTime:0.000000s ]
SQL: SELECT `goodsid` FROM `tea_goods`  [ RunTime:0.000000s ]
SQL: SELECT `goodsid` FROM `tea_goods`  [ RunTime:0.000000s ]
NOTIC: [8] Undefined offset: 0 E:\Vista\projects\onethink\ThinkPHP\Library\Think\Db.class.php 第 690 行.
SQL: INSERT INTO `tea_goods` (`name`,`preprice`,`curprice`,`brief`,`unit`) VALUES ('龙井茶',150,120,'好茶啊','新茶组') [ RunTime:0.015625s ]
INFO: [ app_end ] --START--
INFO: Run Behavior\ShowPageTrace [ RunTime:0.000000s ]
INFO: [ app_end ] --END-- [ RunTime:0.000000s ]

[ 2016-07-01T15:18:46+08:00 ] 127.0.0.1 /onethink/index.php?s=/Home/Index/insertgoods
SQL: SHOW COLUMNS FROM `tea_goods` [ RunTime:0.000000s ]
SQL: SELECT `goodsid` FROM `tea_goods`  [ RunTime:0.000000s ]
SQL: SELECT `goodsid` FROM `tea_goods`  [ RunTime:0.000000s ]
SQL: INSERT INTO `tea_goods` (`goodsid`,`name`,`preprice`,`curprice`,`brief`,`unit`) VALUES (10,'龙井茶',150,120,'好茶啊','新茶组') [ RunTime:0.000000s ]
ERR: 1062:Duplicate entry '10' for key 'PRIMARY'
 [ SQL语句 ] : INSERT INTO `tea_goods` (`goodsid`,`name`,`preprice`,`curprice`,`brief`,`unit`) VALUES (10,'龙井茶',150,120,'好茶啊','新茶组')
INFO: [ app_end ] --START--
INFO: Run Behavior\ShowPageTrace [ RunTime:0.000000s ]
INFO: [ app_end ] --END-- [ RunTime:0.000000s ]

[ 2016-07-01T15:19:02+08:00 ] 127.0.0.1 /onethink/index.php?s=/Home/Index/insertgoods
SQL: SHOW COLUMNS FROM `tea_goods` [ RunTime:0.000000s ]
SQL: SELECT `goodsid` FROM `tea_goods`  [ RunTime:0.000000s ]
SQL: SELECT `goodsid` FROM `tea_goods`  [ RunTime:0.000000s ]
SQL: INSERT INTO `tea_goods` (`goodsid`,`name`,`preprice`,`curprice`,`brief`,`unit`) VALUES (10,'龙井茶',150,120,'好茶啊','新茶组') [ RunTime:0.000000s ]
ERR: 1062:Duplicate entry '10' for key 'PRIMARY'
 [ SQL语句 ] : INSERT INTO `tea_goods` (`goodsid`,`name`,`preprice`,`curprice`,`brief`,`unit`) VALUES (10,'龙井茶',150,120,'好茶啊','新茶组')
INFO: [ app_end ] --START--
INFO: Run Behavior\ShowPageTrace [ RunTime:0.000000s ]
INFO: [ app_end ] --END-- [ RunTime:0.000000s ]

[ 2016-07-01T15:19:36+08:00 ] 127.0.0.1 /onethink/index.php?s=/Home/Index/insertgoods
SQL: SHOW COLUMNS FROM `tea_goods` [ RunTime:0.000000s ]
SQL: SELECT `goodsid` FROM `tea_goods`  [ RunTime:0.000000s ]
SQL: INSERT INTO `tea_goods` (`goodsid`,`name`,`preprice`,`curprice`,`brief`,`unit`) VALUES (10,'龙井茶',150,120,'好茶啊','新茶组') [ RunTime:0.000000s ]
ERR: 1062:Duplicate entry '10' for key 'PRIMARY'
 [ SQL语句 ] : INSERT INTO `tea_goods` (`goodsid`,`name`,`preprice`,`curprice`,`brief`,`unit`) VALUES (10,'龙井茶',150,120,'好茶啊','新茶组')
INFO: [ app_end ] --START--
INFO: Run Behavior\ShowPageTrace [ RunTime:0.000000s ]
INFO: [ app_end ] --END-- [ RunTime:0.000000s ]

[ 2016-07-01T15:19:41+08:00 ] 127.0.0.1 /onethink/index.php?s=/Home/Index/insertgoods
SQL: SHOW COLUMNS FROM `tea_goods` [ RunTime:0.000000s ]
SQL: SELECT `goodsid` FROM `tea_goods`  [ RunTime:0.000000s ]
SQL: INSERT INTO `tea_goods` (`goodsid`,`name`,`preprice`,`curprice`,`brief`,`unit`) VALUES (10,'龙井茶',150,120,'好茶啊','新茶组') [ RunTime:0.000000s ]
ERR: 1062:Duplicate entry '10' for key 'PRIMARY'
 [ SQL语句 ] : INSERT INTO `tea_goods` (`goodsid`,`name`,`preprice`,`curprice`,`brief`,`unit`) VALUES (10,'龙井茶',150,120,'好茶啊','新茶组')
INFO: [ app_end ] --START--
INFO: Run Behavior\ShowPageTrace [ RunTime:0.000000s ]
INFO: [ app_end ] --END-- [ RunTime:0.000000s ]

[ 2016-07-01T15:20:35+08:00 ] 127.0.0.1 /onethink/index.php?s=/Home/Index/insertgoods
SQL: SHOW COLUMNS FROM `tea_goods` [ RunTime:0.000000s ]
SQL: SELECT `goodsid` FROM `tea_goods`  [ RunTime:0.000000s ]
SQL: INSERT INTO `tea_goods` (`goodsid`,`name`,`preprice`,`curprice`,`brief`,`unit`) VALUES (10,'龙井茶',150,120,'好茶啊','新茶组') [ RunTime:0.000000s ]
ERR: 1062:Duplicate entry '10' for key 'PRIMARY'
 [ SQL语句 ] : INSERT INTO `tea_goods` (`goodsid`,`name`,`preprice`,`curprice`,`brief`,`unit`) VALUES (10,'龙井茶',150,120,'好茶啊','新茶组')
INFO: [ app_end ] --START--
INFO: Run Behavior\ShowPageTrace [ RunTime:0.015625s ]
INFO: [ app_end ] --END-- [ RunTime:0.015625s ]

[ 2016-07-01T15:21:57+08:00 ] 127.0.0.1 /onethink/index.php?s=/Home/Index/insertgoods
SQL: SHOW COLUMNS FROM `tea_goods` [ RunTime:0.015625s ]
SQL: SELECT `goodsid` FROM `tea_goods`  [ RunTime:0.000000s ]
SQL: INSERT INTO `tea_goods` (`goodsid`,`name`,`preprice`,`curprice`,`brief`,`unit`) VALUES (11,'龙井茶',150,120,'好茶啊','新茶组') [ RunTime:0.000000s ]
INFO: [ app_end ] --START--
INFO: Run Behavior\ShowPageTrace [ RunTime:0.000000s ]
INFO: [ app_end ] --END-- [ RunTime:0.000000s ]

[ 2016-07-01T15:21:59+08:00 ] 127.0.0.1 /onethink/index.php?s=/Home/Index/insertgoods
SQL: SHOW COLUMNS FROM `tea_goods` [ RunTime:0.000000s ]
SQL: SELECT `goodsid` FROM `tea_goods`  [ RunTime:0.000000s ]
SQL: INSERT INTO `tea_goods` (`goodsid`,`name`,`preprice`,`curprice`,`brief`,`unit`) VALUES (12,'龙井茶',150,120,'好茶啊','新茶组') [ RunTime:0.000000s ]
INFO: [ app_end ] --START--
INFO: Run Behavior\ShowPageTrace [ RunTime:0.000000s ]
INFO: [ app_end ] --END-- [ RunTime:0.000000s ]

[ 2016-07-01T15:21:59+08:00 ] 127.0.0.1 /onethink/index.php?s=/Home/Index/insertgoods
SQL: SHOW COLUMNS FROM `tea_goods` [ RunTime:0.000000s ]
SQL: SELECT `goodsid` FROM `tea_goods`  [ RunTime:0.000000s ]
SQL: INSERT INTO `tea_goods` (`goodsid`,`name`,`preprice`,`curprice`,`brief`,`unit`) VALUES (13,'龙井茶',150,120,'好茶啊','新茶组') [ RunTime:0.000000s ]
INFO: [ app_end ] --START--
INFO: Run Behavior\ShowPageTrace [ RunTime:0.000000s ]
INFO: [ app_end ] --END-- [ RunTime:0.000000s ]

[ 2016-07-01T15:22:00+08:00 ] 127.0.0.1 /onethink/index.php?s=/Home/Index/insertgoods
SQL: SHOW COLUMNS FROM `tea_goods` [ RunTime:0.000000s ]
SQL: SELECT `goodsid` FROM `tea_goods`  [ RunTime:0.000000s ]
SQL: INSERT INTO `tea_goods` (`goodsid`,`name`,`preprice`,`curprice`,`brief`,`unit`) VALUES (14,'龙井茶',150,120,'好茶啊','新茶组') [ RunTime:0.000000s ]
INFO: [ app_end ] --START--
INFO: Run Behavior\ShowPageTrace [ RunTime:0.000000s ]
INFO: [ app_end ] --END-- [ RunTime:0.000000s ]

[ 2016-07-01T15:22:01+08:00 ] 127.0.0.1 /onethink/index.php?s=/Home/Index/insertgoods
SQL: SHOW COLUMNS FROM `tea_goods` [ RunTime:0.000000s ]
SQL: SELECT `goodsid` FROM `tea_goods`  [ RunTime:0.000000s ]
SQL: INSERT INTO `tea_goods` (`goodsid`,`name`,`preprice`,`curprice`,`brief`,`unit`) VALUES (15,'龙井茶',150,120,'好茶啊','新茶组') [ RunTime:0.000000s ]
INFO: [ app_end ] --START--
INFO: Run Behavior\ShowPageTrace [ RunTime:0.000000s ]
INFO: [ app_end ] --END-- [ RunTime:0.000000s ]

[ 2016-07-01T15:22:24+08:00 ] 127.0.0.1 /onethink/index.php?s=/Home/Index/insertgoods
SQL: SHOW COLUMNS FROM `tea_goods` [ RunTime:0.000000s ]
SQL: SELECT `goodsid` FROM `tea_goods`  [ RunTime:0.000000s ]
SQL: INSERT INTO `tea_goods` (`goodsid`,`name`,`preprice`,`curprice`,`brief`,`unit`) VALUES (15,'龙井茶',150,120,'好茶啊','新茶组') [ RunTime:0.000000s ]
INFO: [ app_end ] --START--
INFO: Run Behavior\ShowPageTrace [ RunTime:0.000000s ]
INFO: [ app_end ] --END-- [ RunTime:0.000000s ]

[ 2016-07-01T15:36:48+08:00 ] 127.0.0.1 /onethink/index.php?s=/Home/Index/insertgoods
SQL: SHOW COLUMNS FROM `tea_goods` [ RunTime:0.000000s ]
SQL: SELECT `goodsid` FROM `tea_goods`  [ RunTime:0.000000s ]
SQL: INSERT INTO `tea_goods` (`goodsid`,`name`,`preprice`,`curprice`,`brief`,`unit`) VALUES (14,'龙井茶',150,120,'好茶啊','新茶组') [ RunTime:0.000000s ]
ERR: 1062:Duplicate entry '14' for key 'PRIMARY'
 [ SQL语句 ] : INSERT INTO `tea_goods` (`goodsid`,`name`,`preprice`,`curprice`,`brief`,`unit`) VALUES (14,'龙井茶',150,120,'好茶啊','新茶组')
INFO: [ app_end ] --START--
INFO: Run Behavior\ShowPageTrace [ RunTime:0.000000s ]
INFO: [ app_end ] --END-- [ RunTime:0.000000s ]

[ 2016-07-01T15:37:05+08:00 ] 127.0.0.1 /onethink/index.php?s=/Home/Index/insertgoods
SQL: SHOW COLUMNS FROM `tea_goods` [ RunTime:0.000000s ]
SQL: SELECT `goodsid` FROM `tea_goods`  [ RunTime:0.000000s ]
SQL: INSERT INTO `tea_goods` (`goodsid`,`name`,`preprice`,`curprice`,`brief`,`unit`) VALUES (14,'龙井茶',150,120,'好茶啊','新茶组') [ RunTime:0.000000s ]
ERR: 1062:Duplicate entry '14' for key 'PRIMARY'
 [ SQL语句 ] : INSERT INTO `tea_goods` (`goodsid`,`name`,`preprice`,`curprice`,`brief`,`unit`) VALUES (14,'龙井茶',150,120,'好茶啊','新茶组')
INFO: [ app_end ] --START--
INFO: Run Behavior\ShowPageTrace [ RunTime:0.000000s ]
INFO: [ app_end ] --END-- [ RunTime:0.000000s ]

[ 2016-07-01T15:38:14+08:00 ] 127.0.0.1 /onethink/index.php?s=/Home/Index/insertgoods
SQL: SHOW COLUMNS FROM `tea_goods` [ RunTime:0.015625s ]
SQL: SELECT `goodsid` FROM `tea_goods`  [ RunTime:0.000000s ]
SQL: INSERT INTO `tea_goods` (`goodsid`,`name`,`preprice`,`curprice`,`brief`,`unit`) VALUES (14,'龙井茶',150,120,'好茶啊','新茶组') [ RunTime:0.000000s ]
ERR: 1062:Duplicate entry '14' for key 'PRIMARY'
 [ SQL语句 ] : INSERT INTO `tea_goods` (`goodsid`,`name`,`preprice`,`curprice`,`brief`,`unit`) VALUES (14,'龙井茶',150,120,'好茶啊','新茶组')
INFO: [ app_end ] --START--
INFO: Run Behavior\ShowPageTrace [ RunTime:0.000000s ]
INFO: [ app_end ] --END-- [ RunTime:0.000000s ]

[ 2016-07-01T15:47:35+08:00 ] 127.0.0.1 /onethink/index.php?s=/Home/Index/insertgoods
SQL: SHOW COLUMNS FROM `tea_goods` [ RunTime:0.015625s ]
SQL: SELECT `goodsid` FROM `tea_goods`  [ RunTime:0.000000s ]
SQL: INSERT INTO `tea_goods` (`goodsid`,`name`,`preprice`,`curprice`,`brief`,`unit`) VALUES (100,'龙井茶',150,120,'好茶啊','新茶组') [ RunTime:0.000000s ]
INFO: [ app_end ] --START--
INFO: Run Behavior\ShowPageTrace [ RunTime:0.000000s ]
INFO: [ app_end ] --END-- [ RunTime:0.000000s ]

[ 2016-07-01T15:49:23+08:00 ] 127.0.0.1 /onethink/index.php?s=/Home/Index/insertgoods
SQL: SHOW COLUMNS FROM `tea_goods` [ RunTime:0.000000s ]
SQL: SELECT `goodsid` FROM `tea_goods`  [ RunTime:0.000000s ]
SQL: INSERT INTO `tea_goods` (`goodsid`,`name`,`preprice`,`curprice`,`brief`,`unit`) VALUES (1000,'龙井茶',150,120,'好茶啊','新茶组') [ RunTime:0.000000s ]
INFO: [ app_end ] --START--
INFO: Run Behavior\ShowPageTrace [ RunTime:0.000000s ]
INFO: [ app_end ] --END-- [ RunTime:0.000000s ]

[ 2016-07-01T15:57:46+08:00 ] 127.0.0.1 /onethink/index.php?s=/Home/Index/insertgoods
SQL: SHOW COLUMNS FROM `tea_goods` [ RunTime:0.000000s ]
SQL: INSERT INTO `tea_goods` (`name`,`preprice`,`curprice`,`brief`,`createtime`,`unit`) VALUES ('龙井茶',150,120,'好茶啊',1467359866,'新茶组') [ RunTime:0.000000s ]
INFO: [ app_end ] --START--
INFO: Run Behavior\ShowPageTrace [ RunTime:0.015625s ]
INFO: [ app_end ] --END-- [ RunTime:0.015625s ]

[ 2016-07-01T16:18:41+08:00 ] 127.0.0.1 /onethink/index.php?s=/Home/Index/insertgoods
SQL: SHOW COLUMNS FROM `tea_goods` [ RunTime:0.015625s ]
SQL: INSERT INTO `tea_goods` (`goodsid`,`name`,`imgUrl`,`preprice`,`curprice`,`stock`,`sales`,`createtime`,`priority`,`brief`,`img_group_id`,`category`,`unit`) VALUES (null,'龙井茶',null,150,120,100,150,1467361121,1,'good tea',null,null,'克') [ RunTime:0.000000s ]
INFO: [ app_end ] --START--
INFO: Run Behavior\ShowPageTrace [ RunTime:0.000000s ]
INFO: [ app_end ] --END-- [ RunTime:0.000000s ]

[ 2016-07-01T16:19:47+08:00 ] 127.0.0.1 /onethink/index.php?s=/Home/Index/insertgoods
SQL: SHOW COLUMNS FROM `tea_goods` [ RunTime:0.000000s ]
SQL: INSERT INTO `tea_goods` (`goodsid`,`name`,`imgUrl`,`preprice`,`curprice`,`stock`,`sales`,`createtime`,`status`,`priority`,`brief`,`img_group_id`,`category`,`unit`) VALUES (null,'龙井茶',null,150,120,100,150,1467361187,0,1,'good tea',null,null,'克') [ RunTime:0.000000s ]
INFO: [ app_end ] --START--
INFO: Run Behavior\ShowPageTrace [ RunTime:0.000000s ]
INFO: [ app_end ] --END-- [ RunTime:0.000000s ]

[ 2016-07-01T16:30:56+08:00 ] 127.0.0.1 /onethink/index.php?s=/Home/Index/insertbuyer
SQL: SHOW COLUMNS FROM `tea_buyer` [ RunTime:0.015625s ]
SQL: INSERT INTO `tea_buyer` (`buyerid`,`name`,`account`,`password`,`phone`,`address`,`gold`,`money`,`level`) VALUES (null,'买家1号',null,null,null,null,0,0,1) [ RunTime:0.000000s ]
ERR: 1048:Column 'buyerid' cannot be null
 [ SQL语句 ] : INSERT INTO `tea_buyer` (`buyerid`,`name`,`account`,`password`,`phone`,`address`,`gold`,`money`,`level`) VALUES (null,'买家1号',null,null,null,null,0,0,1)
INFO: [ app_end ] --START--
INFO: Run Behavior\ShowPageTrace [ RunTime:0.000000s ]
INFO: [ app_end ] --END-- [ RunTime:0.000000s ]

[ 2016-07-01T16:33:20+08:00 ] 127.0.0.1 /onethink/index.php?s=/Home/Index/insertbuyer
SQL: SHOW COLUMNS FROM `tea_buyer` [ RunTime:0.000000s ]
SQL: INSERT INTO `tea_buyer` (`buyerid`,`name`,`account`,`password`,`phone`,`address`,`gold`,`money`,`level`) VALUES (10002,'买家1号',null,null,null,null,0,0,1) [ RunTime:0.000000s ]
INFO: [ app_end ] --START--
INFO: Run Behavior\ShowPageTrace [ RunTime:0.015625s ]
INFO: [ app_end ] --END-- [ RunTime:0.015625s ]

[ 2016-07-01T16:43:31+08:00 ] 127.0.0.1 /onethink/index.php?s=/Home/Index/insertcoupon
SQL: SHOW COLUMNS FROM `tea_coupon` [ RunTime:0.000000s ]
SQL: INSERT INTO `tea_coupon` (`couponid`,`orderid`,`type`,`discount`,`disprice`,`starttime`,`deadline`,`status`,`usetime`,`overprice`) VALUES (10000,10000,1,98,20,1467362611,1467362611,0,1467362611,100) [ RunTime:0.031250s ]
ERR: 1452:Cannot add or update a child row: a foreign key constraint fails (`onethink`.`tea_coupon`, CONSTRAINT `FK_Reference_4` FOREIGN KEY (`orderid`) REFERENCES `tea_order` (`orderid`))
 [ SQL语句 ] : INSERT INTO `tea_coupon` (`couponid`,`orderid`,`type`,`discount`,`disprice`,`starttime`,`deadline`,`status`,`usetime`,`overprice`) VALUES (10000,10000,1,98,20,1467362611,1467362611,0,1467362611,100)
INFO: [ app_end ] --START--
INFO: Run Behavior\ShowPageTrace [ RunTime:0.000000s ]
INFO: [ app_end ] --END-- [ RunTime:0.000000s ]

[ 2016-07-01T16:45:21+08:00 ] 127.0.0.1 /onethink/index.php?s=/Home/Index/insertcoupon
SQL: SHOW COLUMNS FROM `tea_coupon` [ RunTime:0.015625s ]
SQL: INSERT INTO `tea_coupon` (`couponid`,`orderid`,`type`,`discount`,`disprice`,`starttime`,`deadline`,`status`,`usetime`,`overprice`) VALUES (10000,10000,1,98,20,1467362721,1467362721,0,1467362721,100) [ RunTime:0.000000s ]
ERR: 1452:Cannot add or update a child row: a foreign key constraint fails (`onethink`.`tea_coupon`, CONSTRAINT `FK_Reference_4` FOREIGN KEY (`orderid`) REFERENCES `tea_order` (`orderid`))
 [ SQL语句 ] : INSERT INTO `tea_coupon` (`couponid`,`orderid`,`type`,`discount`,`disprice`,`starttime`,`deadline`,`status`,`usetime`,`overprice`) VALUES (10000,10000,1,98,20,1467362721,1467362721,0,1467362721,100)

[ 2016-07-01T16:47:43+08:00 ] 127.0.0.1 /onethink/index.php?s=/Home/Index/insertcoupon
SQL: SHOW COLUMNS FROM `tea_coupon` [ RunTime:0.015625s ]
SQL: INSERT INTO `tea_coupon` (`couponid`,`orderid`,`type`,`discount`,`disprice`,`starttime`,`deadline`,`status`,`usetime`,`overprice`) VALUES (10000,10000,1,98,20,1467362863,1467362863,0,1467362863,100) [ RunTime:0.000000s ]
ERR: 1452:Cannot add or update a child row: a foreign key constraint fails (`onethink`.`tea_coupon`, CONSTRAINT `FK_Reference_4` FOREIGN KEY (`orderid`) REFERENCES `tea_order` (`orderid`))
 [ SQL语句 ] : INSERT INTO `tea_coupon` (`couponid`,`orderid`,`type`,`discount`,`disprice`,`starttime`,`deadline`,`status`,`usetime`,`overprice`) VALUES (10000,10000,1,98,20,1467362863,1467362863,0,1467362863,100)

[ 2016-07-01T16:49:39+08:00 ] 127.0.0.1 /onethink/index.php?s=/Home/Index/insertcoupon
SQL: SHOW COLUMNS FROM `tea_coupon` [ RunTime:0.015625s ]
SQL: INSERT INTO `tea_coupon` (`couponid`,`orderid`,`type`,`discount`,`disprice`,`starttime`,`deadline`,`status`,`usetime`,`overprice`) VALUES (10000,10000,1,98,20,1467362979,1467362979,0,1467362979,100) [ RunTime:0.000000s ]
ERR: 1452:Cannot add or update a child row: a foreign key constraint fails (`onethink`.`tea_coupon`, CONSTRAINT `FK_Reference_4` FOREIGN KEY (`orderid`) REFERENCES `tea_order` (`orderid`))
 [ SQL语句 ] : INSERT INTO `tea_coupon` (`couponid`,`orderid`,`type`,`discount`,`disprice`,`starttime`,`deadline`,`status`,`usetime`,`overprice`) VALUES (10000,10000,1,98,20,1467362979,1467362979,0,1467362979,100)
SQL: INSERT INTO `tea_coupon` (`couponid`,`orderid`,`type`,`discount`,`disprice`,`starttime`,`deadline`,`status`,`usetime`,`overprice`) VALUES (10000,10000,1,98,20,1467362979,1467362979,0,1467362979,100) [ RunTime:0.000000s ]
ERR: 1452:Cannot add or update a child row: a foreign key constraint fails (`onethink`.`tea_coupon`, CONSTRAINT `FK_Reference_4` FOREIGN KEY (`orderid`) REFERENCES `tea_order` (`orderid`))
 [ SQL语句 ] : INSERT INTO `tea_coupon` (`couponid`,`orderid`,`type`,`discount`,`disprice`,`starttime`,`deadline`,`status`,`usetime`,`overprice`) VALUES (10000,10000,1,98,20,1467362979,1467362979,0,1467362979,100)
INFO: [ app_end ] --START--
INFO: Run Behavior\ShowPageTrace [ RunTime:0.000000s ]
INFO: [ app_end ] --END-- [ RunTime:0.000000s ]

[ 2016-07-01T16:49:50+08:00 ] 127.0.0.1 /onethink/index.php?s=/Home/Index/insertcoupon
SQL: SHOW COLUMNS FROM `tea_coupon` [ RunTime:0.000000s ]
SQL: INSERT INTO `tea_coupon` (`couponid`,`orderid`,`type`,`discount`,`disprice`,`starttime`,`deadline`,`status`,`usetime`,`overprice`) VALUES (10000,10000,1,98,20,1467362990,1467362990,0,1467362990,100) [ RunTime:0.000000s ]
ERR: 1452:Cannot add or update a child row: a foreign key constraint fails (`onethink`.`tea_coupon`, CONSTRAINT `FK_Reference_4` FOREIGN KEY (`orderid`) REFERENCES `tea_order` (`orderid`))
 [ SQL语句 ] : INSERT INTO `tea_coupon` (`couponid`,`orderid`,`type`,`discount`,`disprice`,`starttime`,`deadline`,`status`,`usetime`,`overprice`) VALUES (10000,10000,1,98,20,1467362990,1467362990,0,1467362990,100)
INFO: [ app_end ] --START--
INFO: Run Behavior\ShowPageTrace [ RunTime:0.000000s ]
INFO: [ app_end ] --END-- [ RunTime:0.000000s ]

[ 2016-07-01T16:51:09+08:00 ] 127.0.0.1 /onethink/index.php?s=/Home/Index/insertcoupon
SQL: SHOW COLUMNS FROM `tea_coupon` [ RunTime:0.015625s ]
SQL: INSERT INTO `tea_coupon` (`couponid`,`orderid`,`type`,`discount`,`disprice`,`starttime`,`deadline`,`status`,`usetime`,`overprice`) VALUES (10000,10000,1,98,20,1467363069,1467363069,0,1467363069,100) [ RunTime:0.000000s ]
INFO: [ app_end ] --START--
INFO: Run Behavior\ShowPageTrace [ RunTime:0.000000s ]
INFO: [ app_end ] --END-- [ RunTime:0.000000s ]

[ 2016-07-01T16:53:49+08:00 ] 127.0.0.1 /onethink/index.php?s=/Home/Index/insertcoupon
SQL: SHOW COLUMNS FROM `tea_coupon` [ RunTime:0.000000s ]
SQL: INSERT INTO `tea_coupon` (`couponid`,`orderid`,`type`,`discount`,`disprice`,`starttime`,`deadline`,`status`,`usetime`,`overprice`) VALUES (10001,null,1,98,20,1467363229,1467363229,0,1467363229,100) [ RunTime:0.000000s ]
INFO: [ app_end ] --START--
INFO: Run Behavior\ShowPageTrace [ RunTime:0.015625s ]
INFO: [ app_end ] --END-- [ RunTime:0.015625s ]

