[ 2016-07-04T14:11:40+08:00 ] 127.0.0.1 /onethink/index.php?s=/Home/Index/insertgoods
SQL: SHOW COLUMNS FROM `tea_goods` [ RunTime:0.015625s ]
SQL: INSERT INTO `tea_goods` (`goodsid`,`name`,`imgUrl`,`preprice`,`curprice`,`stock`,`sales`,`createtime`,`status`,`priority`,`brief`,`category`,`unit`) VALUES (null,'龙井茶',null,150,120,100,150,1467612700,0,1,'good tea',null,'克') [ RunTime:0.000000s ]
INFO: [ app_end ] --START--
INFO: Run Behavior\ShowPageTrace [ RunTime:0.000000s ]
INFO: [ app_end ] --END-- [ RunTime:0.000000s ]

[ 2016-07-04T14:15:14+08:00 ] 127.0.0.1 /onethink/index.php?s=/Home/Index/insertgoods
SQL: SHOW COLUMNS FROM `tea_goods` [ RunTime:0.015625s ]
SQL: SELECT * FROM `tea_goods` LIMIT 1   [ RunTime:0.000000s ]
INFO: [ app_end ] --START--
INFO: Run Behavior\ShowPageTrace [ RunTime:0.000000s ]
INFO: [ app_end ] --END-- [ RunTime:0.000000s ]

[ 2016-07-04T14:15:58+08:00 ] 127.0.0.1 /onethink/index.php?s=/Home/Index/insertgoods
SQL: SHOW COLUMNS FROM `tea_goods` [ RunTime:0.000000s ]
SQL: INSERT INTO `tea_goods` (`goodsid`,`name`,`imgUrl`,`preprice`,`curprice`,`stock`,`sales`,`createtime`,`status`,`priority`,`brief`,`category`,`unit`) VALUES (null,'茉莉茶',null,150,120,100,150,1467612958,1,1,'good tea',null,'克') [ RunTime:0.015625s ]
SQL: SELECT * FROM `tea_goods` LIMIT 1   [ RunTime:0.000000s ]
INFO: [ app_end ] --START--
INFO: Run Behavior\ShowPageTrace [ RunTime:0.000000s ]
INFO: [ app_end ] --END-- [ RunTime:0.000000s ]

[ 2016-07-04T14:16:56+08:00 ] 127.0.0.1 /onethink/index.php?s=/Home/Index/insertgoods
SQL: SHOW COLUMNS FROM `tea_goods` [ RunTime:0.015625s ]
SQL: SELECT * FROM `tea_goods` WHERE ( status=1 ) LIMIT 1   [ RunTime:0.000000s ]
INFO: [ app_end ] --START--
INFO: Run Behavior\ShowPageTrace [ RunTime:0.000000s ]
INFO: [ app_end ] --END-- [ RunTime:0.000000s ]

[ 2016-07-04T14:17:11+08:00 ] 127.0.0.1 /onethink/index.php?s=/Home/Index/insertgoods
SQL: SHOW COLUMNS FROM `tea_goods` [ RunTime:0.015625s ]
SQL: SELECT * FROM `tea_goods` WHERE ( status=0 ) LIMIT 1   [ RunTime:0.000000s ]
INFO: [ app_end ] --START--
INFO: Run Behavior\ShowPageTrace [ RunTime:0.000000s ]
INFO: [ app_end ] --END-- [ RunTime:0.000000s ]

[ 2016-07-04T14:18:01+08:00 ] 127.0.0.1 /onethink/index.php?s=/Home/Index/insertgoods
SQL: SHOW COLUMNS FROM `tea_goods` [ RunTime:0.000000s ]
SQL: INSERT INTO `tea_goods` (`goodsid`,`name`,`imgUrl`,`preprice`,`curprice`,`stock`,`sales`,`createtime`,`status`,`priority`,`brief`,`category`,`unit`) VALUES (null,'观音茶',null,150,120,100,150,1467613081,1,1,'good tea',null,'克') [ RunTime:0.015625s ]
SQL: SELECT * FROM `tea_goods`  [ RunTime:0.000000s ]
INFO: [ app_end ] --START--
INFO: Run Behavior\ShowPageTrace [ RunTime:0.000000s ]
INFO: [ app_end ] --END-- [ RunTime:0.000000s ]

[ 2016-07-04T14:19:13+08:00 ] 127.0.0.1 /onethink/index.php?s=/Home/Index/insertgoods
SQL: SHOW COLUMNS FROM `tea_goods` [ RunTime:0.000000s ]
SQL: SELECT * FROM `tea_goods` WHERE ( name likes '%观音%' )  [ RunTime:0.000000s ]
ERR: 1064:You have an error in your SQL syntax; check the manual that corresponds to your MySQL server version for the right syntax to use near 'likes '%观音%' )' at line 1
 [ SQL语句 ] : SELECT * FROM `tea_goods` WHERE ( name likes '%观音%' ) 
INFO: [ app_end ] --START--
INFO: Run Behavior\ShowPageTrace [ RunTime:0.015625s ]
INFO: [ app_end ] --END-- [ RunTime:0.015625s ]

[ 2016-07-04T14:19:22+08:00 ] 127.0.0.1 /onethink/index.php?s=/Home/Index/insertgoods
SQL: SHOW COLUMNS FROM `tea_goods` [ RunTime:0.000000s ]
SQL: SELECT * FROM `tea_goods` WHERE ( name like '%观音%' )  [ RunTime:0.000000s ]
INFO: [ app_end ] --START--
INFO: Run Behavior\ShowPageTrace [ RunTime:0.015625s ]
INFO: [ app_end ] --END-- [ RunTime:0.015625s ]

[ 2016-07-04T14:20:07+08:00 ] 127.0.0.1 /onethink/index.php?s=/Home/Index/insertgoods
SQL: SHOW COLUMNS FROM `tea_goods` [ RunTime:0.015625s ]
SQL: INSERT INTO `tea_goods` (`goodsid`,`name`,`imgUrl`,`preprice`,`curprice`,`stock`,`sales`,`createtime`,`status`,`priority`,`brief`,`category`,`unit`) VALUES (null,'普洱茶',null,150,120,120,150,1467613207,0,2,'good tea',null,'克') [ RunTime:0.000000s ]
INFO: [ app_end ] --START--
INFO: Run Behavior\ShowPageTrace [ RunTime:0.000000s ]
INFO: [ app_end ] --END-- [ RunTime:0.000000s ]

[ 2016-07-04T16:57:20+08:00 ] 127.0.0.1 /onethink/index.php?s=/Home/Index/insertgoods
SQL: SHOW COLUMNS FROM `tea_goods` [ RunTime:0.000000s ]
SQL: INSERT INTO `tea_goods` (`goodsid`,`name`,`imgUrl`,`preprice`,`curprice`,`stock`,`sales`,`createtime`,`status`,`priority`,`brief`,`category`,`unit`) VALUES (null,'菊花茶',null,150,120,120,150,1467622640,0,2,'good tea',null,'克') [ RunTime:0.000000s ]
INFO: [ app_end ] --START--
INFO: Run Behavior\ShowPageTrace [ RunTime:0.000000s ]
INFO: [ app_end ] --END-- [ RunTime:0.015625s ]

[ 2016-07-04T17:02:42+08:00 ] 127.0.0.1 /onethink/index.php?s=/Home/Index/insertbuyer
SQL: SHOW COLUMNS FROM `tea_buyer` [ RunTime:0.000000s ]
SQL: INSERT INTO `tea_buyer` (`buyerid`,`name`,`account`,`password`,`phone`,`gold`,`expenditure`,`level`) VALUES (10002,'买家1号',null,null,null,0,0,1) [ RunTime:0.000000s ]
INFO: [ app_end ] --START--
INFO: Run Behavior\ShowPageTrace [ RunTime:0.015625s ]
INFO: [ app_end ] --END-- [ RunTime:0.015625s ]

[ 2016-07-04T17:03:35+08:00 ] 127.0.0.1 /onethink/index.php?s=/Home/Index/insertbuyer
SQL: SHOW COLUMNS FROM `tea_buyer` [ RunTime:0.000000s ]
SQL: INSERT INTO `tea_buyer` (`buyerid`,`name`,`account`,`password`,`phone`,`gold`,`balance`,`expenditure`,`level`) VALUES (10002,'买家1号',null,null,null,0,0,0,1) [ RunTime:0.000000s ]
INFO: [ app_end ] --START--
INFO: Run Behavior\ShowPageTrace [ RunTime:0.000000s ]
INFO: [ app_end ] --END-- [ RunTime:0.000000s ]

[ 2016-07-04T17:04:08+08:00 ] 127.0.0.1 /onethink/index.php?s=/Home/Index/insertcoupon
SQL: SHOW COLUMNS FROM `tea_coupon` [ RunTime:0.015625s ]
SQL: INSERT INTO `tea_coupon` (`couponid`,`type`,`discount`,`disprice`,`starttime`,`deadline`,`status`,`usetime`,`overprice`) VALUES (10001,1,98,20,1467623048,1467623048,0,1467623048,100) [ RunTime:0.000000s ]
INFO: [ app_end ] --START--
INFO: Run Behavior\ShowPageTrace [ RunTime:0.000000s ]
INFO: [ app_end ] --END-- [ RunTime:0.000000s ]

[ 2016-07-04T17:18:42+08:00 ] 127.0.0.1 /onethink/index.php?s=/Home/Index/insertorder
SQL: SHOW COLUMNS FROM `tea_order` [ RunTime:0.000000s ]
ERR: Think\Model:_new_coupon_方法不存在！

[ 2016-07-04T17:18:54+08:00 ] 127.0.0.1 /onethink/index.php?s=/Home/Index/insertorder
SQL: SHOW COLUMNS FROM `tea_order` [ RunTime:0.000000s ]
SQL: INSERT INTO `tea_order` (`orderid`,`type`,`buyerid`,`couponid`,`createtime`,`deliverytime`,`receivetime`,`completetime`,`status`,`deliverymoney`) VALUES (10001,1,10002,10001,1467623934,1467623934,1467623934,1467623934,1,0) [ RunTime:0.000000s ]
INFO: [ app_end ] --START--
INFO: Run Behavior\ShowPageTrace [ RunTime:0.000000s ]
INFO: [ app_end ] --END-- [ RunTime:0.000000s ]

[ 2016-07-04T17:25:07+08:00 ] 127.0.0.1 /onethink/index.php?s=/Home/Index/insertordergoods
SQL: SHOW COLUMNS FROM `tea_order_goods` [ RunTime:0.000000s ]
SQL: INSERT INTO `tea_order_goods` (`goodsid`,`orderid`,`goodscount`) VALUES (1,10001,2) [ RunTime:0.000000s ]
SQL: INSERT INTO `tea_order_goods` (`goodsid`,`orderid`,`goodscount`) VALUES (2,10001,3) [ RunTime:0.000000s ]
INFO: [ app_end ] --START--
INFO: Run Behavior\ShowPageTrace [ RunTime:0.015625s ]
INFO: [ app_end ] --END-- [ RunTime:0.015625s ]

[ 2016-07-04T17:55:33+08:00 ] 127.0.0.1 /onethink/index.php?s=/Home/Index/getordermoney
SQL: SHOW COLUMNS FROM `tea_goods` [ RunTime:0.015625s ]
SQL: SHOW COLUMNS FROM `tea_order` [ RunTime:0.015625s ]
SQL: SHOW COLUMNS FROM `tea_coupon` [ RunTime:0.000000s ]
SQL: SHOW COLUMNS FROM `tea_order_goods` [ RunTime:0.015625s ]
SQL: SELECT `couponid`,`deliverymoney` FROM `tea_order` WHERE ( orderid=10001 )  [ RunTime:0.015625s ]
NOTIC: [8] Undefined index: deliverymoney E:\Vista\projects\onethink\Application\Home\Controller\IndexController.class.php 第 146 行.
NOTIC: [8] Undefined index: couponid E:\Vista\projects\onethink\Application\Home\Controller\IndexController.class.php 第 149 行.
INFO: [ app_end ] --START--
INFO: Run Behavior\ShowPageTrace [ RunTime:0.000000s ]
INFO: [ app_end ] --END-- [ RunTime:0.000000s ]

[ 2016-07-04T17:56:15+08:00 ] 127.0.0.1 /onethink/index.php?s=/Home/Index/getordermoney
SQL: SHOW COLUMNS FROM `tea_goods` [ RunTime:0.000000s ]
SQL: SHOW COLUMNS FROM `tea_order` [ RunTime:0.015625s ]
SQL: SHOW COLUMNS FROM `tea_coupon` [ RunTime:0.000000s ]
SQL: SHOW COLUMNS FROM `tea_order_goods` [ RunTime:0.015625s ]
SQL: SELECT `couponid`,`deliverymoney` FROM `tea_order` WHERE ( orderid=10001 )  [ RunTime:0.000000s ]
NOTIC: [8] Undefined index: deliverymoney E:\Vista\projects\onethink\Application\Home\Controller\IndexController.class.php 第 148 行.
NOTIC: [8] Undefined index: couponid E:\Vista\projects\onethink\Application\Home\Controller\IndexController.class.php 第 151 行.
INFO: [ app_end ] --START--
INFO: Run Behavior\ShowPageTrace [ RunTime:0.000000s ]
INFO: [ app_end ] --END-- [ RunTime:0.000000s ]

[ 2016-07-04T17:56:45+08:00 ] 127.0.0.1 /onethink/index.php?s=/Home/Index/getordermoney
SQL: SHOW COLUMNS FROM `tea_goods` [ RunTime:0.000000s ]
SQL: SHOW COLUMNS FROM `tea_order` [ RunTime:0.015625s ]
SQL: SHOW COLUMNS FROM `tea_coupon` [ RunTime:0.000000s ]
SQL: SHOW COLUMNS FROM `tea_order_goods` [ RunTime:0.015625s ]
SQL: SELECT `couponid`,`deliverymoney` FROM `tea_order` WHERE ( orderid=10001 )  [ RunTime:0.000000s ]
NOTIC: [8] Undefined index: couponid E:\Vista\projects\onethink\Application\Home\Controller\IndexController.class.php 第 151 行.
INFO: [ app_end ] --START--
INFO: Run Behavior\ShowPageTrace [ RunTime:0.000000s ]
INFO: [ app_end ] --END-- [ RunTime:0.000000s ]

[ 2016-07-04T17:57:13+08:00 ] 127.0.0.1 /onethink/index.php?s=/Home/Index/getordermoney
SQL: SHOW COLUMNS FROM `tea_goods` [ RunTime:0.000000s ]
SQL: SHOW COLUMNS FROM `tea_order` [ RunTime:0.015625s ]
SQL: SHOW COLUMNS FROM `tea_coupon` [ RunTime:0.000000s ]
SQL: SHOW COLUMNS FROM `tea_order_goods` [ RunTime:0.015625s ]
SQL: SELECT `couponid`,`deliverymoney` FROM `tea_order` WHERE ( orderid=10001 )  [ RunTime:0.000000s ]
SQL: SELECT `type`,`discount`,`disprice` FROM `tea_coupon` WHERE ( couponid = 10001 )  [ RunTime:0.000000s ]
NOTIC: [8] Undefined index: type E:\Vista\projects\onethink\Application\Home\Controller\IndexController.class.php 第 157 行.
INFO: [ app_end ] --START--
INFO: Run Behavior\ShowPageTrace [ RunTime:0.000000s ]
INFO: [ app_end ] --END-- [ RunTime:0.000000s ]

[ 2016-07-04T17:57:50+08:00 ] 127.0.0.1 /onethink/index.php?s=/Home/Index/getordermoney
SQL: SHOW COLUMNS FROM `tea_goods` [ RunTime:0.000000s ]
SQL: SHOW COLUMNS FROM `tea_order` [ RunTime:0.015625s ]
SQL: SHOW COLUMNS FROM `tea_coupon` [ RunTime:0.000000s ]
SQL: SHOW COLUMNS FROM `tea_order_goods` [ RunTime:0.015625s ]
SQL: SELECT `couponid`,`deliverymoney` FROM `tea_order` WHERE ( orderid=10001 )  [ RunTime:0.000000s ]
SQL: SELECT `type`,`discount`,`disprice` FROM `tea_coupon` WHERE ( couponid = 10001 )  [ RunTime:0.000000s ]
INFO: [ app_end ] --START--
INFO: Run Behavior\ShowPageTrace [ RunTime:0.000000s ]
INFO: [ app_end ] --END-- [ RunTime:0.000000s ]

[ 2016-07-04T17:58:45+08:00 ] 127.0.0.1 /onethink/index.php?s=/Home/Index/getordermoney
SQL: SHOW COLUMNS FROM `tea_goods` [ RunTime:0.015625s ]
SQL: SHOW COLUMNS FROM `tea_order` [ RunTime:0.000000s ]
SQL: SHOW COLUMNS FROM `tea_coupon` [ RunTime:0.015625s ]
SQL: SHOW COLUMNS FROM `tea_order_goods` [ RunTime:0.015625s ]
SQL: SELECT `couponid`,`deliverymoney` FROM `tea_order` WHERE ( orderid=10001 )  [ RunTime:0.000000s ]
SQL: SELECT `type`,`discount`,`disprice` FROM `tea_coupon` WHERE ( couponid = 10001 )  [ RunTime:0.000000s ]
SQL: SELECT `goodsid`,`goodscount` FROM `tea_order_goods` WHERE ( orderid=10001 )  [ RunTime:0.000000s ]
ERR: Think\Model:filed方法不存在！

[ 2016-07-04T17:59:58+08:00 ] 127.0.0.1 /onethink/index.php?s=/Home/Index/getordermoney
SQL: SHOW COLUMNS FROM `tea_goods` [ RunTime:0.015625s ]
SQL: SHOW COLUMNS FROM `tea_order` [ RunTime:0.000000s ]
SQL: SHOW COLUMNS FROM `tea_coupon` [ RunTime:0.015625s ]
SQL: SHOW COLUMNS FROM `tea_order_goods` [ RunTime:0.000000s ]
SQL: SELECT `couponid`,`deliverymoney` FROM `tea_order` WHERE ( orderid=10001 )  [ RunTime:0.000000s ]
SQL: SELECT `type`,`discount`,`disprice` FROM `tea_coupon` WHERE ( couponid = 10001 )  [ RunTime:0.000000s ]
SQL: SELECT `goodsid`,`goodscount` FROM `tea_order_goods` WHERE ( orderid=10001 )  [ RunTime:0.000000s ]
ERR: Think\Model:filed方法不存在！

[ 2016-07-04T18:01:26+08:00 ] 127.0.0.1 /onethink/index.php?s=/Home/Index/getordermoney
SQL: SHOW COLUMNS FROM `tea_goods` [ RunTime:0.015625s ]
SQL: SHOW COLUMNS FROM `tea_order` [ RunTime:0.000000s ]
SQL: SHOW COLUMNS FROM `tea_coupon` [ RunTime:0.015625s ]
SQL: SHOW COLUMNS FROM `tea_order_goods` [ RunTime:0.000000s ]
SQL: SELECT `couponid`,`deliverymoney` FROM `tea_order` WHERE ( orderid=10001 )  [ RunTime:0.000000s ]
SQL: SELECT `type`,`discount`,`disprice` FROM `tea_coupon` WHERE ( couponid = 10001 )  [ RunTime:0.000000s ]
SQL: SELECT `goodsid`,`goodscount` FROM `tea_order_goods` WHERE ( orderid=10001 )  [ RunTime:0.000000s ]
SQL: SELECT `curprice` FROM `tea_goods` WHERE ( goodsid = 1 )  [ RunTime:0.000000s ]
SQL: SELECT `curprice` FROM `tea_goods` WHERE ( goodsid = 1 )  [ RunTime:0.000000s ]
INFO: [ app_end ] --START--
INFO: Run Behavior\ShowPageTrace [ RunTime:0.000000s ]
INFO: [ app_end ] --END-- [ RunTime:0.000000s ]

[ 2016-07-04T18:02:41+08:00 ] 127.0.0.1 /onethink/index.php?s=/Home/Index/getordermoney
SQL: SHOW COLUMNS FROM `tea_goods` [ RunTime:0.015625s ]
SQL: SHOW COLUMNS FROM `tea_order` [ RunTime:0.000000s ]
SQL: SHOW COLUMNS FROM `tea_coupon` [ RunTime:0.015625s ]
SQL: SHOW COLUMNS FROM `tea_order_goods` [ RunTime:0.000000s ]
SQL: SELECT `couponid`,`deliverymoney` FROM `tea_order` WHERE ( orderid=10001 )  [ RunTime:0.000000s ]
SQL: SELECT `type`,`discount`,`disprice` FROM `tea_coupon` WHERE ( couponid = 10001 )  [ RunTime:0.000000s ]
SQL: SELECT `goodsid`,`goodscount` FROM `tea_order_goods` WHERE ( orderid=10001 )  [ RunTime:0.000000s ]
SQL: SELECT `curprice` FROM `tea_goods` WHERE ( goodsid = 1 )  [ RunTime:0.000000s ]
SQL: SELECT `curprice` FROM `tea_goods` WHERE ( goodsid = 2 )  [ RunTime:0.000000s ]
INFO: [ app_end ] --START--
INFO: Run Behavior\ShowPageTrace [ RunTime:0.000000s ]
INFO: [ app_end ] --END-- [ RunTime:0.000000s ]

[ 2016-07-04T18:03:18+08:00 ] 127.0.0.1 /onethink/index.php?s=/Home/Index/getordermoney
SQL: SHOW COLUMNS FROM `tea_goods` [ RunTime:0.000000s ]
SQL: SHOW COLUMNS FROM `tea_order` [ RunTime:0.015625s ]
SQL: SHOW COLUMNS FROM `tea_coupon` [ RunTime:0.000000s ]
SQL: SHOW COLUMNS FROM `tea_order_goods` [ RunTime:0.015625s ]
SQL: SELECT `couponid`,`deliverymoney` FROM `tea_order` WHERE ( orderid=10001 )  [ RunTime:0.000000s ]
SQL: SELECT `type`,`discount`,`disprice` FROM `tea_coupon` WHERE ( couponid = 10001 )  [ RunTime:0.000000s ]
SQL: SELECT `goodsid`,`goodscount` FROM `tea_order_goods` WHERE ( orderid=10001 )  [ RunTime:0.000000s ]
SQL: SELECT `curprice` FROM `tea_goods` WHERE ( goodsid = 1 )  [ RunTime:0.000000s ]
SQL: SELECT `curprice` FROM `tea_goods` WHERE ( goodsid = 2 )  [ RunTime:0.000000s ]
INFO: [ app_end ] --START--
INFO: Run Behavior\ShowPageTrace [ RunTime:0.015625s ]
INFO: [ app_end ] --END-- [ RunTime:0.015625s ]

[ 2016-07-04T18:03:55+08:00 ] 127.0.0.1 /onethink/index.php?s=/Home/Index/getordermoney
SQL: SHOW COLUMNS FROM `tea_goods` [ RunTime:0.000000s ]
SQL: SHOW COLUMNS FROM `tea_order` [ RunTime:0.000000s ]
SQL: SHOW COLUMNS FROM `tea_coupon` [ RunTime:0.000000s ]
SQL: SHOW COLUMNS FROM `tea_order_goods` [ RunTime:0.000000s ]
SQL: SELECT `couponid`,`deliverymoney` FROM `tea_order` WHERE ( orderid=10001 )  [ RunTime:0.000000s ]
SQL: SELECT `type`,`discount`,`disprice` FROM `tea_coupon` WHERE ( couponid = 10001 )  [ RunTime:0.000000s ]
SQL: SELECT `goodsid`,`goodscount` FROM `tea_order_goods` WHERE ( orderid=10001 )  [ RunTime:0.000000s ]
SQL: SELECT `curprice` FROM `tea_goods` WHERE ( goodsid = 1 )  [ RunTime:0.000000s ]
SQL: SELECT `curprice` FROM `tea_goods` WHERE ( goodsid = 2 )  [ RunTime:0.000000s ]
INFO: [ app_end ] --START--
INFO: Run Behavior\ShowPageTrace [ RunTime:0.000000s ]
INFO: [ app_end ] --END-- [ RunTime:0.000000s ]

[ 2016-07-04T18:04:12+08:00 ] 127.0.0.1 /onethink/index.php?s=/Home/Index/getordermoney
SQL: SHOW COLUMNS FROM `tea_goods` [ RunTime:0.000000s ]
SQL: SHOW COLUMNS FROM `tea_order` [ RunTime:0.015625s ]
SQL: SHOW COLUMNS FROM `tea_coupon` [ RunTime:0.000000s ]
SQL: SHOW COLUMNS FROM `tea_order_goods` [ RunTime:0.015625s ]
SQL: SELECT `couponid`,`deliverymoney` FROM `tea_order` WHERE ( orderid=10001 )  [ RunTime:0.000000s ]
SQL: SELECT `type`,`discount`,`disprice` FROM `tea_coupon` WHERE ( couponid = 10001 )  [ RunTime:0.000000s ]
SQL: SELECT `goodsid`,`goodscount` FROM `tea_order_goods` WHERE ( orderid=10001 )  [ RunTime:0.000000s ]
SQL: SELECT `curprice` FROM `tea_goods` WHERE ( goodsid = 1 )  [ RunTime:0.000000s ]
SQL: SELECT `curprice` FROM `tea_goods` WHERE ( goodsid = 2 )  [ RunTime:0.000000s ]
INFO: [ app_end ] --START--
INFO: Run Behavior\ShowPageTrace [ RunTime:0.000000s ]
INFO: [ app_end ] --END-- [ RunTime:0.000000s ]

[ 2016-07-04T18:04:39+08:00 ] 127.0.0.1 /onethink/index.php?s=/Home/Index/getordermoney
SQL: SHOW COLUMNS FROM `tea_goods` [ RunTime:0.000000s ]
SQL: SHOW COLUMNS FROM `tea_order` [ RunTime:0.015625s ]
SQL: SHOW COLUMNS FROM `tea_coupon` [ RunTime:0.000000s ]
SQL: SHOW COLUMNS FROM `tea_order_goods` [ RunTime:0.000000s ]
SQL: SELECT `couponid`,`deliverymoney` FROM `tea_order` WHERE ( orderid=10001 )  [ RunTime:0.000000s ]
SQL: SELECT `type`,`discount`,`disprice` FROM `tea_coupon` WHERE ( couponid = 10001 )  [ RunTime:0.000000s ]
SQL: SELECT `goodsid`,`goodscount` FROM `tea_order_goods` WHERE ( orderid=10001 )  [ RunTime:0.000000s ]
SQL: SELECT `curprice` FROM `tea_goods` WHERE ( goodsid = 1 )  [ RunTime:0.000000s ]
SQL: SELECT `curprice` FROM `tea_goods` WHERE ( goodsid = 2 )  [ RunTime:0.000000s ]
INFO: [ app_end ] --START--
INFO: Run Behavior\ShowPageTrace [ RunTime:0.000000s ]
INFO: [ app_end ] --END-- [ RunTime:0.000000s ]

[ 2016-07-04T18:06:32+08:00 ] 127.0.0.1 /onethink/index.php?s=/Home/Index/getordermoney
SQL: SHOW COLUMNS FROM `tea_goods` [ RunTime:0.000000s ]
SQL: SHOW COLUMNS FROM `tea_order` [ RunTime:0.015625s ]
SQL: SHOW COLUMNS FROM `tea_coupon` [ RunTime:0.000000s ]
SQL: SHOW COLUMNS FROM `tea_order_goods` [ RunTime:0.015625s ]
SQL: SELECT `couponid`,`deliverymoney` FROM `tea_order` WHERE ( orderid=10001 )  [ RunTime:0.000000s ]
SQL: SELECT `type`,`discount`,`disprice` FROM `tea_coupon` WHERE ( couponid = 10001 )  [ RunTime:0.000000s ]
SQL: SELECT `goodsid`,`goodscount` FROM `tea_order_goods` WHERE ( orderid=10001 )  [ RunTime:0.000000s ]
SQL: SELECT `curprice` FROM `tea_goods` WHERE ( goodsid = 1 )  [ RunTime:0.000000s ]
SQL: SELECT `curprice` FROM `tea_goods` WHERE ( goodsid = 2 )  [ RunTime:0.000000s ]
INFO: [ app_end ] --START--
INFO: Run Behavior\ShowPageTrace [ RunTime:0.000000s ]
INFO: [ app_end ] --END-- [ RunTime:0.000000s ]

[ 2016-07-04T18:08:45+08:00 ] 127.0.0.1 /onethink/index.php?s=/Home/Index/getordermoney
ERR: 参数错误或者未定义:orderid

[ 2016-07-04T18:08:55+08:00 ] 127.0.0.1 /onethink/index.php?s=/Home/Index/index.html
SQL: SHOW COLUMNS FROM `wx_category` [ RunTime:0.000000s ]
SQL: SELECT `id`,`name`,`title`,`pid`,`sort`,`list_row`,`meta_title`,`keywords`,`description`,`template_index`,`template_lists`,`template_detail`,`template_edit`,`model`,`type`,`link_id`,`allow_publish`,`display`,`reply`,`check`,`reply_model`,`extend`,`create_time`,`update_time`,`status`,`icon` FROM `wx_category` WHERE ( `status` = 1 ) ORDER BY sort  [ RunTime:0.000000s ]
SQL: SHOW COLUMNS FROM `wx_document` [ RunTime:0.000000s ]
SQL: SELECT `id`,`uid`,`name`,`title`,`category_id`,`description`,`root`,`pid`,`model_id`,`type`,`position`,`link_id`,`cover_id`,`display`,`deadline`,`attach`,`view`,`comment`,`extend`,`level`,`create_time`,`update_time`,`status` FROM `wx_document` WHERE ( `status` = 1 ) AND ( `pid` = 0 ) AND ( `create_time` < 1467626935 ) AND ( deadline = 0 OR deadline > 1467626935 ) ORDER BY `id` DESC  [ RunTime:0.000000s ]
INFO: [ view_parse ] --START--
INFO: [ template_filter ] --START--
INFO: Run Behavior\ContentReplace [ RunTime:0.015625s ]
INFO: [ template_filter ] --END-- [ RunTime:0.015625s ]
SQL: SHOW COLUMNS FROM `wx_channel` [ RunTime:0.000000s ]
SQL: SELECT `id`,`pid`,`title`,`url`,`sort`,`create_time`,`update_time`,`status`,`target` FROM `wx_channel` WHERE ( status=1 ) ORDER BY sort  [ RunTime:0.000000s ]
SQL: SELECT `id`,`name`,`title`,`pid`,`sort`,`list_row`,`meta_title`,`keywords`,`description`,`template_index`,`template_lists`,`template_detail`,`template_edit`,`model`,`type`,`link_id`,`allow_publish`,`display`,`reply`,`check`,`reply_model`,`extend`,`create_time`,`update_time`,`status`,`icon` FROM `wx_category` WHERE ( `id` = 1 ) LIMIT 1   [ RunTime:0.000000s ]
SQL: SELECT `id`,`name`,`pid`,`title`,`link_id` FROM `wx_category` WHERE ( `status` = 1 ) ORDER BY sort  [ RunTime:0.000000s ]
INFO: [ view_parse ] --START--
INFO: [ template_filter ] --START--
INFO: Run Behavior\ContentReplace [ RunTime:0.000000s ]
INFO: [ template_filter ] --END-- [ RunTime:-0.046875s ]
INFO: Run Behavior\ParseTemplate [ RunTime:0.015625s ]
INFO: [ view_parse ] --END-- [ RunTime:0.015625s ]
INFO: [ view_filter ] --START--
INFO: Run Behavior\WriteHtmlCache [ RunTime:0.000000s ]
INFO: [ view_filter ] --END-- [ RunTime:0.000000s ]
SQL: SELECT `id`,`name`,`title`,`pid`,`sort`,`list_row`,`meta_title`,`keywords`,`description`,`template_index`,`template_lists`,`template_detail`,`template_edit`,`model`,`type`,`link_id`,`allow_publish`,`display`,`reply`,`check`,`reply_model`,`extend`,`create_time`,`update_time`,`status`,`icon` FROM `wx_category` WHERE ( `id` = 1 ) LIMIT 1   [ RunTime:0.000000s ]
SQL: SELECT `id`,`name`,`pid`,`title`,`link_id` FROM `wx_category` WHERE ( `status` = 1 ) ORDER BY sort  [ RunTime:0.000000s ]
SQL: SELECT `id`,`uid`,`name`,`title`,`category_id`,`description`,`root`,`pid`,`model_id`,`type`,`position`,`link_id`,`cover_id`,`display`,`deadline`,`attach`,`view`,`comment`,`extend`,`level`,`create_time`,`update_time`,`status` FROM `wx_document` WHERE ( `status` = 1 ) AND ( `pid` = 0 ) AND ( `category_id` = 2 ) AND ( `create_time` < 1467626935 ) AND ( deadline = 0 OR deadline > 1467626935 ) ORDER BY `level` DESC,`id` DESC LIMIT 0,10   [ RunTime:0.000000s ]
INFO: Run Behavior\ParseTemplate [ RunTime:0.031250s ]
INFO: [ view_parse ] --END-- [ RunTime:0.015625s ]
INFO: [ view_filter ] --START--
INFO: Run Behavior\WriteHtmlCache [ RunTime:0.000000s ]
INFO: [ view_filter ] --END-- [ RunTime:-0.015625s ]
INFO: [ app_end ] --START--
INFO: Run Behavior\ShowPageTrace [ RunTime:0.015625s ]
INFO: [ app_end ] --END-- [ RunTime:0.015625s ]

[ 2016-07-04T18:08:58+08:00 ] 127.0.0.1 /onethink/index.php?s=/Home/Index/getordermoney
ERR: 参数错误或者未定义:orderid

[ 2016-07-04T18:09:33+08:00 ] 127.0.0.1 /onethink/index.php?s=/Home/Index/getordermoney
SQL: SHOW COLUMNS FROM `tea_goods` [ RunTime:0.000000s ]
SQL: SHOW COLUMNS FROM `tea_order` [ RunTime:0.000000s ]
SQL: SHOW COLUMNS FROM `tea_coupon` [ RunTime:0.015625s ]
SQL: SHOW COLUMNS FROM `tea_order_goods` [ RunTime:0.000000s ]
SQL: SELECT `couponid`,`deliverymoney` FROM `tea_order` WHERE ( orderid=10001 )  [ RunTime:0.000000s ]
SQL: SELECT `type`,`discount`,`disprice` FROM `tea_coupon` WHERE ( couponid = 10001 )  [ RunTime:0.000000s ]
SQL: SELECT `goodsid`,`goodscount` FROM `tea_order_goods` WHERE ( orderid=10001 )  [ RunTime:0.000000s ]
SQL: SELECT `curprice` FROM `tea_goods` WHERE ( goodsid = 1 )  [ RunTime:0.000000s ]
SQL: SELECT `curprice` FROM `tea_goods` WHERE ( goodsid = 2 )  [ RunTime:0.000000s ]
INFO: [ app_end ] --START--
INFO: Run Behavior\ShowPageTrace [ RunTime:0.000000s ]
INFO: [ app_end ] --END-- [ RunTime:0.000000s ]

[ 2016-07-04T18:11:47+08:00 ] 127.0.0.1 /onethink/index.php?s=/Home/Index/money
SQL: SHOW COLUMNS FROM `tea_goods` [ RunTime:0.015625s ]
SQL: SHOW COLUMNS FROM `tea_order` [ RunTime:0.015625s ]
SQL: SHOW COLUMNS FROM `tea_coupon` [ RunTime:0.000000s ]
SQL: SHOW COLUMNS FROM `tea_order_goods` [ RunTime:0.015625s ]
SQL: SELECT `couponid`,`deliverymoney` FROM `tea_order` WHERE ( orderid=10001 )  [ RunTime:0.000000s ]
SQL: SELECT `type`,`discount`,`disprice` FROM `tea_coupon` WHERE ( couponid = 10001 )  [ RunTime:0.000000s ]
SQL: SELECT `goodsid`,`goodscount` FROM `tea_order_goods` WHERE ( orderid=10001 )  [ RunTime:0.000000s ]
SQL: SELECT `curprice` FROM `tea_goods` WHERE ( goodsid = 1 )  [ RunTime:0.000000s ]
SQL: SELECT `curprice` FROM `tea_goods` WHERE ( goodsid = 2 )  [ RunTime:0.000000s ]
INFO: [ app_end ] --START--
INFO: Run Behavior\ShowPageTrace [ RunTime:0.000000s ]
INFO: [ app_end ] --END-- [ RunTime:0.000000s ]

[ 2016-07-04T18:12:06+08:00 ] 127.0.0.1 /onethink/index.php?s=/Home/Index/money
SQL: SHOW COLUMNS FROM `tea_goods` [ RunTime:0.000000s ]
SQL: SHOW COLUMNS FROM `tea_order` [ RunTime:0.015625s ]
SQL: SHOW COLUMNS FROM `tea_coupon` [ RunTime:0.000000s ]
SQL: SHOW COLUMNS FROM `tea_order_goods` [ RunTime:0.015625s ]
SQL: SELECT `couponid`,`deliverymoney` FROM `tea_order` WHERE ( orderid=10002 )  [ RunTime:0.000000s ]
SQL: SELECT `goodsid`,`goodscount` FROM `tea_order_goods` WHERE ( orderid=10002 )  [ RunTime:0.000000s ]
INFO: [ app_end ] --START--
INFO: Run Behavior\ShowPageTrace [ RunTime:0.000000s ]
INFO: [ app_end ] --END-- [ RunTime:0.000000s ]

[ 2016-07-04T18:13:19+08:00 ] 127.0.0.1 /onethink/index.php?s=/Home/Index/money
SQL: SHOW COLUMNS FROM `tea_goods` [ RunTime:0.000000s ]
SQL: SHOW COLUMNS FROM `tea_order` [ RunTime:0.000000s ]
SQL: SHOW COLUMNS FROM `tea_coupon` [ RunTime:0.015625s ]
SQL: SHOW COLUMNS FROM `tea_order_goods` [ RunTime:0.000000s ]
SQL: SELECT `couponid`,`deliverymoney` FROM `tea_order` WHERE ( orderid=10002 )  [ RunTime:0.000000s ]
INFO: [ app_end ] --START--
INFO: Run Behavior\ShowPageTrace [ RunTime:0.000000s ]
INFO: [ app_end ] --END-- [ RunTime:0.000000s ]

[ 2016-07-04T18:13:36+08:00 ] 127.0.0.1 /onethink/index.php?s=/Home/Index/money
SQL: SHOW COLUMNS FROM `tea_goods` [ RunTime:0.000000s ]
SQL: SHOW COLUMNS FROM `tea_order` [ RunTime:0.015625s ]
SQL: SHOW COLUMNS FROM `tea_coupon` [ RunTime:0.000000s ]
SQL: SHOW COLUMNS FROM `tea_order_goods` [ RunTime:0.000000s ]
SQL: SELECT `couponid`,`deliverymoney` FROM `tea_order` WHERE ( orderid=10001 )  [ RunTime:0.000000s ]
SQL: SELECT `type`,`discount`,`disprice` FROM `tea_coupon` WHERE ( couponid = 10001 )  [ RunTime:0.000000s ]
SQL: SELECT `goodsid`,`goodscount` FROM `tea_order_goods` WHERE ( orderid=10001 )  [ RunTime:0.000000s ]
SQL: SELECT `curprice` FROM `tea_goods` WHERE ( goodsid = 1 )  [ RunTime:0.000000s ]
SQL: SELECT `curprice` FROM `tea_goods` WHERE ( goodsid = 2 )  [ RunTime:0.000000s ]
INFO: [ app_end ] --START--
INFO: Run Behavior\ShowPageTrace [ RunTime:0.000000s ]
INFO: [ app_end ] --END-- [ RunTime:0.000000s ]

[ 2016-07-04T18:14:33+08:00 ] 127.0.0.1 /onethink/index.php?s=/Home/Index/money
SQL: SHOW COLUMNS FROM `tea_goods` [ RunTime:0.000000s ]
SQL: SHOW COLUMNS FROM `tea_order` [ RunTime:0.000000s ]
SQL: SHOW COLUMNS FROM `tea_coupon` [ RunTime:0.015625s ]
SQL: SHOW COLUMNS FROM `tea_order_goods` [ RunTime:0.000000s ]
SQL: SELECT `couponid`,`deliverymoney` FROM `tea_order` WHERE ( orderid=10001 )  [ RunTime:0.000000s ]
SQL: SELECT `type`,`discount`,`disprice` FROM `tea_coupon` WHERE ( couponid = 10001 )  [ RunTime:0.000000s ]
SQL: SELECT `goodsid`,`goodscount` FROM `tea_order_goods` WHERE ( orderid=10001 )  [ RunTime:0.000000s ]
SQL: SELECT `curprice` FROM `tea_goods` WHERE ( goodsid = 1 )  [ RunTime:0.015625s ]
SQL: SELECT `curprice` FROM `tea_goods` WHERE ( goodsid = 2 )  [ RunTime:0.000000s ]
INFO: [ app_end ] --START--
INFO: Run Behavior\ShowPageTrace [ RunTime:0.000000s ]
INFO: [ app_end ] --END-- [ RunTime:0.000000s ]

[ 2016-07-04T18:21:05+08:00 ] 127.0.0.1 /onethink/index.php?s=/Home/Index/money
SQL: SHOW COLUMNS FROM `tea_goods` [ RunTime:0.015625s ]
SQL: SHOW COLUMNS FROM `tea_order` [ RunTime:0.000000s ]
SQL: SHOW COLUMNS FROM `tea_coupon` [ RunTime:0.015625s ]
SQL: SHOW COLUMNS FROM `tea_order_goods` [ RunTime:0.000000s ]
SQL: SELECT `couponid`,`deliverymoney` FROM `tea_order` WHERE ( orderid=10001 ) LIMIT 1   [ RunTime:0.000000s ]
NOTIC: [8] Undefined offset: 0 E:\Vista\projects\onethink\Application\Home\Controller\IndexController.class.php 第 154 行.
NOTIC: [8] Undefined offset: 0 E:\Vista\projects\onethink\Application\Home\Controller\IndexController.class.php 第 159 行.
INFO: [ app_end ] --START--
INFO: Run Behavior\ShowPageTrace [ RunTime:0.000000s ]
INFO: [ app_end ] --END-- [ RunTime:0.000000s ]

[ 2016-07-04T18:21:25+08:00 ] 127.0.0.1 /onethink/index.php?s=/Home/Index/money
SQL: SHOW COLUMNS FROM `tea_goods` [ RunTime:0.000000s ]
SQL: SHOW COLUMNS FROM `tea_order` [ RunTime:0.015625s ]
SQL: SHOW COLUMNS FROM `tea_coupon` [ RunTime:0.000000s ]
SQL: SHOW COLUMNS FROM `tea_order_goods` [ RunTime:0.015625s ]
SQL: SELECT `couponid`,`deliverymoney` FROM `tea_order` WHERE ( orderid=10001 )  [ RunTime:0.000000s ]
SQL: SELECT `type`,`discount`,`disprice` FROM `tea_coupon` WHERE ( couponid = 10001 )  [ RunTime:0.000000s ]
SQL: SELECT `goodsid`,`goodscount` FROM `tea_order_goods` WHERE ( orderid=10001 )  [ RunTime:0.000000s ]
SQL: SELECT `curprice` FROM `tea_goods` WHERE ( goodsid = 1 )  [ RunTime:0.000000s ]
SQL: SELECT `curprice` FROM `tea_goods` WHERE ( goodsid = 2 )  [ RunTime:0.000000s ]
INFO: [ app_end ] --START--
INFO: Run Behavior\ShowPageTrace [ RunTime:0.015625s ]
INFO: [ app_end ] --END-- [ RunTime:0.015625s ]

[ 2016-07-04T18:21:45+08:00 ] 127.0.0.1 /onethink/index.php?s=/Home/Index/money
SQL: SHOW COLUMNS FROM `tea_goods` [ RunTime:0.015625s ]
SQL: SHOW COLUMNS FROM `tea_order` [ RunTime:0.000000s ]
SQL: SHOW COLUMNS FROM `tea_coupon` [ RunTime:0.000000s ]
SQL: SHOW COLUMNS FROM `tea_order_goods` [ RunTime:0.000000s ]
SQL: SELECT `couponid`,`deliverymoney` FROM `tea_order` WHERE ( orderid=10001 ) LIMIT 1   [ RunTime:0.015625s ]
SQL: SELECT `type`,`discount`,`disprice` FROM `tea_coupon` WHERE ( couponid = 10001 )  [ RunTime:0.000000s ]
SQL: SELECT `goodsid`,`goodscount` FROM `tea_order_goods` WHERE ( orderid=10001 )  [ RunTime:0.000000s ]
SQL: SELECT `curprice` FROM `tea_goods` WHERE ( goodsid = 1 )  [ RunTime:0.000000s ]
SQL: SELECT `curprice` FROM `tea_goods` WHERE ( goodsid = 2 )  [ RunTime:0.000000s ]
INFO: [ app_end ] --START--
INFO: Run Behavior\ShowPageTrace [ RunTime:0.000000s ]
INFO: [ app_end ] --END-- [ RunTime:0.000000s ]

[ 2016-07-04T18:23:10+08:00 ] 127.0.0.1 /onethink/index.php?s=/Home/Index/money
SQL: SHOW COLUMNS FROM `tea_goods` [ RunTime:0.000000s ]
SQL: SHOW COLUMNS FROM `tea_order` [ RunTime:0.000000s ]
SQL: SHOW COLUMNS FROM `tea_coupon` [ RunTime:0.000000s ]
SQL: SHOW COLUMNS FROM `tea_order_goods` [ RunTime:0.000000s ]
SQL: SELECT `couponid`,`deliverymoney` FROM `tea_order` WHERE ( orderid=10001 ) LIMIT 1   [ RunTime:0.000000s ]
SQL: SELECT `type`,`discount`,`disprice` FROM `tea_coupon` WHERE ( couponid = 10001 ) LIMIT 1   [ RunTime:0.000000s ]
SQL: SELECT `goodsid`,`goodscount` FROM `tea_order_goods` WHERE ( orderid=10001 )  [ RunTime:0.000000s ]
SQL: SELECT `curprice` FROM `tea_goods` WHERE ( goodsid = 1 ) LIMIT 1   [ RunTime:0.000000s ]
SQL: SELECT `curprice` FROM `tea_goods` WHERE ( goodsid = 2 ) LIMIT 1   [ RunTime:0.000000s ]
INFO: [ app_end ] --START--
INFO: Run Behavior\ShowPageTrace [ RunTime:0.000000s ]
INFO: [ app_end ] --END-- [ RunTime:0.000000s ]

[ 2016-07-04T18:24:12+08:00 ] 127.0.0.1 /onethink/index.php?s=/Home/Index/money
SQL: SHOW COLUMNS FROM `tea_goods` [ RunTime:0.000000s ]
SQL: SHOW COLUMNS FROM `tea_order` [ RunTime:0.015625s ]
SQL: SHOW COLUMNS FROM `tea_coupon` [ RunTime:0.000000s ]
SQL: SHOW COLUMNS FROM `tea_order_goods` [ RunTime:0.000000s ]
SQL: SELECT `couponid`,`deliverymoney` FROM `tea_order` WHERE ( orderid=10001 ) LIMIT 1   [ RunTime:0.000000s ]
SQL: SELECT `type`,`discount`,`disprice` FROM `tea_coupon` WHERE ( couponid = 10001 ) LIMIT 1   [ RunTime:0.000000s ]
SQL: SELECT `goodsid`,`goodscount` FROM `tea_order_goods` WHERE ( orderid=10001 )  [ RunTime:0.000000s ]
SQL: SELECT `curprice` FROM `tea_goods` WHERE ( goodsid = 1 ) LIMIT 1   [ RunTime:0.000000s ]
SQL: SELECT `curprice` FROM `tea_goods` WHERE ( goodsid = 2 ) LIMIT 1   [ RunTime:0.000000s ]
INFO: [ app_end ] --START--
INFO: Run Behavior\ShowPageTrace [ RunTime:0.000000s ]
INFO: [ app_end ] --END-- [ RunTime:0.000000s ]

[ 2016-07-04T18:27:42+08:00 ] 127.0.0.1 /onethink/index.php?s=/Home/Index/money
SQL: SHOW COLUMNS FROM `tea_goods` [ RunTime:0.000000s ]
SQL: SHOW COLUMNS FROM `tea_order` [ RunTime:0.015625s ]
SQL: SHOW COLUMNS FROM `tea_coupon` [ RunTime:0.000000s ]
SQL: SHOW COLUMNS FROM `tea_order_goods` [ RunTime:0.015625s ]
SQL: SELECT `couponid`,`deliverymoney` FROM `tea_order` WHERE ( orderid=10001 ) LIMIT 1   [ RunTime:0.000000s ]
SQL: SELECT `type`,`discount`,`disprice` FROM `tea_coupon` WHERE ( couponid = 10001 ) LIMIT 1   [ RunTime:0.000000s ]
SQL: SELECT `goodsid`,`goodscount` FROM `tea_order_goods` WHERE ( orderid=10001 )  [ RunTime:0.000000s ]
SQL: SELECT `curprice` FROM `tea_goods` WHERE ( goodsid = 1 ) LIMIT 1   [ RunTime:0.000000s ]
SQL: SELECT `curprice` FROM `tea_goods` WHERE ( goodsid = 2 ) LIMIT 1   [ RunTime:0.000000s ]
INFO: [ app_end ] --START--
INFO: Run Behavior\ShowPageTrace [ RunTime:0.000000s ]
INFO: [ app_end ] --END-- [ RunTime:0.015625s ]

[ 2016-07-04T18:28:32+08:00 ] 127.0.0.1 /onethink/index.php?s=/Home/Index/money
SQL: SHOW COLUMNS FROM `tea_goods` [ RunTime:0.000000s ]
SQL: SHOW COLUMNS FROM `tea_order` [ RunTime:0.000000s ]
SQL: SHOW COLUMNS FROM `tea_coupon` [ RunTime:0.015625s ]
SQL: SHOW COLUMNS FROM `tea_order_goods` [ RunTime:0.000000s ]
SQL: SELECT `couponid`,`deliverymoney` FROM `tea_order` WHERE ( orderid=10001 ) LIMIT 1   [ RunTime:0.000000s ]
SQL: SELECT `type`,`discount`,`disprice` FROM `tea_coupon` WHERE ( couponid = 10001 ) LIMIT 1   [ RunTime:0.000000s ]
SQL: SELECT `goodsid`,`goodscount` FROM `tea_order_goods` WHERE ( orderid=10001 )  [ RunTime:0.000000s ]
SQL: SELECT `curprice` FROM `tea_goods` WHERE ( goodsid = 1 ) LIMIT 1   [ RunTime:0.015625s ]
SQL: SELECT `curprice` FROM `tea_goods` WHERE ( goodsid = 2 ) LIMIT 1   [ RunTime:0.000000s ]
INFO: [ app_end ] --START--
INFO: Run Behavior\ShowPageTrace [ RunTime:0.000000s ]
INFO: [ app_end ] --END-- [ RunTime:0.000000s ]

[ 2016-07-04T18:32:10+08:00 ] 127.0.0.1 /onethink/index.php?s=/Home/Index/money
SQL: SHOW COLUMNS FROM `tea_goods` [ RunTime:0.015625s ]
SQL: SHOW COLUMNS FROM `tea_order` [ RunTime:0.000000s ]
SQL: SHOW COLUMNS FROM `tea_coupon` [ RunTime:0.015625s ]
SQL: SHOW COLUMNS FROM `tea_order_goods` [ RunTime:0.000000s ]
SQL: SELECT `couponid`,`deliverymoney` FROM `tea_order` WHERE ( orderid=10002 ) LIMIT 1   [ RunTime:0.000000s ]
INFO: [ app_end ] --START--
INFO: Run Behavior\ShowPageTrace [ RunTime:0.000000s ]
INFO: [ app_end ] --END-- [ RunTime:0.000000s ]

[ 2016-07-04T18:32:15+08:00 ] 127.0.0.1 /onethink/index.php?s=/Home/Index/money
SQL: SHOW COLUMNS FROM `tea_goods` [ RunTime:0.000000s ]
SQL: SHOW COLUMNS FROM `tea_order` [ RunTime:0.015625s ]
SQL: SHOW COLUMNS FROM `tea_coupon` [ RunTime:0.000000s ]
SQL: SHOW COLUMNS FROM `tea_order_goods` [ RunTime:0.015625s ]
SQL: SELECT `couponid`,`deliverymoney` FROM `tea_order` WHERE ( orderid=10001 ) LIMIT 1   [ RunTime:0.000000s ]
SQL: SELECT `type`,`discount`,`disprice` FROM `tea_coupon` WHERE ( couponid = 10001 ) LIMIT 1   [ RunTime:0.000000s ]
SQL: SELECT `goodsid`,`goodscount` FROM `tea_order_goods` WHERE ( orderid=10001 )  [ RunTime:0.000000s ]
SQL: SELECT `curprice` FROM `tea_goods` WHERE ( goodsid = 1 ) LIMIT 1   [ RunTime:0.000000s ]
SQL: SELECT `curprice` FROM `tea_goods` WHERE ( goodsid = 2 ) LIMIT 1   [ RunTime:0.000000s ]
INFO: [ app_end ] --START--
INFO: Run Behavior\ShowPageTrace [ RunTime:0.000000s ]
INFO: [ app_end ] --END-- [ RunTime:0.000000s ]

